<?xml version="1.0" encoding="UTF-8"?>
<testsuite xmlns:xsi="http://www.w3.org/2001/XMLSchema-instance" xsi:noNamespaceSchemaLocation="https://maven.apache.org/surefire/maven-surefire-plugin/xsd/surefire-test-report-3.0.xsd" version="3.0" name="com.monefy.automation.fe.testRunner.TestRunner" time="62.237" tests="8" errors="0" skipped="0" failures="0">
  <properties>
    <property name="gopherProxySet" value="false"/>
    <property name="awt.toolkit" value="sun.lwawt.macosx.LWCToolkit"/>
    <property name="file.encoding.pkg" value="sun.io"/>
    <property name="java.specification.version" value="1.8"/>
    <property name="sun.cpu.isalist" value=""/>
    <property name="sun.jnu.encoding" value="UTF-8"/>
    <property name="java.class.path" value="/Users/kushwmeg/IdeaProjects/monefy-automation/target/test-classes:/Users/kushwmeg/IdeaProjects/monefy-automation/target/classes:/Users/kushwmeg/.m2/repository/net/serenity-bdd/serenity-cucumber6/2.3.4/serenity-cucumber6-2.3.4.jar:/Users/kushwmeg/.m2/repository/net/serenity-bdd/serenity-core/2.3.4/serenity-core-2.3.4.jar:/Users/kushwmeg/.m2/repository/net/serenity-bdd/serenity-report-resources/2.3.4/serenity-report-resources-2.3.4.jar:/Users/kushwmeg/.m2/repository/net/serenity-bdd/serenity-model/2.3.4/serenity-model-2.3.4.jar:/Users/kushwmeg/.m2/repository/commons-net/commons-net/3.6/commons-net-3.6.jar:/Users/kushwmeg/.m2/repository/org/apache/commons/commons-text/1.6/commons-text-1.6.jar:/Users/kushwmeg/.m2/repository/es/nitaur/markdown/txtmark/0.16/txtmark-0.16.jar:/Users/kushwmeg/.m2/repository/net/serenity-bdd/serenity-reports/2.3.4/serenity-reports-2.3.4.jar:/Users/kushwmeg/.m2/repository/net/serenity-bdd/serenity-stats/2.3.4/serenity-stats-2.3.4.jar:/Users/kushwmeg/.m2/repository/org/jetbrains/kotlin/kotlin-stdlib/1.3.31/kotlin-stdlib-1.3.31.jar:/Users/kushwmeg/.m2/repository/org/jetbrains/kotlin/kotlin-stdlib-common/1.3.31/kotlin-stdlib-common-1.3.31.jar:/Users/kushwmeg/.m2/repository/org/jetbrains/annotations/13.0/annotations-13.0.jar:/Users/kushwmeg/.m2/repository/org/seleniumhq/selenium/selenium-server/3.141.59/selenium-server-3.141.59.jar:/Users/kushwmeg/.m2/repository/org/seleniumhq/selenium/selenium-firefox-driver/3.141.59/selenium-firefox-driver-3.141.59.jar:/Users/kushwmeg/.m2/repository/org/seleniumhq/selenium/selenium-ie-driver/3.141.59/selenium-ie-driver-3.141.59.jar:/Users/kushwmeg/.m2/repository/com/beust/jcommander/1.72/jcommander-1.72.jar:/Users/kushwmeg/.m2/repository/org/apache/commons/commons-exec/1.3/commons-exec-1.3.jar:/Users/kushwmeg/.m2/repository/net/jcip/jcip-annotations/1.0/jcip-annotations-1.0.jar:/Users/kushwmeg/.m2/repository/org/seleniumhq/selenium/jetty-repacked/9.4.12.v20180830/jetty-repacked-9.4.12.v20180830.jar:/Users/kushwmeg/.m2/repository/com/squareup/okhttp3/okhttp/3.11.0/okhttp-3.11.0.jar:/Users/kushwmeg/.m2/repository/com/squareup/okio/okio/1.14.0/okio-1.14.0.jar:/Users/kushwmeg/.m2/repository/javax/servlet/javax.servlet-api/3.1.0/javax.servlet-api-3.1.0.jar:/Users/kushwmeg/.m2/repository/org/yaml/snakeyaml/1.19/snakeyaml-1.19.jar:/Users/kushwmeg/.m2/repository/org/seleniumhq/selenium/selenium-java/3.141.59/selenium-java-3.141.59.jar:/Users/kushwmeg/.m2/repository/org/seleniumhq/selenium/selenium-api/3.141.59/selenium-api-3.141.59.jar:/Users/kushwmeg/.m2/repository/org/seleniumhq/selenium/selenium-chrome-driver/3.141.59/selenium-chrome-driver-3.141.59.jar:/Users/kushwmeg/.m2/repository/org/seleniumhq/selenium/selenium-edge-driver/3.141.59/selenium-edge-driver-3.141.59.jar:/Users/kushwmeg/.m2/repository/org/seleniumhq/selenium/selenium-remote-driver/3.141.59/selenium-remote-driver-3.141.59.jar:/Users/kushwmeg/.m2/repository/org/seleniumhq/selenium/selenium-safari-driver/3.141.59/selenium-safari-driver-3.141.59.jar:/Users/kushwmeg/.m2/repository/org/seleniumhq/selenium/selenium-opera-driver/3.141.59/selenium-opera-driver-3.141.59.jar:/Users/kushwmeg/.m2/repository/org/seleniumhq/selenium/selenium-support/3.141.59/selenium-support-3.141.59.jar:/Users/kushwmeg/.m2/repository/com/paulhammant/ngwebdriver/1.1.5/ngwebdriver-1.1.5.jar:/Users/kushwmeg/.m2/repository/com/assertthat/selenium-shutterbug/0.9.3/selenium-shutterbug-0.9.3.jar:/Users/kushwmeg/.m2/repository/com/github/zafarkhaja/java-semver/0.9.0/java-semver-0.9.0.jar:/Users/kushwmeg/.m2/repository/com/codeborne/phantomjsdriver/1.4.4/phantomjsdriver-1.4.4.jar:/Users/kushwmeg/.m2/repository/org/seleniumhq/selenium/htmlunit-driver/2.37.0/htmlunit-driver-2.37.0.jar:/Users/kushwmeg/.m2/repository/io/appium/java-client/7.3.0/java-client-7.3.0.jar:/Users/kushwmeg/.m2/repository/commons-validator/commons-validator/1.6/commons-validator-1.6.jar:/Users/kushwmeg/.m2/repository/commons-beanutils/commons-beanutils/1.9.2/commons-beanutils-1.9.2.jar:/Users/kushwmeg/.m2/repository/commons-digester/commons-digester/1.8.1/commons-digester-1.8.1.jar:/Users/kushwmeg/.m2/repository/org/springframework/spring-context-support/5.1.2.RELEASE/spring-context-support-5.1.2.RELEASE.jar:/Users/kushwmeg/.m2/repository/org/springframework/spring-beans/5.1.2.RELEASE/spring-beans-5.1.2.RELEASE.jar:/Users/kushwmeg/.m2/repository/org/springframework/spring-context/5.1.2.RELEASE/spring-context-5.1.2.RELEASE.jar:/Users/kushwmeg/.m2/repository/org/springframework/spring-aop/5.1.2.RELEASE/spring-aop-5.1.2.RELEASE.jar:/Users/kushwmeg/.m2/repository/org/springframework/spring-expression/5.1.2.RELEASE/spring-expression-5.1.2.RELEASE.jar:/Users/kushwmeg/.m2/repository/org/springframework/spring-core/5.1.2.RELEASE/spring-core-5.1.2.RELEASE.jar:/Users/kushwmeg/.m2/repository/org/springframework/spring-jcl/5.1.2.RELEASE/spring-jcl-5.1.2.RELEASE.jar:/Users/kushwmeg/.m2/repository/net/sf/opencsv/opencsv/2.0/opencsv-2.0.jar:/Users/kushwmeg/.m2/repository/commons-beanutils/commons-beanutils-core/1.8.3/commons-beanutils-core-1.8.3.jar:/Users/kushwmeg/.m2/repository/joda-time/joda-time/2.7/joda-time-2.7.jar:/Users/kushwmeg/.m2/repository/com/thoughtworks/xstream/xstream/1.4.9/xstream-1.4.9.jar:/Users/kushwmeg/.m2/repository/xmlpull/xmlpull/1.1.3.1/xmlpull-1.1.3.1.jar:/Users/kushwmeg/.m2/repository/xpp3/xpp3_min/1.1.4c/xpp3_min-1.1.4c.jar:/Users/kushwmeg/.m2/repository/org/apache/commons/commons-lang3/3.8.1/commons-lang3-3.8.1.jar:/Users/kushwmeg/.m2/repository/commons-collections/commons-collections/3.2.2/commons-collections-3.2.2.jar:/Users/kushwmeg/.m2/repository/org/freemarker/freemarker/2.3.29/freemarker-2.3.29.jar:/Users/kushwmeg/.m2/repository/net/sourceforge/jexcelapi/jxl/2.6.12/jxl-2.6.12.jar:/Users/kushwmeg/.m2/repository/net/sourceforge/htmlunit/htmlunit/2.37.0/htmlunit-2.37.0.jar:/Users/kushwmeg/.m2/repository/net/sourceforge/htmlunit/htmlunit-core-js/2.37.0/htmlunit-core-js-2.37.0.jar:/Users/kushwmeg/.m2/repository/net/sourceforge/htmlunit/neko-htmlunit/2.37.0/neko-htmlunit-2.37.0.jar:/Users/kushwmeg/.m2/repository/xerces/xercesImpl/2.12.0/xercesImpl-2.12.0.jar:/Users/kushwmeg/.m2/repository/net/sourceforge/htmlunit/htmlunit-cssparser/1.5.0/htmlunit-cssparser-1.5.0.jar:/Users/kushwmeg/.m2/repository/org/brotli/dec/0.1.2/dec-0.1.2.jar:/Users/kushwmeg/.m2/repository/org/eclipse/jetty/websocket/websocket-client/9.4.26.v20200117/websocket-client-9.4.26.v20200117.jar:/Users/kushwmeg/.m2/repository/org/eclipse/jetty/jetty-client/9.4.26.v20200117/jetty-client-9.4.26.v20200117.jar:/Users/kushwmeg/.m2/repository/org/eclipse/jetty/jetty-http/9.4.26.v20200117/jetty-http-9.4.26.v20200117.jar:/Users/kushwmeg/.m2/repository/org/eclipse/jetty/jetty-xml/9.4.26.v20200117/jetty-xml-9.4.26.v20200117.jar:/Users/kushwmeg/.m2/repository/org/eclipse/jetty/jetty-util/9.4.26.v20200117/jetty-util-9.4.26.v20200117.jar:/Users/kushwmeg/.m2/repository/org/eclipse/jetty/jetty-io/9.4.26.v20200117/jetty-io-9.4.26.v20200117.jar:/Users/kushwmeg/.m2/repository/org/eclipse/jetty/websocket/websocket-common/9.4.26.v20200117/websocket-common-9.4.26.v20200117.jar:/Users/kushwmeg/.m2/repository/org/eclipse/jetty/websocket/websocket-api/9.4.26.v20200117/websocket-api-9.4.26.v20200117.jar:/Users/kushwmeg/.m2/repository/org/apache/httpcomponents/httpclient/4.5.5/httpclient-4.5.5.jar:/Users/kushwmeg/.m2/repository/org/apache/httpcomponents/httpcore/4.4.9/httpcore-4.4.9.jar:/Users/kushwmeg/.m2/repository/org/apache/httpcomponents/httpmime/4.5.5/httpmime-4.5.5.jar:/Users/kushwmeg/.m2/repository/org/fluentlenium/fluentlenium-core/0.10.2/fluentlenium-core-0.10.2.jar:/Users/kushwmeg/.m2/repository/com/jhlabs/filters/2.0.235/filters-2.0.235.jar:/Users/kushwmeg/.m2/repository/org/asciidoctor/asciidoctorj/1.5.6/asciidoctorj-1.5.6.jar:/Users/kushwmeg/.m2/repository/org/jruby/jruby-complete/1.7.26/jruby-complete-1.7.26.jar:/Users/kushwmeg/.m2/repository/org/imgscalr/imgscalr-lib/4.2/imgscalr-lib-4.2.jar:/Users/kushwmeg/.m2/repository/javax/el/javax.el-api/2.2.4/javax.el-api-2.2.4.jar:/Users/kushwmeg/.m2/repository/org/glassfish/web/javax.el/2.2.4/javax.el-2.2.4.jar:/Users/kushwmeg/.m2/repository/xalan/xalan/2.7.2/xalan-2.7.2.jar:/Users/kushwmeg/.m2/repository/xalan/serializer/2.7.2/serializer-2.7.2.jar:/Users/kushwmeg/.m2/repository/org/awaitility/awaitility/4.0.1/awaitility-4.0.1.jar:/Users/kushwmeg/.m2/repository/com/typesafe/config/1.3.1/config-1.3.1.jar:/Users/kushwmeg/.m2/repository/org/jsoup/jsoup/1.10.3/jsoup-1.10.3.jar:/Users/kushwmeg/.m2/repository/com/google/jimfs/jimfs/1.1/jimfs-1.1.jar:/Users/kushwmeg/.m2/repository/com/vladsch/flexmark/flexmark-all/0.34.30/flexmark-all-0.34.30.jar:/Users/kushwmeg/.m2/repository/com/vladsch/flexmark/flexmark/0.34.30/flexmark-0.34.30.jar:/Users/kushwmeg/.m2/repository/com/vladsch/flexmark/flexmark-ext-abbreviation/0.34.30/flexmark-ext-abbreviation-0.34.30.jar:/Users/kushwmeg/.m2/repository/com/vladsch/flexmark/flexmark-ext-admonition/0.34.30/flexmark-ext-admonition-0.34.30.jar:/Users/kushwmeg/.m2/repository/com/vladsch/flexmark/flexmark-ext-anchorlink/0.34.30/flexmark-ext-anchorlink-0.34.30.jar:/Users/kushwmeg/.m2/repository/com/vladsch/flexmark/flexmark-ext-aside/0.34.30/flexmark-ext-aside-0.34.30.jar:/Users/kushwmeg/.m2/repository/com/vladsch/flexmark/flexmark-ext-attributes/0.34.30/flexmark-ext-attributes-0.34.30.jar:/Users/kushwmeg/.m2/repository/com/vladsch/flexmark/flexmark-ext-autolink/0.34.30/flexmark-ext-autolink-0.34.30.jar:/Users/kushwmeg/.m2/repository/org/nibor/autolink/autolink/0.6.0/autolink-0.6.0.jar:/Users/kushwmeg/.m2/repository/com/vladsch/flexmark/flexmark-ext-definition/0.34.30/flexmark-ext-definition-0.34.30.jar:/Users/kushwmeg/.m2/repository/com/vladsch/flexmark/flexmark-ext-emoji/0.34.30/flexmark-ext-emoji-0.34.30.jar:/Users/kushwmeg/.m2/repository/com/vladsch/flexmark/flexmark-ext-enumerated-reference/0.34.30/flexmark-ext-enumerated-reference-0.34.30.jar:/Users/kushwmeg/.m2/repository/com/vladsch/flexmark/flexmark-ext-escaped-character/0.34.30/flexmark-ext-escaped-character-0.34.30.jar:/Users/kushwmeg/.m2/repository/com/vladsch/flexmark/flexmark-ext-footnotes/0.34.30/flexmark-ext-footnotes-0.34.30.jar:/Users/kushwmeg/.m2/repository/com/vladsch/flexmark/flexmark-ext-gfm-issues/0.34.30/flexmark-ext-gfm-issues-0.34.30.jar:/Users/kushwmeg/.m2/repository/com/vladsch/flexmark/flexmark-ext-gfm-strikethrough/0.34.30/flexmark-ext-gfm-strikethrough-0.34.30.jar:/Users/kushwmeg/.m2/repository/com/vladsch/flexmark/flexmark-ext-gfm-tables/0.34.30/flexmark-ext-gfm-tables-0.34.30.jar:/Users/kushwmeg/.m2/repository/com/vladsch/flexmark/flexmark-ext-gfm-tasklist/0.34.30/flexmark-ext-gfm-tasklist-0.34.30.jar:/Users/kushwmeg/.m2/repository/com/vladsch/flexmark/flexmark-ext-gfm-users/0.34.30/flexmark-ext-gfm-users-0.34.30.jar:/Users/kushwmeg/.m2/repository/com/vladsch/flexmark/flexmark-ext-gitlab/0.34.30/flexmark-ext-gitlab-0.34.30.jar:/Users/kushwmeg/.m2/repository/com/vladsch/flexmark/flexmark-ext-jekyll-front-matter/0.34.30/flexmark-ext-jekyll-front-matter-0.34.30.jar:/Users/kushwmeg/.m2/repository/com/vladsch/flexmark/flexmark-ext-jekyll-tag/0.34.30/flexmark-ext-jekyll-tag-0.34.30.jar:/Users/kushwmeg/.m2/repository/com/vladsch/flexmark/flexmark-ext-media-tags/0.34.30/flexmark-ext-media-tags-0.34.30.jar:/Users/kushwmeg/.m2/repository/com/vladsch/flexmark/flexmark-test-util/0.34.30/flexmark-test-util-0.34.30.jar:/Users/kushwmeg/.m2/repository/com/vladsch/flexmark/flexmark-ext-ins/0.34.30/flexmark-ext-ins-0.34.30.jar:/Users/kushwmeg/.m2/repository/com/vladsch/flexmark/flexmark-ext-xwiki-macros/0.34.30/flexmark-ext-xwiki-macros-0.34.30.jar:/Users/kushwmeg/.m2/repository/com/vladsch/flexmark/flexmark-ext-superscript/0.34.30/flexmark-ext-superscript-0.34.30.jar:/Users/kushwmeg/.m2/repository/com/vladsch/flexmark/flexmark-ext-tables/0.34.30/flexmark-ext-tables-0.34.30.jar:/Users/kushwmeg/.m2/repository/com/vladsch/flexmark/flexmark-ext-toc/0.34.30/flexmark-ext-toc-0.34.30.jar:/Users/kushwmeg/.m2/repository/com/vladsch/flexmark/flexmark-ext-typographic/0.34.30/flexmark-ext-typographic-0.34.30.jar:/Users/kushwmeg/.m2/repository/com/vladsch/flexmark/flexmark-ext-wikilink/0.34.30/flexmark-ext-wikilink-0.34.30.jar:/Users/kushwmeg/.m2/repository/com/vladsch/flexmark/flexmark-ext-yaml-front-matter/0.34.30/flexmark-ext-yaml-front-matter-0.34.30.jar:/Users/kushwmeg/.m2/repository/com/vladsch/flexmark/flexmark-ext-youtube-embedded/0.34.30/flexmark-ext-youtube-embedded-0.34.30.jar:/Users/kushwmeg/.m2/repository/com/vladsch/flexmark/flexmark-formatter/0.34.30/flexmark-formatter-0.34.30.jar:/Users/kushwmeg/.m2/repository/com/vladsch/flexmark/flexmark-html-parser/0.34.30/flexmark-html-parser-0.34.30.jar:/Users/kushwmeg/.m2/repository/com/vladsch/flexmark/flexmark-jira-converter/0.34.30/flexmark-jira-converter-0.34.30.jar:/Users/kushwmeg/.m2/repository/com/vladsch/flexmark/flexmark-pdf-converter/0.34.30/flexmark-pdf-converter-0.34.30.jar:/Users/kushwmeg/.m2/repository/com/openhtmltopdf/openhtmltopdf-core/0.0.1-RC13/openhtmltopdf-core-0.0.1-RC13.jar:/Users/kushwmeg/.m2/repository/com/openhtmltopdf/openhtmltopdf-pdfbox/0.0.1-RC13/openhtmltopdf-pdfbox-0.0.1-RC13.jar:/Users/kushwmeg/.m2/repository/org/apache/pdfbox/pdfbox/2.0.8/pdfbox-2.0.8.jar:/Users/kushwmeg/.m2/repository/org/apache/pdfbox/fontbox/2.0.8/fontbox-2.0.8.jar:/Users/kushwmeg/.m2/repository/org/apache/pdfbox/xmpbox/2.0.8/xmpbox-2.0.8.jar:/Users/kushwmeg/.m2/repository/de/rototor/pdfbox/graphics2d/0.12/graphics2d-0.12.jar:/Users/kushwmeg/.m2/repository/com/openhtmltopdf/openhtmltopdf-rtl-support/0.0.1-RC13/openhtmltopdf-rtl-support-0.0.1-RC13.jar:/Users/kushwmeg/.m2/repository/com/ibm/icu/icu4j/59.1/icu4j-59.1.jar:/Users/kushwmeg/.m2/repository/com/openhtmltopdf/openhtmltopdf-jsoup-dom-converter/0.0.1-RC13/openhtmltopdf-jsoup-dom-converter-0.0.1-RC13.jar:/Users/kushwmeg/.m2/repository/com/vladsch/flexmark/flexmark-profile-pegdown/0.34.30/flexmark-profile-pegdown-0.34.30.jar:/Users/kushwmeg/.m2/repository/com/vladsch/flexmark/flexmark-util/0.34.30/flexmark-util-0.34.30.jar:/Users/kushwmeg/.m2/repository/com/vladsch/flexmark/flexmark-youtrack-converter/0.34.30/flexmark-youtrack-converter-0.34.30.jar:/Users/kushwmeg/.m2/repository/io/github/bonigarcia/webdrivermanager/4.1.0/webdrivermanager-4.1.0.jar:/Users/kushwmeg/.m2/repository/org/apache/httpcomponents/client5/httpclient5/5.0.1/httpclient5-5.0.1.jar:/Users/kushwmeg/.m2/repository/org/apache/httpcomponents/core5/httpcore5/5.0.1/httpcore5-5.0.1.jar:/Users/kushwmeg/.m2/repository/org/apache/httpcomponents/core5/httpcore5-h2/5.0.1/httpcore5-h2-5.0.1.jar:/Users/kushwmeg/.m2/repository/org/rauschig/jarchivelib/1.0.0/jarchivelib-1.0.0.jar:/Users/kushwmeg/.m2/repository/net/serenity-bdd/serenity-screenplay/2.3.4/serenity-screenplay-2.3.4.jar:/Users/kushwmeg/.m2/repository/net/serenity-bdd/serenity-screenplay-webdriver/2.3.4/serenity-screenplay-webdriver-2.3.4.jar:/Users/kushwmeg/.m2/repository/io/cucumber/cucumber-junit/6.6.0/cucumber-junit-6.6.0.jar:/Users/kushwmeg/.m2/repository/io/cucumber/datatable-matchers/3.4.0/datatable-matchers-3.4.0.jar:/Users/kushwmeg/.m2/repository/io/cucumber/datatable/3.4.0/datatable-3.4.0.jar:/Users/kushwmeg/.m2/repository/org/hamcrest/hamcrest/2.2/hamcrest-2.2.jar:/Users/kushwmeg/.m2/repository/commons-logging/commons-logging/1.2/commons-logging-1.2.jar:/Users/kushwmeg/.m2/repository/org/apache/commons/commons-csv/1.5/commons-csv-1.5.jar:/Users/kushwmeg/.m2/repository/junit/junit/4.12/junit-4.12.jar:/Users/kushwmeg/.m2/repository/com/google/code/gson/gson/2.8.4/gson-2.8.4.jar:/Users/kushwmeg/.m2/repository/io/cucumber/cucumber-java/6.9.0/cucumber-java-6.9.0.jar:/Users/kushwmeg/.m2/repository/io/cucumber/cucumber-core/6.9.0/cucumber-core-6.9.0.jar:/Users/kushwmeg/.m2/repository/io/cucumber/cucumber-gherkin/6.9.0/cucumber-gherkin-6.9.0.jar:/Users/kushwmeg/.m2/repository/io/cucumber/cucumber-gherkin-messages/6.9.0/cucumber-gherkin-messages-6.9.0.jar:/Users/kushwmeg/.m2/repository/io/cucumber/messages/13.2.0/messages-13.2.0.jar:/Users/kushwmeg/.m2/repository/io/cucumber/tag-expressions/3.0.0/tag-expressions-3.0.0.jar:/Users/kushwmeg/.m2/repository/io/cucumber/cucumber-expressions/10.3.0/cucumber-expressions-10.3.0.jar:/Users/kushwmeg/.m2/repository/io/cucumber/cucumber-plugin/6.9.0/cucumber-plugin-6.9.0.jar:/Users/kushwmeg/.m2/repository/io/cucumber/docstring/6.9.0/docstring-6.9.0.jar:/Users/kushwmeg/.m2/repository/io/cucumber/html-formatter/9.0.0/html-formatter-9.0.0.jar:/Users/kushwmeg/.m2/repository/io/cucumber/create-meta/2.0.4/create-meta-2.0.4.jar:/Users/kushwmeg/.m2/repository/org/apiguardian/apiguardian-api/1.1.0/apiguardian-api-1.1.0.jar:/Users/kushwmeg/.m2/repository/com/adidas/te/serenity-reportportal-integration/1.5.5.2/serenity-reportportal-integration-1.5.5.2.jar:/Users/kushwmeg/.m2/repository/com/epam/reportportal/client-java/5.0.11/client-java-5.0.11.jar:/Users/kushwmeg/.m2/repository/org/aspectj/aspectjweaver/1.9.2/aspectjweaver-1.9.2.jar:/Users/kushwmeg/.m2/repository/org/aspectj/aspectjrt/1.9.2/aspectjrt-1.9.2.jar:/Users/kushwmeg/.m2/repository/com/fasterxml/jackson/core/jackson-databind/2.9.9/jackson-databind-2.9.9.jar:/Users/kushwmeg/.m2/repository/com/fasterxml/jackson/core/jackson-annotations/2.9.9/jackson-annotations-2.9.9.jar:/Users/kushwmeg/.m2/repository/io/reactivex/rxjava2/rxjava/2.2.10/rxjava-2.2.10.jar:/Users/kushwmeg/.m2/repository/org/reactivestreams/reactive-streams/1.0.2/reactive-streams-1.0.2.jar:/Users/kushwmeg/.m2/repository/org/apache/tika/tika-core/1.4/tika-core-1.4.jar:/Users/kushwmeg/.m2/repository/com/epam/reportportal/commons-model/5.3.0/commons-model-5.3.0.jar:/Users/kushwmeg/.m2/repository/io/swagger/swagger-annotations/1.6.0/swagger-annotations-1.6.0.jar:/Users/kushwmeg/.m2/repository/javax/validation/validation-api/2.0.1.Final/validation-api-2.0.1.Final.jar:/Users/kushwmeg/.m2/repository/net/serenity-bdd/serenity-rest-assured/2.1.13/serenity-rest-assured-2.1.13.jar:/Users/kushwmeg/.m2/repository/net/bytebuddy/byte-buddy/1.10.1/byte-buddy-1.10.1.jar:/Users/kushwmeg/.m2/repository/net/bytebuddy/byte-buddy-agent/1.10.1/byte-buddy-agent-1.10.1.jar:/Users/kushwmeg/.m2/repository/com/google/guava/guava/25.0-jre/guava-25.0-jre.jar:/Users/kushwmeg/.m2/repository/com/google/code/findbugs/jsr305/1.3.9/jsr305-1.3.9.jar:/Users/kushwmeg/.m2/repository/org/checkerframework/checker-compat-qual/2.0.0/checker-compat-qual-2.0.0.jar:/Users/kushwmeg/.m2/repository/com/google/errorprone/error_prone_annotations/2.1.3/error_prone_annotations-2.1.3.jar:/Users/kushwmeg/.m2/repository/com/google/j2objc/j2objc-annotations/1.1/j2objc-annotations-1.1.jar:/Users/kushwmeg/.m2/repository/org/codehaus/mojo/animal-sniffer-annotations/1.14/animal-sniffer-annotations-1.14.jar:/Users/kushwmeg/.m2/repository/com/google/inject/guice/4.2.2/guice-4.2.2.jar:/Users/kushwmeg/.m2/repository/javax/inject/javax.inject/1/javax.inject-1.jar:/Users/kushwmeg/.m2/repository/aopalliance/aopalliance/1.0/aopalliance-1.0.jar:/Users/kushwmeg/.m2/repository/org/ow2/asm/asm/7.2/asm-7.2.jar:/Users/kushwmeg/.m2/repository/commons-codec/commons-codec/1.10/commons-codec-1.10.jar:/Users/kushwmeg/.m2/repository/org/objenesis/objenesis/3.0.1/objenesis-3.0.1.jar:/Users/kushwmeg/.m2/repository/org/slf4j/slf4j-api/1.7.26/slf4j-api-1.7.26.jar:/Users/kushwmeg/.m2/repository/xml-apis/xml-apis/1.4.01/xml-apis-1.4.01.jar:/Users/kushwmeg/.m2/repository/io/vavr/vavr/0.9.0/vavr-0.9.0.jar:/Users/kushwmeg/.m2/repository/io/vavr/vavr-match/0.9.0/vavr-match-0.9.0.jar:/Users/kushwmeg/.m2/repository/javax/xml/bind/jaxb-api/2.2.12/jaxb-api-2.2.12.jar:/Users/kushwmeg/.m2/repository/com/sun/xml/bind/jaxb-core/2.3.0.1/jaxb-core-2.3.0.1.jar:/Users/kushwmeg/.m2/repository/com/sun/xml/bind/jaxb-impl/2.3.0.1/jaxb-impl-2.3.0.1.jar:/Users/kushwmeg/.m2/repository/javax/activation/activation/1.1.1/activation-1.1.1.jar:/Users/kushwmeg/.m2/repository/org/mockito/mockito-core/3.1.0/mockito-core-3.1.0.jar:/Users/kushwmeg/.m2/repository/io/rest-assured/rest-assured/3.3.0/rest-assured-3.3.0.jar:/Users/kushwmeg/.m2/repository/org/ccil/cowan/tagsoup/tagsoup/1.2.1/tagsoup-1.2.1.jar:/Users/kushwmeg/.m2/repository/io/rest-assured/json-path/3.3.0/json-path-3.3.0.jar:/Users/kushwmeg/.m2/repository/io/rest-assured/rest-assured-common/3.3.0/rest-assured-common-3.3.0.jar:/Users/kushwmeg/.m2/repository/io/rest-assured/xml-path/3.3.0/xml-path-3.3.0.jar:/Users/kushwmeg/.m2/repository/com/sun/xml/bind/jaxb-osgi/2.2.10/jaxb-osgi-2.2.10.jar:/Users/kushwmeg/.m2/repository/org/apache/sling/org.apache.sling.javax.activation/0.1.0/org.apache.sling.javax.activation-0.1.0.jar:/Users/kushwmeg/.m2/repository/org/codehaus/groovy/groovy/2.5.5/groovy-2.5.5.jar:/Users/kushwmeg/.m2/repository/org/codehaus/groovy/groovy-xml/2.5.5/groovy-xml-2.5.5.jar:/Users/kushwmeg/.m2/repository/org/codehaus/groovy/groovy-json/2.5.5/groovy-json-2.5.5.jar:/Users/kushwmeg/.m2/repository/org/hamcrest/hamcrest-library/2.2/hamcrest-library-2.2.jar:/Users/kushwmeg/.m2/repository/org/hamcrest/hamcrest-core/2.2/hamcrest-core-2.2.jar:/Users/kushwmeg/.m2/repository/org/projectlombok/lombok/1.18.12/lombok-1.18.12.jar:/Users/kushwmeg/.m2/repository/org/reflections/reflections/0.9.12/reflections-0.9.12.jar:/Users/kushwmeg/.m2/repository/org/javassist/javassist/3.26.0-GA/javassist-3.26.0-GA.jar:/Users/kushwmeg/.m2/repository/org/slf4j/slf4j-simple/1.7.21/slf4j-simple-1.7.21.jar:/Users/kushwmeg/.m2/repository/commons-io/commons-io/2.8.0/commons-io-2.8.0.jar:/Users/kushwmeg/.m2/repository/org/json/json/20201115/json-20201115.jar:/Users/kushwmeg/.m2/repository/org/apache/kafka/kafka-clients/2.2.1/kafka-clients-2.2.1.jar:/Users/kushwmeg/.m2/repository/com/github/luben/zstd-jni/1.3.8-1/zstd-jni-1.3.8-1.jar:/Users/kushwmeg/.m2/repository/org/lz4/lz4-java/1.5.0/lz4-java-1.5.0.jar:/Users/kushwmeg/.m2/repository/org/xerial/snappy/snappy-java/1.1.7.2/snappy-java-1.1.7.2.jar:/Users/kushwmeg/.m2/repository/io/confluent/kafka-avro-serializer/5.5.0/kafka-avro-serializer-5.5.0.jar:/Users/kushwmeg/.m2/repository/org/apache/avro/avro/1.9.2/avro-1.9.2.jar:/Users/kushwmeg/.m2/repository/com/fasterxml/jackson/core/jackson-core/2.10.2/jackson-core-2.10.2.jar:/Users/kushwmeg/.m2/repository/org/apache/commons/commons-compress/1.19/commons-compress-1.19.jar:/Users/kushwmeg/.m2/repository/io/confluent/kafka-schema-serializer/5.5.0/kafka-schema-serializer-5.5.0.jar:/Users/kushwmeg/.m2/repository/io/confluent/kafka-schema-registry-client/5.5.0/kafka-schema-registry-client-5.5.0.jar:/Users/kushwmeg/.m2/repository/org/glassfish/jersey/ext/jersey-bean-validation/2.30/jersey-bean-validation-2.30.jar:/Users/kushwmeg/.m2/repository/org/glassfish/hk2/external/jakarta.inject/2.6.1/jakarta.inject-2.6.1.jar:/Users/kushwmeg/.m2/repository/org/glassfish/jersey/core/jersey-common/2.30/jersey-common-2.30.jar:/Users/kushwmeg/.m2/repository/jakarta/annotation/jakarta.annotation-api/1.3.5/jakarta.annotation-api-1.3.5.jar:/Users/kushwmeg/.m2/repository/org/glassfish/hk2/osgi-resource-locator/1.0.3/osgi-resource-locator-1.0.3.jar:/Users/kushwmeg/.m2/repository/org/glassfish/jersey/core/jersey-server/2.30/jersey-server-2.30.jar:/Users/kushwmeg/.m2/repository/org/glassfish/jersey/core/jersey-client/2.30/jersey-client-2.30.jar:/Users/kushwmeg/.m2/repository/org/glassfish/jersey/media/jersey-media-jaxb/2.30/jersey-media-jaxb-2.30.jar:/Users/kushwmeg/.m2/repository/jakarta/validation/jakarta.validation-api/2.0.2/jakarta.validation-api-2.0.2.jar:/Users/kushwmeg/.m2/repository/org/hibernate/validator/hibernate-validator/6.0.17.Final/hibernate-validator-6.0.17.Final.jar:/Users/kushwmeg/.m2/repository/org/jboss/logging/jboss-logging/3.3.2.Final/jboss-logging-3.3.2.Final.jar:/Users/kushwmeg/.m2/repository/com/fasterxml/classmate/1.3.4/classmate-1.3.4.jar:/Users/kushwmeg/.m2/repository/jakarta/el/jakarta.el-api/3.0.3/jakarta.el-api-3.0.3.jar:/Users/kushwmeg/.m2/repository/org/glassfish/jakarta.el/3.0.2/jakarta.el-3.0.2.jar:/Users/kushwmeg/.m2/repository/jakarta/ws/rs/jakarta.ws.rs-api/2.1.6/jakarta.ws.rs-api-2.1.6.jar:/Users/kushwmeg/.m2/repository/io/swagger/swagger-core/1.5.3/swagger-core-1.5.3.jar:/Users/kushwmeg/.m2/repository/com/fasterxml/jackson/datatype/jackson-datatype-joda/2.4.5/jackson-datatype-joda-2.4.5.jar:/Users/kushwmeg/.m2/repository/com/fasterxml/jackson/dataformat/jackson-dataformat-yaml/2.4.5/jackson-dataformat-yaml-2.4.5.jar:/Users/kushwmeg/.m2/repository/io/swagger/swagger-models/1.5.3/swagger-models-1.5.3.jar:/Users/kushwmeg/.m2/repository/io/confluent/common-config/5.5.0/common-config-5.5.0.jar:/Users/kushwmeg/.m2/repository/io/confluent/common-utils/5.5.0/common-utils-5.5.0.jar:/Users/kushwmeg/.m2/repository/org/apache/kafka/kafka_2.9.2/0.8.2.2/kafka_2.9.2-0.8.2.2.jar:/Users/kushwmeg/.m2/repository/org/scala-lang/scala-library/2.9.2/scala-library-2.9.2.jar:/Users/kushwmeg/.m2/repository/com/yammer/metrics/metrics-core/2.2.0/metrics-core-2.2.0.jar:/Users/kushwmeg/.m2/repository/org/apache/zookeeper/zookeeper/3.4.6/zookeeper-3.4.6.jar:/Users/kushwmeg/.m2/repository/org/slf4j/slf4j-log4j12/1.6.1/slf4j-log4j12-1.6.1.jar:/Users/kushwmeg/.m2/repository/log4j/log4j/1.2.16/log4j-1.2.16.jar:/Users/kushwmeg/.m2/repository/jline/jline/0.9.94/jline-0.9.94.jar:/Users/kushwmeg/.m2/repository/io/netty/netty/3.7.0.Final/netty-3.7.0.Final.jar:/Users/kushwmeg/.m2/repository/net/sf/jopt-simple/jopt-simple/3.2/jopt-simple-3.2.jar:/Users/kushwmeg/.m2/repository/com/101tec/zkclient/0.3/zkclient-0.3.jar:"/>
    <property name="java.vm.vendor" value="Oracle Corporation"/>
    <property name="sun.arch.data.model" value="64"/>
    <property name="java.vendor.url" value="http://java.oracle.com/"/>
    <property name="user.timezone" value=""/>
    <property name="java.vm.specification.version" value="1.8"/>
    <property name="os.name" value="Mac OS X"/>
    <property name="user.country" value="IN"/>
    <property name="sun.java.launcher" value="SUN_STANDARD"/>
    <property name="sun.boot.library.path" value="/Library/Java/JavaVirtualMachines/jdk1.8.0_281.jdk/Contents/Home/jre/lib"/>
    <property name="sun.java.command" value="/Users/kushwmeg/IdeaProjects/monefy-automation/target/surefire/surefirebooter5451928359867360816.jar /Users/kushwmeg/IdeaProjects/monefy-automation/target/surefire 2021-11-29T22-36-46_956-jvmRun1 surefire6779843607406580517tmp surefire_03431006123805089999tmp"/>
    <property name="surefire.test.class.path" value="/Users/kushwmeg/IdeaProjects/monefy-automation/target/test-classes:/Users/kushwmeg/IdeaProjects/monefy-automation/target/classes:/Users/kushwmeg/.m2/repository/net/serenity-bdd/serenity-cucumber6/2.3.4/serenity-cucumber6-2.3.4.jar:/Users/kushwmeg/.m2/repository/net/serenity-bdd/serenity-core/2.3.4/serenity-core-2.3.4.jar:/Users/kushwmeg/.m2/repository/net/serenity-bdd/serenity-report-resources/2.3.4/serenity-report-resources-2.3.4.jar:/Users/kushwmeg/.m2/repository/net/serenity-bdd/serenity-model/2.3.4/serenity-model-2.3.4.jar:/Users/kushwmeg/.m2/repository/commons-net/commons-net/3.6/commons-net-3.6.jar:/Users/kushwmeg/.m2/repository/org/apache/commons/commons-text/1.6/commons-text-1.6.jar:/Users/kushwmeg/.m2/repository/es/nitaur/markdown/txtmark/0.16/txtmark-0.16.jar:/Users/kushwmeg/.m2/repository/net/serenity-bdd/serenity-reports/2.3.4/serenity-reports-2.3.4.jar:/Users/kushwmeg/.m2/repository/net/serenity-bdd/serenity-stats/2.3.4/serenity-stats-2.3.4.jar:/Users/kushwmeg/.m2/repository/org/jetbrains/kotlin/kotlin-stdlib/1.3.31/kotlin-stdlib-1.3.31.jar:/Users/kushwmeg/.m2/repository/org/jetbrains/kotlin/kotlin-stdlib-common/1.3.31/kotlin-stdlib-common-1.3.31.jar:/Users/kushwmeg/.m2/repository/org/jetbrains/annotations/13.0/annotations-13.0.jar:/Users/kushwmeg/.m2/repository/org/seleniumhq/selenium/selenium-server/3.141.59/selenium-server-3.141.59.jar:/Users/kushwmeg/.m2/repository/org/seleniumhq/selenium/selenium-firefox-driver/3.141.59/selenium-firefox-driver-3.141.59.jar:/Users/kushwmeg/.m2/repository/org/seleniumhq/selenium/selenium-ie-driver/3.141.59/selenium-ie-driver-3.141.59.jar:/Users/kushwmeg/.m2/repository/com/beust/jcommander/1.72/jcommander-1.72.jar:/Users/kushwmeg/.m2/repository/org/apache/commons/commons-exec/1.3/commons-exec-1.3.jar:/Users/kushwmeg/.m2/repository/net/jcip/jcip-annotations/1.0/jcip-annotations-1.0.jar:/Users/kushwmeg/.m2/repository/org/seleniumhq/selenium/jetty-repacked/9.4.12.v20180830/jetty-repacked-9.4.12.v20180830.jar:/Users/kushwmeg/.m2/repository/com/squareup/okhttp3/okhttp/3.11.0/okhttp-3.11.0.jar:/Users/kushwmeg/.m2/repository/com/squareup/okio/okio/1.14.0/okio-1.14.0.jar:/Users/kushwmeg/.m2/repository/javax/servlet/javax.servlet-api/3.1.0/javax.servlet-api-3.1.0.jar:/Users/kushwmeg/.m2/repository/org/yaml/snakeyaml/1.19/snakeyaml-1.19.jar:/Users/kushwmeg/.m2/repository/org/seleniumhq/selenium/selenium-java/3.141.59/selenium-java-3.141.59.jar:/Users/kushwmeg/.m2/repository/org/seleniumhq/selenium/selenium-api/3.141.59/selenium-api-3.141.59.jar:/Users/kushwmeg/.m2/repository/org/seleniumhq/selenium/selenium-chrome-driver/3.141.59/selenium-chrome-driver-3.141.59.jar:/Users/kushwmeg/.m2/repository/org/seleniumhq/selenium/selenium-edge-driver/3.141.59/selenium-edge-driver-3.141.59.jar:/Users/kushwmeg/.m2/repository/org/seleniumhq/selenium/selenium-remote-driver/3.141.59/selenium-remote-driver-3.141.59.jar:/Users/kushwmeg/.m2/repository/org/seleniumhq/selenium/selenium-safari-driver/3.141.59/selenium-safari-driver-3.141.59.jar:/Users/kushwmeg/.m2/repository/org/seleniumhq/selenium/selenium-opera-driver/3.141.59/selenium-opera-driver-3.141.59.jar:/Users/kushwmeg/.m2/repository/org/seleniumhq/selenium/selenium-support/3.141.59/selenium-support-3.141.59.jar:/Users/kushwmeg/.m2/repository/com/paulhammant/ngwebdriver/1.1.5/ngwebdriver-1.1.5.jar:/Users/kushwmeg/.m2/repository/com/assertthat/selenium-shutterbug/0.9.3/selenium-shutterbug-0.9.3.jar:/Users/kushwmeg/.m2/repository/com/github/zafarkhaja/java-semver/0.9.0/java-semver-0.9.0.jar:/Users/kushwmeg/.m2/repository/com/codeborne/phantomjsdriver/1.4.4/phantomjsdriver-1.4.4.jar:/Users/kushwmeg/.m2/repository/org/seleniumhq/selenium/htmlunit-driver/2.37.0/htmlunit-driver-2.37.0.jar:/Users/kushwmeg/.m2/repository/io/appium/java-client/7.3.0/java-client-7.3.0.jar:/Users/kushwmeg/.m2/repository/commons-validator/commons-validator/1.6/commons-validator-1.6.jar:/Users/kushwmeg/.m2/repository/commons-beanutils/commons-beanutils/1.9.2/commons-beanutils-1.9.2.jar:/Users/kushwmeg/.m2/repository/commons-digester/commons-digester/1.8.1/commons-digester-1.8.1.jar:/Users/kushwmeg/.m2/repository/org/springframework/spring-context-support/5.1.2.RELEASE/spring-context-support-5.1.2.RELEASE.jar:/Users/kushwmeg/.m2/repository/org/springframework/spring-beans/5.1.2.RELEASE/spring-beans-5.1.2.RELEASE.jar:/Users/kushwmeg/.m2/repository/org/springframework/spring-context/5.1.2.RELEASE/spring-context-5.1.2.RELEASE.jar:/Users/kushwmeg/.m2/repository/org/springframework/spring-aop/5.1.2.RELEASE/spring-aop-5.1.2.RELEASE.jar:/Users/kushwmeg/.m2/repository/org/springframework/spring-expression/5.1.2.RELEASE/spring-expression-5.1.2.RELEASE.jar:/Users/kushwmeg/.m2/repository/org/springframework/spring-core/5.1.2.RELEASE/spring-core-5.1.2.RELEASE.jar:/Users/kushwmeg/.m2/repository/org/springframework/spring-jcl/5.1.2.RELEASE/spring-jcl-5.1.2.RELEASE.jar:/Users/kushwmeg/.m2/repository/net/sf/opencsv/opencsv/2.0/opencsv-2.0.jar:/Users/kushwmeg/.m2/repository/commons-beanutils/commons-beanutils-core/1.8.3/commons-beanutils-core-1.8.3.jar:/Users/kushwmeg/.m2/repository/joda-time/joda-time/2.7/joda-time-2.7.jar:/Users/kushwmeg/.m2/repository/com/thoughtworks/xstream/xstream/1.4.9/xstream-1.4.9.jar:/Users/kushwmeg/.m2/repository/xmlpull/xmlpull/1.1.3.1/xmlpull-1.1.3.1.jar:/Users/kushwmeg/.m2/repository/xpp3/xpp3_min/1.1.4c/xpp3_min-1.1.4c.jar:/Users/kushwmeg/.m2/repository/org/apache/commons/commons-lang3/3.8.1/commons-lang3-3.8.1.jar:/Users/kushwmeg/.m2/repository/commons-collections/commons-collections/3.2.2/commons-collections-3.2.2.jar:/Users/kushwmeg/.m2/repository/org/freemarker/freemarker/2.3.29/freemarker-2.3.29.jar:/Users/kushwmeg/.m2/repository/net/sourceforge/jexcelapi/jxl/2.6.12/jxl-2.6.12.jar:/Users/kushwmeg/.m2/repository/net/sourceforge/htmlunit/htmlunit/2.37.0/htmlunit-2.37.0.jar:/Users/kushwmeg/.m2/repository/net/sourceforge/htmlunit/htmlunit-core-js/2.37.0/htmlunit-core-js-2.37.0.jar:/Users/kushwmeg/.m2/repository/net/sourceforge/htmlunit/neko-htmlunit/2.37.0/neko-htmlunit-2.37.0.jar:/Users/kushwmeg/.m2/repository/xerces/xercesImpl/2.12.0/xercesImpl-2.12.0.jar:/Users/kushwmeg/.m2/repository/net/sourceforge/htmlunit/htmlunit-cssparser/1.5.0/htmlunit-cssparser-1.5.0.jar:/Users/kushwmeg/.m2/repository/org/brotli/dec/0.1.2/dec-0.1.2.jar:/Users/kushwmeg/.m2/repository/org/eclipse/jetty/websocket/websocket-client/9.4.26.v20200117/websocket-client-9.4.26.v20200117.jar:/Users/kushwmeg/.m2/repository/org/eclipse/jetty/jetty-client/9.4.26.v20200117/jetty-client-9.4.26.v20200117.jar:/Users/kushwmeg/.m2/repository/org/eclipse/jetty/jetty-http/9.4.26.v20200117/jetty-http-9.4.26.v20200117.jar:/Users/kushwmeg/.m2/repository/org/eclipse/jetty/jetty-xml/9.4.26.v20200117/jetty-xml-9.4.26.v20200117.jar:/Users/kushwmeg/.m2/repository/org/eclipse/jetty/jetty-util/9.4.26.v20200117/jetty-util-9.4.26.v20200117.jar:/Users/kushwmeg/.m2/repository/org/eclipse/jetty/jetty-io/9.4.26.v20200117/jetty-io-9.4.26.v20200117.jar:/Users/kushwmeg/.m2/repository/org/eclipse/jetty/websocket/websocket-common/9.4.26.v20200117/websocket-common-9.4.26.v20200117.jar:/Users/kushwmeg/.m2/repository/org/eclipse/jetty/websocket/websocket-api/9.4.26.v20200117/websocket-api-9.4.26.v20200117.jar:/Users/kushwmeg/.m2/repository/org/apache/httpcomponents/httpclient/4.5.5/httpclient-4.5.5.jar:/Users/kushwmeg/.m2/repository/org/apache/httpcomponents/httpcore/4.4.9/httpcore-4.4.9.jar:/Users/kushwmeg/.m2/repository/org/apache/httpcomponents/httpmime/4.5.5/httpmime-4.5.5.jar:/Users/kushwmeg/.m2/repository/org/fluentlenium/fluentlenium-core/0.10.2/fluentlenium-core-0.10.2.jar:/Users/kushwmeg/.m2/repository/com/jhlabs/filters/2.0.235/filters-2.0.235.jar:/Users/kushwmeg/.m2/repository/org/asciidoctor/asciidoctorj/1.5.6/asciidoctorj-1.5.6.jar:/Users/kushwmeg/.m2/repository/org/jruby/jruby-complete/1.7.26/jruby-complete-1.7.26.jar:/Users/kushwmeg/.m2/repository/org/imgscalr/imgscalr-lib/4.2/imgscalr-lib-4.2.jar:/Users/kushwmeg/.m2/repository/javax/el/javax.el-api/2.2.4/javax.el-api-2.2.4.jar:/Users/kushwmeg/.m2/repository/org/glassfish/web/javax.el/2.2.4/javax.el-2.2.4.jar:/Users/kushwmeg/.m2/repository/xalan/xalan/2.7.2/xalan-2.7.2.jar:/Users/kushwmeg/.m2/repository/xalan/serializer/2.7.2/serializer-2.7.2.jar:/Users/kushwmeg/.m2/repository/org/awaitility/awaitility/4.0.1/awaitility-4.0.1.jar:/Users/kushwmeg/.m2/repository/com/typesafe/config/1.3.1/config-1.3.1.jar:/Users/kushwmeg/.m2/repository/org/jsoup/jsoup/1.10.3/jsoup-1.10.3.jar:/Users/kushwmeg/.m2/repository/com/google/jimfs/jimfs/1.1/jimfs-1.1.jar:/Users/kushwmeg/.m2/repository/com/vladsch/flexmark/flexmark-all/0.34.30/flexmark-all-0.34.30.jar:/Users/kushwmeg/.m2/repository/com/vladsch/flexmark/flexmark/0.34.30/flexmark-0.34.30.jar:/Users/kushwmeg/.m2/repository/com/vladsch/flexmark/flexmark-ext-abbreviation/0.34.30/flexmark-ext-abbreviation-0.34.30.jar:/Users/kushwmeg/.m2/repository/com/vladsch/flexmark/flexmark-ext-admonition/0.34.30/flexmark-ext-admonition-0.34.30.jar:/Users/kushwmeg/.m2/repository/com/vladsch/flexmark/flexmark-ext-anchorlink/0.34.30/flexmark-ext-anchorlink-0.34.30.jar:/Users/kushwmeg/.m2/repository/com/vladsch/flexmark/flexmark-ext-aside/0.34.30/flexmark-ext-aside-0.34.30.jar:/Users/kushwmeg/.m2/repository/com/vladsch/flexmark/flexmark-ext-attributes/0.34.30/flexmark-ext-attributes-0.34.30.jar:/Users/kushwmeg/.m2/repository/com/vladsch/flexmark/flexmark-ext-autolink/0.34.30/flexmark-ext-autolink-0.34.30.jar:/Users/kushwmeg/.m2/repository/org/nibor/autolink/autolink/0.6.0/autolink-0.6.0.jar:/Users/kushwmeg/.m2/repository/com/vladsch/flexmark/flexmark-ext-definition/0.34.30/flexmark-ext-definition-0.34.30.jar:/Users/kushwmeg/.m2/repository/com/vladsch/flexmark/flexmark-ext-emoji/0.34.30/flexmark-ext-emoji-0.34.30.jar:/Users/kushwmeg/.m2/repository/com/vladsch/flexmark/flexmark-ext-enumerated-reference/0.34.30/flexmark-ext-enumerated-reference-0.34.30.jar:/Users/kushwmeg/.m2/repository/com/vladsch/flexmark/flexmark-ext-escaped-character/0.34.30/flexmark-ext-escaped-character-0.34.30.jar:/Users/kushwmeg/.m2/repository/com/vladsch/flexmark/flexmark-ext-footnotes/0.34.30/flexmark-ext-footnotes-0.34.30.jar:/Users/kushwmeg/.m2/repository/com/vladsch/flexmark/flexmark-ext-gfm-issues/0.34.30/flexmark-ext-gfm-issues-0.34.30.jar:/Users/kushwmeg/.m2/repository/com/vladsch/flexmark/flexmark-ext-gfm-strikethrough/0.34.30/flexmark-ext-gfm-strikethrough-0.34.30.jar:/Users/kushwmeg/.m2/repository/com/vladsch/flexmark/flexmark-ext-gfm-tables/0.34.30/flexmark-ext-gfm-tables-0.34.30.jar:/Users/kushwmeg/.m2/repository/com/vladsch/flexmark/flexmark-ext-gfm-tasklist/0.34.30/flexmark-ext-gfm-tasklist-0.34.30.jar:/Users/kushwmeg/.m2/repository/com/vladsch/flexmark/flexmark-ext-gfm-users/0.34.30/flexmark-ext-gfm-users-0.34.30.jar:/Users/kushwmeg/.m2/repository/com/vladsch/flexmark/flexmark-ext-gitlab/0.34.30/flexmark-ext-gitlab-0.34.30.jar:/Users/kushwmeg/.m2/repository/com/vladsch/flexmark/flexmark-ext-jekyll-front-matter/0.34.30/flexmark-ext-jekyll-front-matter-0.34.30.jar:/Users/kushwmeg/.m2/repository/com/vladsch/flexmark/flexmark-ext-jekyll-tag/0.34.30/flexmark-ext-jekyll-tag-0.34.30.jar:/Users/kushwmeg/.m2/repository/com/vladsch/flexmark/flexmark-ext-media-tags/0.34.30/flexmark-ext-media-tags-0.34.30.jar:/Users/kushwmeg/.m2/repository/com/vladsch/flexmark/flexmark-test-util/0.34.30/flexmark-test-util-0.34.30.jar:/Users/kushwmeg/.m2/repository/com/vladsch/flexmark/flexmark-ext-ins/0.34.30/flexmark-ext-ins-0.34.30.jar:/Users/kushwmeg/.m2/repository/com/vladsch/flexmark/flexmark-ext-xwiki-macros/0.34.30/flexmark-ext-xwiki-macros-0.34.30.jar:/Users/kushwmeg/.m2/repository/com/vladsch/flexmark/flexmark-ext-superscript/0.34.30/flexmark-ext-superscript-0.34.30.jar:/Users/kushwmeg/.m2/repository/com/vladsch/flexmark/flexmark-ext-tables/0.34.30/flexmark-ext-tables-0.34.30.jar:/Users/kushwmeg/.m2/repository/com/vladsch/flexmark/flexmark-ext-toc/0.34.30/flexmark-ext-toc-0.34.30.jar:/Users/kushwmeg/.m2/repository/com/vladsch/flexmark/flexmark-ext-typographic/0.34.30/flexmark-ext-typographic-0.34.30.jar:/Users/kushwmeg/.m2/repository/com/vladsch/flexmark/flexmark-ext-wikilink/0.34.30/flexmark-ext-wikilink-0.34.30.jar:/Users/kushwmeg/.m2/repository/com/vladsch/flexmark/flexmark-ext-yaml-front-matter/0.34.30/flexmark-ext-yaml-front-matter-0.34.30.jar:/Users/kushwmeg/.m2/repository/com/vladsch/flexmark/flexmark-ext-youtube-embedded/0.34.30/flexmark-ext-youtube-embedded-0.34.30.jar:/Users/kushwmeg/.m2/repository/com/vladsch/flexmark/flexmark-formatter/0.34.30/flexmark-formatter-0.34.30.jar:/Users/kushwmeg/.m2/repository/com/vladsch/flexmark/flexmark-html-parser/0.34.30/flexmark-html-parser-0.34.30.jar:/Users/kushwmeg/.m2/repository/com/vladsch/flexmark/flexmark-jira-converter/0.34.30/flexmark-jira-converter-0.34.30.jar:/Users/kushwmeg/.m2/repository/com/vladsch/flexmark/flexmark-pdf-converter/0.34.30/flexmark-pdf-converter-0.34.30.jar:/Users/kushwmeg/.m2/repository/com/openhtmltopdf/openhtmltopdf-core/0.0.1-RC13/openhtmltopdf-core-0.0.1-RC13.jar:/Users/kushwmeg/.m2/repository/com/openhtmltopdf/openhtmltopdf-pdfbox/0.0.1-RC13/openhtmltopdf-pdfbox-0.0.1-RC13.jar:/Users/kushwmeg/.m2/repository/org/apache/pdfbox/pdfbox/2.0.8/pdfbox-2.0.8.jar:/Users/kushwmeg/.m2/repository/org/apache/pdfbox/fontbox/2.0.8/fontbox-2.0.8.jar:/Users/kushwmeg/.m2/repository/org/apache/pdfbox/xmpbox/2.0.8/xmpbox-2.0.8.jar:/Users/kushwmeg/.m2/repository/de/rototor/pdfbox/graphics2d/0.12/graphics2d-0.12.jar:/Users/kushwmeg/.m2/repository/com/openhtmltopdf/openhtmltopdf-rtl-support/0.0.1-RC13/openhtmltopdf-rtl-support-0.0.1-RC13.jar:/Users/kushwmeg/.m2/repository/com/ibm/icu/icu4j/59.1/icu4j-59.1.jar:/Users/kushwmeg/.m2/repository/com/openhtmltopdf/openhtmltopdf-jsoup-dom-converter/0.0.1-RC13/openhtmltopdf-jsoup-dom-converter-0.0.1-RC13.jar:/Users/kushwmeg/.m2/repository/com/vladsch/flexmark/flexmark-profile-pegdown/0.34.30/flexmark-profile-pegdown-0.34.30.jar:/Users/kushwmeg/.m2/repository/com/vladsch/flexmark/flexmark-util/0.34.30/flexmark-util-0.34.30.jar:/Users/kushwmeg/.m2/repository/com/vladsch/flexmark/flexmark-youtrack-converter/0.34.30/flexmark-youtrack-converter-0.34.30.jar:/Users/kushwmeg/.m2/repository/io/github/bonigarcia/webdrivermanager/4.1.0/webdrivermanager-4.1.0.jar:/Users/kushwmeg/.m2/repository/org/apache/httpcomponents/client5/httpclient5/5.0.1/httpclient5-5.0.1.jar:/Users/kushwmeg/.m2/repository/org/apache/httpcomponents/core5/httpcore5/5.0.1/httpcore5-5.0.1.jar:/Users/kushwmeg/.m2/repository/org/apache/httpcomponents/core5/httpcore5-h2/5.0.1/httpcore5-h2-5.0.1.jar:/Users/kushwmeg/.m2/repository/org/rauschig/jarchivelib/1.0.0/jarchivelib-1.0.0.jar:/Users/kushwmeg/.m2/repository/net/serenity-bdd/serenity-screenplay/2.3.4/serenity-screenplay-2.3.4.jar:/Users/kushwmeg/.m2/repository/net/serenity-bdd/serenity-screenplay-webdriver/2.3.4/serenity-screenplay-webdriver-2.3.4.jar:/Users/kushwmeg/.m2/repository/io/cucumber/cucumber-junit/6.6.0/cucumber-junit-6.6.0.jar:/Users/kushwmeg/.m2/repository/io/cucumber/datatable-matchers/3.4.0/datatable-matchers-3.4.0.jar:/Users/kushwmeg/.m2/repository/io/cucumber/datatable/3.4.0/datatable-3.4.0.jar:/Users/kushwmeg/.m2/repository/org/hamcrest/hamcrest/2.2/hamcrest-2.2.jar:/Users/kushwmeg/.m2/repository/commons-logging/commons-logging/1.2/commons-logging-1.2.jar:/Users/kushwmeg/.m2/repository/org/apache/commons/commons-csv/1.5/commons-csv-1.5.jar:/Users/kushwmeg/.m2/repository/junit/junit/4.12/junit-4.12.jar:/Users/kushwmeg/.m2/repository/com/google/code/gson/gson/2.8.4/gson-2.8.4.jar:/Users/kushwmeg/.m2/repository/io/cucumber/cucumber-java/6.9.0/cucumber-java-6.9.0.jar:/Users/kushwmeg/.m2/repository/io/cucumber/cucumber-core/6.9.0/cucumber-core-6.9.0.jar:/Users/kushwmeg/.m2/repository/io/cucumber/cucumber-gherkin/6.9.0/cucumber-gherkin-6.9.0.jar:/Users/kushwmeg/.m2/repository/io/cucumber/cucumber-gherkin-messages/6.9.0/cucumber-gherkin-messages-6.9.0.jar:/Users/kushwmeg/.m2/repository/io/cucumber/messages/13.2.0/messages-13.2.0.jar:/Users/kushwmeg/.m2/repository/io/cucumber/tag-expressions/3.0.0/tag-expressions-3.0.0.jar:/Users/kushwmeg/.m2/repository/io/cucumber/cucumber-expressions/10.3.0/cucumber-expressions-10.3.0.jar:/Users/kushwmeg/.m2/repository/io/cucumber/cucumber-plugin/6.9.0/cucumber-plugin-6.9.0.jar:/Users/kushwmeg/.m2/repository/io/cucumber/docstring/6.9.0/docstring-6.9.0.jar:/Users/kushwmeg/.m2/repository/io/cucumber/html-formatter/9.0.0/html-formatter-9.0.0.jar:/Users/kushwmeg/.m2/repository/io/cucumber/create-meta/2.0.4/create-meta-2.0.4.jar:/Users/kushwmeg/.m2/repository/org/apiguardian/apiguardian-api/1.1.0/apiguardian-api-1.1.0.jar:/Users/kushwmeg/.m2/repository/com/adidas/te/serenity-reportportal-integration/1.5.5.2/serenity-reportportal-integration-1.5.5.2.jar:/Users/kushwmeg/.m2/repository/com/epam/reportportal/client-java/5.0.11/client-java-5.0.11.jar:/Users/kushwmeg/.m2/repository/org/aspectj/aspectjweaver/1.9.2/aspectjweaver-1.9.2.jar:/Users/kushwmeg/.m2/repository/org/aspectj/aspectjrt/1.9.2/aspectjrt-1.9.2.jar:/Users/kushwmeg/.m2/repository/com/fasterxml/jackson/core/jackson-databind/2.9.9/jackson-databind-2.9.9.jar:/Users/kushwmeg/.m2/repository/com/fasterxml/jackson/core/jackson-annotations/2.9.9/jackson-annotations-2.9.9.jar:/Users/kushwmeg/.m2/repository/io/reactivex/rxjava2/rxjava/2.2.10/rxjava-2.2.10.jar:/Users/kushwmeg/.m2/repository/org/reactivestreams/reactive-streams/1.0.2/reactive-streams-1.0.2.jar:/Users/kushwmeg/.m2/repository/org/apache/tika/tika-core/1.4/tika-core-1.4.jar:/Users/kushwmeg/.m2/repository/com/epam/reportportal/commons-model/5.3.0/commons-model-5.3.0.jar:/Users/kushwmeg/.m2/repository/io/swagger/swagger-annotations/1.6.0/swagger-annotations-1.6.0.jar:/Users/kushwmeg/.m2/repository/javax/validation/validation-api/2.0.1.Final/validation-api-2.0.1.Final.jar:/Users/kushwmeg/.m2/repository/net/serenity-bdd/serenity-rest-assured/2.1.13/serenity-rest-assured-2.1.13.jar:/Users/kushwmeg/.m2/repository/net/bytebuddy/byte-buddy/1.10.1/byte-buddy-1.10.1.jar:/Users/kushwmeg/.m2/repository/net/bytebuddy/byte-buddy-agent/1.10.1/byte-buddy-agent-1.10.1.jar:/Users/kushwmeg/.m2/repository/com/google/guava/guava/25.0-jre/guava-25.0-jre.jar:/Users/kushwmeg/.m2/repository/com/google/code/findbugs/jsr305/1.3.9/jsr305-1.3.9.jar:/Users/kushwmeg/.m2/repository/org/checkerframework/checker-compat-qual/2.0.0/checker-compat-qual-2.0.0.jar:/Users/kushwmeg/.m2/repository/com/google/errorprone/error_prone_annotations/2.1.3/error_prone_annotations-2.1.3.jar:/Users/kushwmeg/.m2/repository/com/google/j2objc/j2objc-annotations/1.1/j2objc-annotations-1.1.jar:/Users/kushwmeg/.m2/repository/org/codehaus/mojo/animal-sniffer-annotations/1.14/animal-sniffer-annotations-1.14.jar:/Users/kushwmeg/.m2/repository/com/google/inject/guice/4.2.2/guice-4.2.2.jar:/Users/kushwmeg/.m2/repository/javax/inject/javax.inject/1/javax.inject-1.jar:/Users/kushwmeg/.m2/repository/aopalliance/aopalliance/1.0/aopalliance-1.0.jar:/Users/kushwmeg/.m2/repository/org/ow2/asm/asm/7.2/asm-7.2.jar:/Users/kushwmeg/.m2/repository/commons-codec/commons-codec/1.10/commons-codec-1.10.jar:/Users/kushwmeg/.m2/repository/org/objenesis/objenesis/3.0.1/objenesis-3.0.1.jar:/Users/kushwmeg/.m2/repository/org/slf4j/slf4j-api/1.7.26/slf4j-api-1.7.26.jar:/Users/kushwmeg/.m2/repository/xml-apis/xml-apis/1.4.01/xml-apis-1.4.01.jar:/Users/kushwmeg/.m2/repository/io/vavr/vavr/0.9.0/vavr-0.9.0.jar:/Users/kushwmeg/.m2/repository/io/vavr/vavr-match/0.9.0/vavr-match-0.9.0.jar:/Users/kushwmeg/.m2/repository/javax/xml/bind/jaxb-api/2.2.12/jaxb-api-2.2.12.jar:/Users/kushwmeg/.m2/repository/com/sun/xml/bind/jaxb-core/2.3.0.1/jaxb-core-2.3.0.1.jar:/Users/kushwmeg/.m2/repository/com/sun/xml/bind/jaxb-impl/2.3.0.1/jaxb-impl-2.3.0.1.jar:/Users/kushwmeg/.m2/repository/javax/activation/activation/1.1.1/activation-1.1.1.jar:/Users/kushwmeg/.m2/repository/org/mockito/mockito-core/3.1.0/mockito-core-3.1.0.jar:/Users/kushwmeg/.m2/repository/io/rest-assured/rest-assured/3.3.0/rest-assured-3.3.0.jar:/Users/kushwmeg/.m2/repository/org/ccil/cowan/tagsoup/tagsoup/1.2.1/tagsoup-1.2.1.jar:/Users/kushwmeg/.m2/repository/io/rest-assured/json-path/3.3.0/json-path-3.3.0.jar:/Users/kushwmeg/.m2/repository/io/rest-assured/rest-assured-common/3.3.0/rest-assured-common-3.3.0.jar:/Users/kushwmeg/.m2/repository/io/rest-assured/xml-path/3.3.0/xml-path-3.3.0.jar:/Users/kushwmeg/.m2/repository/com/sun/xml/bind/jaxb-osgi/2.2.10/jaxb-osgi-2.2.10.jar:/Users/kushwmeg/.m2/repository/org/apache/sling/org.apache.sling.javax.activation/0.1.0/org.apache.sling.javax.activation-0.1.0.jar:/Users/kushwmeg/.m2/repository/org/codehaus/groovy/groovy/2.5.5/groovy-2.5.5.jar:/Users/kushwmeg/.m2/repository/org/codehaus/groovy/groovy-xml/2.5.5/groovy-xml-2.5.5.jar:/Users/kushwmeg/.m2/repository/org/codehaus/groovy/groovy-json/2.5.5/groovy-json-2.5.5.jar:/Users/kushwmeg/.m2/repository/org/hamcrest/hamcrest-library/2.2/hamcrest-library-2.2.jar:/Users/kushwmeg/.m2/repository/org/hamcrest/hamcrest-core/2.2/hamcrest-core-2.2.jar:/Users/kushwmeg/.m2/repository/org/projectlombok/lombok/1.18.12/lombok-1.18.12.jar:/Users/kushwmeg/.m2/repository/org/reflections/reflections/0.9.12/reflections-0.9.12.jar:/Users/kushwmeg/.m2/repository/org/javassist/javassist/3.26.0-GA/javassist-3.26.0-GA.jar:/Users/kushwmeg/.m2/repository/org/slf4j/slf4j-simple/1.7.21/slf4j-simple-1.7.21.jar:/Users/kushwmeg/.m2/repository/commons-io/commons-io/2.8.0/commons-io-2.8.0.jar:/Users/kushwmeg/.m2/repository/org/json/json/20201115/json-20201115.jar:/Users/kushwmeg/.m2/repository/org/apache/kafka/kafka-clients/2.2.1/kafka-clients-2.2.1.jar:/Users/kushwmeg/.m2/repository/com/github/luben/zstd-jni/1.3.8-1/zstd-jni-1.3.8-1.jar:/Users/kushwmeg/.m2/repository/org/lz4/lz4-java/1.5.0/lz4-java-1.5.0.jar:/Users/kushwmeg/.m2/repository/org/xerial/snappy/snappy-java/1.1.7.2/snappy-java-1.1.7.2.jar:/Users/kushwmeg/.m2/repository/io/confluent/kafka-avro-serializer/5.5.0/kafka-avro-serializer-5.5.0.jar:/Users/kushwmeg/.m2/repository/org/apache/avro/avro/1.9.2/avro-1.9.2.jar:/Users/kushwmeg/.m2/repository/com/fasterxml/jackson/core/jackson-core/2.10.2/jackson-core-2.10.2.jar:/Users/kushwmeg/.m2/repository/org/apache/commons/commons-compress/1.19/commons-compress-1.19.jar:/Users/kushwmeg/.m2/repository/io/confluent/kafka-schema-serializer/5.5.0/kafka-schema-serializer-5.5.0.jar:/Users/kushwmeg/.m2/repository/io/confluent/kafka-schema-registry-client/5.5.0/kafka-schema-registry-client-5.5.0.jar:/Users/kushwmeg/.m2/repository/org/glassfish/jersey/ext/jersey-bean-validation/2.30/jersey-bean-validation-2.30.jar:/Users/kushwmeg/.m2/repository/org/glassfish/hk2/external/jakarta.inject/2.6.1/jakarta.inject-2.6.1.jar:/Users/kushwmeg/.m2/repository/org/glassfish/jersey/core/jersey-common/2.30/jersey-common-2.30.jar:/Users/kushwmeg/.m2/repository/jakarta/annotation/jakarta.annotation-api/1.3.5/jakarta.annotation-api-1.3.5.jar:/Users/kushwmeg/.m2/repository/org/glassfish/hk2/osgi-resource-locator/1.0.3/osgi-resource-locator-1.0.3.jar:/Users/kushwmeg/.m2/repository/org/glassfish/jersey/core/jersey-server/2.30/jersey-server-2.30.jar:/Users/kushwmeg/.m2/repository/org/glassfish/jersey/core/jersey-client/2.30/jersey-client-2.30.jar:/Users/kushwmeg/.m2/repository/org/glassfish/jersey/media/jersey-media-jaxb/2.30/jersey-media-jaxb-2.30.jar:/Users/kushwmeg/.m2/repository/jakarta/validation/jakarta.validation-api/2.0.2/jakarta.validation-api-2.0.2.jar:/Users/kushwmeg/.m2/repository/org/hibernate/validator/hibernate-validator/6.0.17.Final/hibernate-validator-6.0.17.Final.jar:/Users/kushwmeg/.m2/repository/org/jboss/logging/jboss-logging/3.3.2.Final/jboss-logging-3.3.2.Final.jar:/Users/kushwmeg/.m2/repository/com/fasterxml/classmate/1.3.4/classmate-1.3.4.jar:/Users/kushwmeg/.m2/repository/jakarta/el/jakarta.el-api/3.0.3/jakarta.el-api-3.0.3.jar:/Users/kushwmeg/.m2/repository/org/glassfish/jakarta.el/3.0.2/jakarta.el-3.0.2.jar:/Users/kushwmeg/.m2/repository/jakarta/ws/rs/jakarta.ws.rs-api/2.1.6/jakarta.ws.rs-api-2.1.6.jar:/Users/kushwmeg/.m2/repository/io/swagger/swagger-core/1.5.3/swagger-core-1.5.3.jar:/Users/kushwmeg/.m2/repository/com/fasterxml/jackson/datatype/jackson-datatype-joda/2.4.5/jackson-datatype-joda-2.4.5.jar:/Users/kushwmeg/.m2/repository/com/fasterxml/jackson/dataformat/jackson-dataformat-yaml/2.4.5/jackson-dataformat-yaml-2.4.5.jar:/Users/kushwmeg/.m2/repository/io/swagger/swagger-models/1.5.3/swagger-models-1.5.3.jar:/Users/kushwmeg/.m2/repository/io/confluent/common-config/5.5.0/common-config-5.5.0.jar:/Users/kushwmeg/.m2/repository/io/confluent/common-utils/5.5.0/common-utils-5.5.0.jar:/Users/kushwmeg/.m2/repository/org/apache/kafka/kafka_2.9.2/0.8.2.2/kafka_2.9.2-0.8.2.2.jar:/Users/kushwmeg/.m2/repository/org/scala-lang/scala-library/2.9.2/scala-library-2.9.2.jar:/Users/kushwmeg/.m2/repository/com/yammer/metrics/metrics-core/2.2.0/metrics-core-2.2.0.jar:/Users/kushwmeg/.m2/repository/org/apache/zookeeper/zookeeper/3.4.6/zookeeper-3.4.6.jar:/Users/kushwmeg/.m2/repository/org/slf4j/slf4j-log4j12/1.6.1/slf4j-log4j12-1.6.1.jar:/Users/kushwmeg/.m2/repository/log4j/log4j/1.2.16/log4j-1.2.16.jar:/Users/kushwmeg/.m2/repository/jline/jline/0.9.94/jline-0.9.94.jar:/Users/kushwmeg/.m2/repository/io/netty/netty/3.7.0.Final/netty-3.7.0.Final.jar:/Users/kushwmeg/.m2/repository/net/sf/jopt-simple/jopt-simple/3.2/jopt-simple-3.2.jar:/Users/kushwmeg/.m2/repository/com/101tec/zkclient/0.3/zkclient-0.3.jar:"/>
    <property name="sun.cpu.endian" value="little"/>
    <property name="user.home" value="/Users/kushwmeg"/>
    <property name="user.language" value="en"/>
    <property name="java.specification.vendor" value="Oracle Corporation"/>
    <property name="java.home" value="/Library/Java/JavaVirtualMachines/jdk1.8.0_281.jdk/Contents/Home/jre"/>
    <property name="basedir" value="/Users/kushwmeg/IdeaProjects/monefy-automation"/>
    <property name="file.separator" value="/"/>
    <property name="line.separator" value="&#10;"/>
    <property name="java.vm.specification.vendor" value="Oracle Corporation"/>
    <property name="java.specification.name" value="Java Platform API Specification"/>
    <property name="java.awt.graphicsenv" value="sun.awt.CGraphicsEnvironment"/>
    <property name="surefire.real.class.path" value="/Users/kushwmeg/IdeaProjects/monefy-automation/target/surefire/surefirebooter5451928359867360816.jar"/>
    <property name="sun.boot.class.path" value="/Library/Java/JavaVirtualMachines/jdk1.8.0_281.jdk/Contents/Home/jre/lib/resources.jar:/Library/Java/JavaVirtualMachines/jdk1.8.0_281.jdk/Contents/Home/jre/lib/rt.jar:/Library/Java/JavaVirtualMachines/jdk1.8.0_281.jdk/Contents/Home/jre/lib/sunrsasign.jar:/Library/Java/JavaVirtualMachines/jdk1.8.0_281.jdk/Contents/Home/jre/lib/jsse.jar:/Library/Java/JavaVirtualMachines/jdk1.8.0_281.jdk/Contents/Home/jre/lib/jce.jar:/Library/Java/JavaVirtualMachines/jdk1.8.0_281.jdk/Contents/Home/jre/lib/charsets.jar:/Library/Java/JavaVirtualMachines/jdk1.8.0_281.jdk/Contents/Home/jre/lib/jfr.jar:/Library/Java/JavaVirtualMachines/jdk1.8.0_281.jdk/Contents/Home/jre/classes"/>
    <property name="sun.management.compiler" value="HotSpot 64-Bit Tiered Compilers"/>
    <property name="java.runtime.version" value="1.8.0_281-b09"/>
    <property name="user.name" value="kushwmeg"/>
    <property name="path.separator" value=":"/>
    <property name="os.version" value="10.15.7"/>
    <property name="java.endorsed.dirs" value="/Library/Java/JavaVirtualMachines/jdk1.8.0_281.jdk/Contents/Home/jre/lib/endorsed"/>
    <property name="java.runtime.name" value="Java(TM) SE Runtime Environment"/>
    <property name="file.encoding" value="UTF-8"/>
    <property name="java.vm.name" value="Java HotSpot(TM) 64-Bit Server VM"/>
    <property name="localRepository" value="/Users/kushwmeg/.m2/repository"/>
    <property name="java.vendor.url.bug" value="http://bugreport.sun.com/bugreport/"/>
    <property name="java.io.tmpdir" value="/var/folders/tt/f_dlrkhd47n3skzv_j87yv6xb9s9pg/T/"/>
    <property name="java.version" value="1.8.0_281"/>
    <property name="user.dir" value="/Users/kushwmeg/IdeaProjects/monefy-automation"/>
    <property name="os.arch" value="x86_64"/>
    <property name="java.vm.specification.name" value="Java Virtual Machine Specification"/>
    <property name="java.awt.printerjob" value="sun.lwawt.macosx.CPrinterJob"/>
    <property name="sun.os.patch.level" value="unknown"/>
    <property name="java.library.path" value="/Users/kushwmeg/Library/Java/Extensions:/Library/Java/Extensions:/Network/Library/Java/Extensions:/System/Library/Java/Extensions:/usr/lib/java:."/>
    <property name="java.vm.info" value="mixed mode"/>
    <property name="java.vendor" value="Oracle Corporation"/>
    <property name="java.vm.version" value="25.281-b09"/>
    <property name="java.ext.dirs" value="/Users/kushwmeg/Library/Java/Extensions:/Library/Java/JavaVirtualMachines/jdk1.8.0_281.jdk/Contents/Home/jre/lib/ext:/Library/Java/Extensions:/Network/Library/Java/Extensions:/System/Library/Java/Extensions:/usr/lib/java"/>
    <property name="sun.io.unicode.encoding" value="UnicodeBig"/>
    <property name="java.class.version" value="52.0"/>
  </properties>
  <testcase name="Adding income Deposit to expense report" classname="Adding expense and income to monefy app and verifying if correct values are reflected" time="15.632">
    <system-out><![CDATA[
Scenario: Adding income Deposit to expense report &amp#27;[90m# src/test/resources/features/fe/HomeScreen.feature:3&amp#27;[0m
  &amp#27;[32mGiven &amp#27;[0m&amp#27;[32mincome balance as &amp#27;[0m&amp#27;[32m&amp#27;[1m'$0.00'&amp#27;[0m                 &amp#27;[90m# com.monefy.automation.fe.serenityDefinitions.HomeScreenDefinition.balanceAs(java.lang.String)&amp#27;[0m
  &amp#27;[32mAnd &amp#27;[0m&amp#27;[32muser clicks on income button&amp#27;[0m                &amp#27;[90m# com.monefy.automation.fe.serenityDefinitions.HomeScreenDefinition.userClicksOnIncomeButton()&amp#27;[0m
  &amp#27;[32mThen &amp#27;[0m&amp#27;[32muser enters &amp#27;[0m&amp#27;[32m&amp#27;[1m'90'&amp#27;[0m&amp#27;[32m as amount&amp#27;[0m                 &amp#27;[90m# com.monefy.automation.fe.serenityDefinitions.SelectMoneyDefinitions.userEntersAndAsIncome(java.lang.String)&amp#27;[0m
  &amp#27;[32mAnd &amp#27;[0m&amp#27;[32mclicks on choose category&amp#27;[0m                   &amp#27;[90m# com.monefy.automation.fe.serenityDefinitions.SelectMoneyDefinitions.clicksOnChooseCategory()&amp#27;[0m
  &amp#27;[32mAnd &amp#27;[0m&amp#27;[32muser chooses category as &amp#27;[0m&amp#27;[32m&amp#27;[1m'Deposits'&amp#27;[0m         &amp#27;[90m# com.monefy.automation.fe.serenityDefinitions.IncomeScreenDefinition.userChoosesCategoryAsDeposits(java.lang.String)&amp#27;[0m
  &amp#27;[32mThen &amp#27;[0m&amp#27;[32mincome balance should be &amp#27;[0m&amp#27;[32m&amp#27;[1m'$90.00'&amp#27;[0m          &amp#27;[90m# com.monefy.automation.fe.serenityDefinitions.HomeScreenDefinition.balanceShouldBe(java.lang.String)&amp#27;[0m
]]></system-out>
    <system-err><![CDATA[SLF4J: Class path contains multiple SLF4J bindings.
SLF4J: Found binding in [jar:file:/Users/kushwmeg/.m2/repository/org/slf4j/slf4j-simple/1.7.21/slf4j-simple-1.7.21.jar!/org/slf4j/impl/StaticLoggerBinder.class]
SLF4J: Found binding in [jar:file:/Users/kushwmeg/.m2/repository/org/slf4j/slf4j-log4j12/1.6.1/slf4j-log4j12-1.6.1.jar!/org/slf4j/impl/StaticLoggerBinder.class]
SLF4J: See http://www.slf4j.org/codes.html#multiple_bindings for an explanation.
SLF4J: Actual binding is of type [org.slf4j.impl.SimpleLoggerFactory]
[main] INFO io.cucumber.core.plugin.SerenityReporter - Running feature from file:///Users/kushwmeg/IdeaProjects/monefy-automation/src/test/resources/features/fe/HomeScreen.feature
[main] INFO  - &amp#27;[96m

-------------------------------------------------------------------------------------
     _______. _______ .______       _______ .__   __.  __  .___________.____    ____ 
    /       ||   ____||   _  \     |   ____||  \ |  | |  | |           |\   \  /   / 
   |   (----`|  |__   |  |_)  |    |  |__   |   \|  | |  | `---|  |----` \   \/   /  
    \   \    |   __|  |      /     |   __|  |  . `  | |  |     |  |       \_    _/   
.----)   |   |  |____ |  |\  \----.|  |____ |  |\   | |  |     |  |         |  |     
|_______/    |_______|| _| `._____||_______||__| \__| |__|     |__|         |__|    
                                                                                     
 News and tutorials at http://www.serenity-bdd.info                                  
 Documentation at https://wakaleo.gitbooks.io/the-serenity-book/content/             
 Join the Serenity Community on Gitter: https://gitter.im/serenity-bdd/serenity-core 
 Serenity BDD Support and Training at http://serenity-bdd.info/#/trainingandsupport  
-------------------------------------------------------------------------------------
&amp#27;[0m
[main] INFO  - Test Suite Started: Adding expense and income to monefy app and verifying if correct values are reflected
[main] INFO io.cucumber.core.plugin.SerenityReporter - Running feature from file:///Users/kushwmeg/IdeaProjects/monefy-automation/src/test/resources/features/fe/HomeScreen.feature
[main] INFO  - 
 _____ _____ ____ _____   ____ _____  _    ____ _____ _____ ____  
|_   _| ____/ ___|_   _| / ___|_   _|/ \  |  _ \_   _| ____|  _ \ 
  | | |  _| \___ \ | |   \___ \ | | / _ \ | |_) || | |  _| | | | |
  | | | |___ ___) || |    ___) || |/ ___ \|  _ < | | | |___| |_| |
  |_| |_____|____/ |_|   |____/ |_/_/   \_\_| \_\|_| |_____|____/ 

Adding income Deposit to expense report(adding-expense-and-income-to-monefy-app-and-verifying-if-correct-values-are-reflected;adding-income-deposit-to-expense-report)
-------------------------------------------------------------------
log4j:WARN No appenders could be found for logger (rp.org.apache.http.impl.conn.PoolingHttpClientConnectionManager).
log4j:WARN Please initialize the log4j system properly.
log4j:WARN See http://logging.apache.org/log4j/1.2/faq.html#noconfig for more info.
Nov 29, 2021 10:36:55 PM io.appium.java_client.remote.AppiumCommandExecutor$1 lambda$0
INFO: Detected dialect: W3C
[main] INFO  - &amp#27;[92m
        __    _____ _____ ____ _____   ____   _    ____  ____  _____ ____  
  _     \ \  |_   _| ____/ ___|_   _| |  _ \ / \  / ___|/ ___|| ____|  _ \ 
 (_)_____| |   | | |  _| \___ \ | |   | |_) / _ \ \___ \\___ \|  _| | | | |
  _|_____| |   | | | |___ ___) || |   |  __/ ___ \ ___) |___) | |___| |_| |
 (_)     | |   |_| |_____|____/ |_|   |_| /_/   \_\____/|____/|_____|____/ 
        /_/                                                                

Adding income Deposit to expense report
----------------------------------------------------------------------------&amp#27;[0m
]]></system-err>
  </testcase>
  <testcase name="Adding income Salary to expense report" classname="Adding expense and income to monefy app and verifying if correct values are reflected" time="6.398">
    <system-out><![CDATA[
Scenario: Adding income Salary to expense report &amp#27;[90m# src/test/resources/features/fe/HomeScreen.feature:11&amp#27;[0m
  &amp#27;[32mGiven &amp#27;[0m&amp#27;[32mincome balance as &amp#27;[0m&amp#27;[32m&amp#27;[1m'$90.00'&amp#27;[0m               &amp#27;[90m# com.monefy.automation.fe.serenityDefinitions.HomeScreenDefinition.balanceAs(java.lang.String)&amp#27;[0m
  &amp#27;[32mAnd &amp#27;[0m&amp#27;[32muser clicks on income button&amp#27;[0m               &amp#27;[90m# com.monefy.automation.fe.serenityDefinitions.HomeScreenDefinition.userClicksOnIncomeButton()&amp#27;[0m
  &amp#27;[32mThen &amp#27;[0m&amp#27;[32muser enters &amp#27;[0m&amp#27;[32m&amp#27;[1m'90'&amp#27;[0m&amp#27;[32m as amount&amp#27;[0m                &amp#27;[90m# com.monefy.automation.fe.serenityDefinitions.SelectMoneyDefinitions.userEntersAndAsIncome(java.lang.String)&amp#27;[0m
  &amp#27;[32mAnd &amp#27;[0m&amp#27;[32mclicks on choose category&amp#27;[0m                  &amp#27;[90m# com.monefy.automation.fe.serenityDefinitions.SelectMoneyDefinitions.clicksOnChooseCategory()&amp#27;[0m
  &amp#27;[32mAnd &amp#27;[0m&amp#27;[32muser chooses category as &amp#27;[0m&amp#27;[32m&amp#27;[1m'Salary'&amp#27;[0m          &amp#27;[90m# com.monefy.automation.fe.serenityDefinitions.IncomeScreenDefinition.userChoosesCategoryAsDeposits(java.lang.String)&amp#27;[0m
  &amp#27;[32mThen &amp#27;[0m&amp#27;[32mincome balance should be &amp#27;[0m&amp#27;[32m&amp#27;[1m'$180.00'&amp#27;[0m        &amp#27;[90m# com.monefy.automation.fe.serenityDefinitions.HomeScreenDefinition.balanceShouldBe(java.lang.String)&amp#27;[0m
]]></system-out>
    <system-err><![CDATA[[main] INFO io.cucumber.core.plugin.SerenityReporter - Running feature from file:///Users/kushwmeg/IdeaProjects/monefy-automation/src/test/resources/features/fe/HomeScreen.feature
[main] INFO  - 
 _____ _____ ____ _____   ____ _____  _    ____ _____ _____ ____  
|_   _| ____/ ___|_   _| / ___|_   _|/ \  |  _ \_   _| ____|  _ \ 
  | | |  _| \___ \ | |   \___ \ | | / _ \ | |_) || | |  _| | | | |
  | | | |___ ___) || |    ___) || |/ ___ \|  _ < | | | |___| |_| |
  |_| |_____|____/ |_|   |____/ |_/_/   \_\_| \_\|_| |_____|____/ 

Adding income Salary to expense report(adding-expense-and-income-to-monefy-app-and-verifying-if-correct-values-are-reflected;adding-income-salary-to-expense-report)
-------------------------------------------------------------------
[main] INFO  - &amp#27;[92m
        __    _____ _____ ____ _____   ____   _    ____  ____  _____ ____  
  _     \ \  |_   _| ____/ ___|_   _| |  _ \ / \  / ___|/ ___|| ____|  _ \ 
 (_)_____| |   | | |  _| \___ \ | |   | |_) / _ \ \___ \\___ \|  _| | | | |
  _|_____| |   | | | |___ ___) || |   |  __/ ___ \ ___) |___) | |___| |_| |
 (_)     | |   |_| |_____|____/ |_|   |_| /_/   \_\____/|____/|_____|____/ 
        /_/                                                                

Adding income Salary to expense report
----------------------------------------------------------------------------&amp#27;[0m
]]></system-err>
  </testcase>
  <testcase name="Adding income Savings to expense report" classname="Adding expense and income to monefy app and verifying if correct values are reflected" time="6.471">
    <system-out><![CDATA[
Scenario: Adding income Savings to expense report &amp#27;[90m# src/test/resources/features/fe/HomeScreen.feature:19&amp#27;[0m
  &amp#27;[32mGiven &amp#27;[0m&amp#27;[32mincome balance as &amp#27;[0m&amp#27;[32m&amp#27;[1m'$180.00'&amp#27;[0m               &amp#27;[90m# com.monefy.automation.fe.serenityDefinitions.HomeScreenDefinition.balanceAs(java.lang.String)&amp#27;[0m
  &amp#27;[32mAnd &amp#27;[0m&amp#27;[32muser clicks on income button&amp#27;[0m                &amp#27;[90m# com.monefy.automation.fe.serenityDefinitions.HomeScreenDefinition.userClicksOnIncomeButton()&amp#27;[0m
  &amp#27;[32mThen &amp#27;[0m&amp#27;[32muser enters &amp#27;[0m&amp#27;[32m&amp#27;[1m'90'&amp#27;[0m&amp#27;[32m as amount&amp#27;[0m                 &amp#27;[90m# com.monefy.automation.fe.serenityDefinitions.SelectMoneyDefinitions.userEntersAndAsIncome(java.lang.String)&amp#27;[0m
  &amp#27;[32mAnd &amp#27;[0m&amp#27;[32mclicks on choose category&amp#27;[0m                   &amp#27;[90m# com.monefy.automation.fe.serenityDefinitions.SelectMoneyDefinitions.clicksOnChooseCategory()&amp#27;[0m
  &amp#27;[32mAnd &amp#27;[0m&amp#27;[32muser chooses category as &amp#27;[0m&amp#27;[32m&amp#27;[1m'Savings'&amp#27;[0m          &amp#27;[90m# com.monefy.automation.fe.serenityDefinitions.IncomeScreenDefinition.userChoosesCategoryAsDeposits(java.lang.String)&amp#27;[0m
  &amp#27;[32mThen &amp#27;[0m&amp#27;[32mincome balance should be &amp#27;[0m&amp#27;[32m&amp#27;[1m'$270.00'&amp#27;[0m         &amp#27;[90m# com.monefy.automation.fe.serenityDefinitions.HomeScreenDefinition.balanceShouldBe(java.lang.String)&amp#27;[0m
]]></system-out>
    <system-err><![CDATA[[main] INFO io.cucumber.core.plugin.SerenityReporter - Running feature from file:///Users/kushwmeg/IdeaProjects/monefy-automation/src/test/resources/features/fe/HomeScreen.feature
[main] INFO  - 
 _____ _____ ____ _____   ____ _____  _    ____ _____ _____ ____  
|_   _| ____/ ___|_   _| / ___|_   _|/ \  |  _ \_   _| ____|  _ \ 
  | | |  _| \___ \ | |   \___ \ | | / _ \ | |_) || | |  _| | | | |
  | | | |___ ___) || |    ___) || |/ ___ \|  _ < | | | |___| |_| |
  |_| |_____|____/ |_|   |____/ |_/_/   \_\_| \_\|_| |_____|____/ 

Adding income Savings to expense report(adding-expense-and-income-to-monefy-app-and-verifying-if-correct-values-are-reflected;adding-income-savings-to-expense-report)
-------------------------------------------------------------------
[main] INFO  - &amp#27;[92m
        __    _____ _____ ____ _____   ____   _    ____  ____  _____ ____  
  _     \ \  |_   _| ____/ ___|_   _| |  _ \ / \  / ___|/ ___|| ____|  _ \ 
 (_)_____| |   | | |  _| \___ \ | |   | |_) / _ \ \___ \\___ \|  _| | | | |
  _|_____| |   | | | |___ ___) || |   |  __/ ___ \ ___) |___) | |___| |_| |
 (_)     | |   |_| |_____|____/ |_|   |_| /_/   \_\____/|____/|_____|____/ 
        /_/                                                                

Adding income Savings to expense report
----------------------------------------------------------------------------&amp#27;[0m
]]></system-err>
  </testcase>
  <testcase name="Adding expense Bills to expense report" classname="Adding expense and income to monefy app and verifying if correct values are reflected" time="6.759">
    <system-out><![CDATA[
Scenario: Adding expense Bills to expense report &amp#27;[90m# src/test/resources/features/fe/HomeScreen.feature:27&amp#27;[0m
  &amp#27;[32mGiven &amp#27;[0m&amp#27;[32mexpense balance as &amp#27;[0m&amp#27;[32m&amp#27;[1m'$0.00'&amp#27;[0m               &amp#27;[90m# com.monefy.automation.fe.serenityDefinitions.HomeScreenDefinition.expenseBalanceAs(java.lang.String)&amp#27;[0m
  &amp#27;[32mAnd &amp#27;[0m&amp#27;[32muser clicks on expense button&amp#27;[0m              &amp#27;[90m# com.monefy.automation.fe.serenityDefinitions.HomeScreenDefinition.userClicksOnExpenseButton()&amp#27;[0m
  &amp#27;[32mThen &amp#27;[0m&amp#27;[32muser enters &amp#27;[0m&amp#27;[32m&amp#27;[1m'70'&amp#27;[0m&amp#27;[32m as amount&amp#27;[0m                &amp#27;[90m# com.monefy.automation.fe.serenityDefinitions.SelectMoneyDefinitions.userEntersAndAsIncome(java.lang.String)&amp#27;[0m
  &amp#27;[32mAnd &amp#27;[0m&amp#27;[32mclicks on choose category&amp#27;[0m                  &amp#27;[90m# com.monefy.automation.fe.serenityDefinitions.SelectMoneyDefinitions.clicksOnChooseCategory()&amp#27;[0m
  &amp#27;[32mAnd &amp#27;[0m&amp#27;[32muser chooses expense category as &amp#27;[0m&amp#27;[32m&amp#27;[1m'Bills'&amp#27;[0m   &amp#27;[90m# com.monefy.automation.fe.serenityDefinitions.ExpenseScreenDefinition.userChoosesCategoryAsDeposits(java.lang.String)&amp#27;[0m
  &amp#27;[32mThen &amp#27;[0m&amp#27;[32mexpense balance should be &amp#27;[0m&amp#27;[32m&amp#27;[1m'$70.00'&amp#27;[0m        &amp#27;[90m# com.monefy.automation.fe.serenityDefinitions.HomeScreenDefinition.expenseBalanceShouldBe(java.lang.String)&amp#27;[0m
]]></system-out>
    <system-err><![CDATA[[main] INFO io.cucumber.core.plugin.SerenityReporter - Running feature from file:///Users/kushwmeg/IdeaProjects/monefy-automation/src/test/resources/features/fe/HomeScreen.feature
[main] INFO  - 
 _____ _____ ____ _____   ____ _____  _    ____ _____ _____ ____  
|_   _| ____/ ___|_   _| / ___|_   _|/ \  |  _ \_   _| ____|  _ \ 
  | | |  _| \___ \ | |   \___ \ | | / _ \ | |_) || | |  _| | | | |
  | | | |___ ___) || |    ___) || |/ ___ \|  _ < | | | |___| |_| |
  |_| |_____|____/ |_|   |____/ |_/_/   \_\_| \_\|_| |_____|____/ 

Adding expense Bills to expense report(adding-expense-and-income-to-monefy-app-and-verifying-if-correct-values-are-reflected;adding-expense-bills-to-expense-report)
-------------------------------------------------------------------
[main] INFO  - &amp#27;[92m
        __    _____ _____ ____ _____   ____   _    ____  ____  _____ ____  
  _     \ \  |_   _| ____/ ___|_   _| |  _ \ / \  / ___|/ ___|| ____|  _ \ 
 (_)_____| |   | | |  _| \___ \ | |   | |_) / _ \ \___ \\___ \|  _| | | | |
  _|_____| |   | | | |___ ___) || |   |  __/ ___ \ ___) |___) | |___| |_| |
 (_)     | |   |_| |_____|____/ |_|   |_| /_/   \_\____/|____/|_____|____/ 
        /_/                                                                

Adding expense Bills to expense report
----------------------------------------------------------------------------&amp#27;[0m
]]></system-err>
  </testcase>
  <testcase name="Adding expense Clothes to expense report" classname="Adding expense and income to monefy app and verifying if correct values are reflected" time="8.509">
    <system-out><![CDATA[
Scenario: Adding expense Clothes to expense report &amp#27;[90m# src/test/resources/features/fe/HomeScreen.feature:35&amp#27;[0m
  &amp#27;[32mGiven &amp#27;[0m&amp#27;[32mexpense balance as &amp#27;[0m&amp#27;[32m&amp#27;[1m'$70.00'&amp#27;[0m                &amp#27;[90m# com.monefy.automation.fe.serenityDefinitions.HomeScreenDefinition.expenseBalanceAs(java.lang.String)&amp#27;[0m
  &amp#27;[32mAnd &amp#27;[0m&amp#27;[32muser clicks on expense button&amp#27;[0m                &amp#27;[90m# com.monefy.automation.fe.serenityDefinitions.HomeScreenDefinition.userClicksOnExpenseButton()&amp#27;[0m
  &amp#27;[32mAnd &amp#27;[0m&amp#27;[32muser clicks on expense button&amp#27;[0m                &amp#27;[90m# com.monefy.automation.fe.serenityDefinitions.HomeScreenDefinition.userClicksOnExpenseButton()&amp#27;[0m
  &amp#27;[32mThen &amp#27;[0m&amp#27;[32muser enters &amp#27;[0m&amp#27;[32m&amp#27;[1m'65'&amp#27;[0m&amp#27;[32m as amount&amp#27;[0m                  &amp#27;[90m# com.monefy.automation.fe.serenityDefinitions.SelectMoneyDefinitions.userEntersAndAsIncome(java.lang.String)&amp#27;[0m
  &amp#27;[32mAnd &amp#27;[0m&amp#27;[32mclicks on choose category&amp#27;[0m                    &amp#27;[90m# com.monefy.automation.fe.serenityDefinitions.SelectMoneyDefinitions.clicksOnChooseCategory()&amp#27;[0m
  &amp#27;[32mAnd &amp#27;[0m&amp#27;[32muser chooses expense category as &amp#27;[0m&amp#27;[32m&amp#27;[1m'Clothes'&amp#27;[0m   &amp#27;[90m# com.monefy.automation.fe.serenityDefinitions.ExpenseScreenDefinition.userChoosesCategoryAsDeposits(java.lang.String)&amp#27;[0m
  &amp#27;[32mThen &amp#27;[0m&amp#27;[32mexpense balance should be &amp#27;[0m&amp#27;[32m&amp#27;[1m'$135.00'&amp#27;[0m         &amp#27;[90m# com.monefy.automation.fe.serenityDefinitions.HomeScreenDefinition.expenseBalanceShouldBe(java.lang.String)&amp#27;[0m
]]></system-out>
    <system-err><![CDATA[[main] INFO io.cucumber.core.plugin.SerenityReporter - Running feature from file:///Users/kushwmeg/IdeaProjects/monefy-automation/src/test/resources/features/fe/HomeScreen.feature
[main] INFO  - 
 _____ _____ ____ _____   ____ _____  _    ____ _____ _____ ____  
|_   _| ____/ ___|_   _| / ___|_   _|/ \  |  _ \_   _| ____|  _ \ 
  | | |  _| \___ \ | |   \___ \ | | / _ \ | |_) || | |  _| | | | |
  | | | |___ ___) || |    ___) || |/ ___ \|  _ < | | | |___| |_| |
  |_| |_____|____/ |_|   |____/ |_/_/   \_\_| \_\|_| |_____|____/ 

Adding expense Clothes to expense report(adding-expense-and-income-to-monefy-app-and-verifying-if-correct-values-are-reflected;adding-expense-clothes-to-expense-report)
-------------------------------------------------------------------
[main] INFO  - &amp#27;[92m
        __    _____ _____ ____ _____   ____   _    ____  ____  _____ ____  
  _     \ \  |_   _| ____/ ___|_   _| |  _ \ / \  / ___|/ ___|| ____|  _ \ 
 (_)_____| |   | | |  _| \___ \ | |   | |_) / _ \ \___ \\___ \|  _| | | | |
  _|_____| |   | | | |___ ___) || |   |  __/ ___ \ ___) |___) | |___| |_| |
 (_)     | |   |_| |_____|____/ |_|   |_| /_/   \_\____/|____/|_____|____/ 
        /_/                                                                

Adding expense Clothes to expense report
----------------------------------------------------------------------------&amp#27;[0m
]]></system-err>
  </testcase>
  <testcase name="Adding expense Eating out to expense report" classname="Adding expense and income to monefy app and verifying if correct values are reflected" time="6.944">
    <system-out><![CDATA[
Scenario: Adding expense Eating out to expense report &amp#27;[90m# src/test/resources/features/fe/HomeScreen.feature:44&amp#27;[0m
  &amp#27;[32mGiven &amp#27;[0m&amp#27;[32mexpense balance as &amp#27;[0m&amp#27;[32m&amp#27;[1m'$135.00'&amp#27;[0m                  &amp#27;[90m# com.monefy.automation.fe.serenityDefinitions.HomeScreenDefinition.expenseBalanceAs(java.lang.String)&amp#27;[0m
  &amp#27;[32mAnd &amp#27;[0m&amp#27;[32muser clicks on expense button&amp#27;[0m                   &amp#27;[90m# com.monefy.automation.fe.serenityDefinitions.HomeScreenDefinition.userClicksOnExpenseButton()&amp#27;[0m
  &amp#27;[32mThen &amp#27;[0m&amp#27;[32muser enters &amp#27;[0m&amp#27;[32m&amp#27;[1m'60'&amp#27;[0m&amp#27;[32m as amount&amp#27;[0m                     &amp#27;[90m# com.monefy.automation.fe.serenityDefinitions.SelectMoneyDefinitions.userEntersAndAsIncome(java.lang.String)&amp#27;[0m
  &amp#27;[32mAnd &amp#27;[0m&amp#27;[32mclicks on choose category&amp#27;[0m                       &amp#27;[90m# com.monefy.automation.fe.serenityDefinitions.SelectMoneyDefinitions.clicksOnChooseCategory()&amp#27;[0m
  &amp#27;[32mAnd &amp#27;[0m&amp#27;[32muser chooses expense category as &amp#27;[0m&amp#27;[32m&amp#27;[1m'Eating out'&amp#27;[0m   &amp#27;[90m# com.monefy.automation.fe.serenityDefinitions.ExpenseScreenDefinition.userChoosesCategoryAsDeposits(java.lang.String)&amp#27;[0m
  &amp#27;[32mThen &amp#27;[0m&amp#27;[32mexpense balance should be &amp#27;[0m&amp#27;[32m&amp#27;[1m'$195.00'&amp#27;[0m            &amp#27;[90m# com.monefy.automation.fe.serenityDefinitions.HomeScreenDefinition.expenseBalanceShouldBe(java.lang.String)&amp#27;[0m
]]></system-out>
    <system-err><![CDATA[[main] INFO io.cucumber.core.plugin.SerenityReporter - Running feature from file:///Users/kushwmeg/IdeaProjects/monefy-automation/src/test/resources/features/fe/HomeScreen.feature
[main] INFO  - 
 _____ _____ ____ _____   ____ _____  _    ____ _____ _____ ____  
|_   _| ____/ ___|_   _| / ___|_   _|/ \  |  _ \_   _| ____|  _ \ 
  | | |  _| \___ \ | |   \___ \ | | / _ \ | |_) || | |  _| | | | |
  | | | |___ ___) || |    ___) || |/ ___ \|  _ < | | | |___| |_| |
  |_| |_____|____/ |_|   |____/ |_/_/   \_\_| \_\|_| |_____|____/ 

Adding expense Eating out to expense report(adding-expense-and-income-to-monefy-app-and-verifying-if-correct-values-are-reflected;adding-expense-eating-out-to-expense-report)
-------------------------------------------------------------------
[main] INFO  - &amp#27;[92m
        __    _____ _____ ____ _____   ____   _    ____  ____  _____ ____  
  _     \ \  |_   _| ____/ ___|_   _| |  _ \ / \  / ___|/ ___|| ____|  _ \ 
 (_)_____| |   | | |  _| \___ \ | |   | |_) / _ \ \___ \\___ \|  _| | | | |
  _|_____| |   | | | |___ ___) || |   |  __/ ___ \ ___) |___) | |___| |_| |
 (_)     | |   |_| |_____|____/ |_|   |_| /_/   \_\____/|____/|_____|____/ 
        /_/                                                                

Adding expense Eating out to expense report
----------------------------------------------------------------------------&amp#27;[0m
]]></system-err>
  </testcase>
  <testcase name="Adding expense Health to expense report" classname="Adding expense and income to monefy app and verifying if correct values are reflected" time="7.767">
    <system-out><![CDATA[
Scenario: Adding expense Health to expense report &amp#27;[90m# src/test/resources/features/fe/HomeScreen.feature:52&amp#27;[0m
  &amp#27;[32mGiven &amp#27;[0m&amp#27;[32mexpense balance as &amp#27;[0m&amp#27;[32m&amp#27;[1m'$195.00'&amp#27;[0m              &amp#27;[90m# com.monefy.automation.fe.serenityDefinitions.HomeScreenDefinition.expenseBalanceAs(java.lang.String)&amp#27;[0m
  &amp#27;[32mAnd &amp#27;[0m&amp#27;[32muser clicks on expense button&amp#27;[0m               &amp#27;[90m# com.monefy.automation.fe.serenityDefinitions.HomeScreenDefinition.userClicksOnExpenseButton()&amp#27;[0m
  &amp#27;[32mThen &amp#27;[0m&amp#27;[32muser enters &amp#27;[0m&amp#27;[32m&amp#27;[1m'100'&amp#27;[0m&amp#27;[32m as amount&amp#27;[0m                &amp#27;[90m# com.monefy.automation.fe.serenityDefinitions.SelectMoneyDefinitions.userEntersAndAsIncome(java.lang.String)&amp#27;[0m
  &amp#27;[32mAnd &amp#27;[0m&amp#27;[32mclicks on choose category&amp#27;[0m                   &amp#27;[90m# com.monefy.automation.fe.serenityDefinitions.SelectMoneyDefinitions.clicksOnChooseCategory()&amp#27;[0m
  &amp#27;[32mAnd &amp#27;[0m&amp#27;[32muser chooses expense category as &amp#27;[0m&amp#27;[32m&amp#27;[1m'Health'&amp#27;[0m   &amp#27;[90m# com.monefy.automation.fe.serenityDefinitions.ExpenseScreenDefinition.userChoosesCategoryAsDeposits(java.lang.String)&amp#27;[0m
  &amp#27;[32mThen &amp#27;[0m&amp#27;[32mexpense balance should be &amp#27;[0m&amp#27;[32m&amp#27;[1m'$295.00'&amp#27;[0m        &amp#27;[90m# com.monefy.automation.fe.serenityDefinitions.HomeScreenDefinition.expenseBalanceShouldBe(java.lang.String)&amp#27;[0m
]]></system-out>
    <system-err><![CDATA[[main] INFO io.cucumber.core.plugin.SerenityReporter - Running feature from file:///Users/kushwmeg/IdeaProjects/monefy-automation/src/test/resources/features/fe/HomeScreen.feature
[main] INFO  - 
 _____ _____ ____ _____   ____ _____  _    ____ _____ _____ ____  
|_   _| ____/ ___|_   _| / ___|_   _|/ \  |  _ \_   _| ____|  _ \ 
  | | |  _| \___ \ | |   \___ \ | | / _ \ | |_) || | |  _| | | | |
  | | | |___ ___) || |    ___) || |/ ___ \|  _ < | | | |___| |_| |
  |_| |_____|____/ |_|   |____/ |_/_/   \_\_| \_\|_| |_____|____/ 

Adding expense Health to expense report(adding-expense-and-income-to-monefy-app-and-verifying-if-correct-values-are-reflected;adding-expense-health-to-expense-report)
-------------------------------------------------------------------
[main] INFO  - &amp#27;[92m
        __    _____ _____ ____ _____   ____   _    ____  ____  _____ ____  
  _     \ \  |_   _| ____/ ___|_   _| |  _ \ / \  / ___|/ ___|| ____|  _ \ 
 (_)_____| |   | | |  _| \___ \ | |   | |_) / _ \ \___ \\___ \|  _| | | | |
  _|_____| |   | | | |___ ___) || |   |  __/ ___ \ ___) |___) | |___| |_| |
 (_)     | |   |_| |_____|____/ |_|   |_| /_/   \_\____/|____/|_____|____/ 
        /_/                                                                

Adding expense Health to expense report
----------------------------------------------------------------------------&amp#27;[0m
]]></system-err>
  </testcase>
  <testcase name="Checking total balance" classname="Adding expense and income to monefy app and verifying if correct values are reflected" time="0.681">
    <system-out><![CDATA[
Scenario: Checking total balance                &amp#27;[90m# src/test/resources/features/fe/HomeScreen.feature:60&amp#27;[0m
  &amp#27;[32mGiven &amp#27;[0m&amp#27;[32mincome and expense&amp#27;[0m                      &amp#27;[90m# com.monefy.automation.fe.serenityDefinitions.HomeScreenDefinition.incomeAndExpense()&amp#27;[0m
  &amp#27;[32mThen &amp#27;[0m&amp#27;[32mBalance is equal to Income minus Expense&amp#27;[0m &amp#27;[90m# com.monefy.automation.fe.serenityDefinitions.HomeScreenDefinition.balanceIsIncomeMinusExpense()&amp#27;[0m
]]></system-out>
    <system-err><![CDATA[[main] INFO io.cucumber.core.plugin.SerenityReporter - Running feature from file:///Users/kushwmeg/IdeaProjects/monefy-automation/src/test/resources/features/fe/HomeScreen.feature
[main] INFO  - 
 _____ _____ ____ _____   ____ _____  _    ____ _____ _____ ____  
|_   _| ____/ ___|_   _| / ___|_   _|/ \  |  _ \_   _| ____|  _ \ 
  | | |  _| \___ \ | |   \___ \ | | / _ \ | |_) || | |  _| | | | |
  | | | |___ ___) || |    ___) || |/ ___ \|  _ < | | | |___| |_| |
  |_| |_____|____/ |_|   |____/ |_/_/   \_\_| \_\|_| |_____|____/ 

Checking total balance(adding-expense-and-income-to-monefy-app-and-verifying-if-correct-values-are-reflected;checking-total-balance)
-------------------------------------------------------------------
[main] INFO  - &amp#27;[92m
        __    _____ _____ ____ _____   ____   _    ____  ____  _____ ____  
  _     \ \  |_   _| ____/ ___|_   _| |  _ \ / \  / ___|/ ___|| ____|  _ \ 
 (_)_____| |   | | |  _| \___ \ | |   | |_) / _ \ \___ \\___ \|  _| | | | |
  _|_____| |   | | | |___ ___) || |   |  __/ ___ \ ___) |___) | |___| |_| |
 (_)     | |   |_| |_____|____/ |_|   |_| /_/   \_\____/|____/|_____|____/ 
        /_/                                                                

Checking total balance
----------------------------------------------------------------------------&amp#27;[0m
]]></system-err>
  </testcase>
</testsuite>