<?xml version="1.0" encoding="UTF-8"?>
<testsuite xmlns:xsi="http://www.w3.org/2001/XMLSchema-instance" xsi:noNamespaceSchemaLocation="https://maven.apache.org/surefire/maven-surefire-plugin/xsd/surefire-test-report-3.0.xsd" version="3.0" name="codechallenge.be.cucumber.testRunner.TestRunnerAPI" time="78.35" tests="49" errors="0" skipped="0" failures="13">
  <properties>
    <property name="gopherProxySet" value="false"/>
    <property name="awt.toolkit" value="sun.lwawt.macosx.LWCToolkit"/>
    <property name="file.encoding.pkg" value="sun.io"/>
    <property name="java.specification.version" value="1.8"/>
    <property name="sun.cpu.isalist" value=""/>
    <property name="sun.jnu.encoding" value="UTF-8"/>
    <property name="java.class.path" value="/Users/kushwmeg/IdeaProjects/pet-store-automation/target/test-classes:/Users/kushwmeg/IdeaProjects/pet-store-automation/target/classes:/Users/kushwmeg/.m2/repository/net/serenity-bdd/serenity-cucumber6/2.3.4/serenity-cucumber6-2.3.4.jar:/Users/kushwmeg/.m2/repository/net/serenity-bdd/serenity-screenplay/2.3.4/serenity-screenplay-2.3.4.jar:/Users/kushwmeg/.m2/repository/net/serenity-bdd/serenity-screenplay-webdriver/2.3.4/serenity-screenplay-webdriver-2.3.4.jar:/Users/kushwmeg/.m2/repository/io/cucumber/cucumber-junit/6.6.0/cucumber-junit-6.6.0.jar:/Users/kushwmeg/.m2/repository/io/cucumber/datatable-matchers/3.4.0/datatable-matchers-3.4.0.jar:/Users/kushwmeg/.m2/repository/io/cucumber/datatable/3.4.0/datatable-3.4.0.jar:/Users/kushwmeg/.m2/repository/org/hamcrest/hamcrest/2.2/hamcrest-2.2.jar:/Users/kushwmeg/.m2/repository/commons-logging/commons-logging/1.2/commons-logging-1.2.jar:/Users/kushwmeg/.m2/repository/org/apache/commons/commons-csv/1.5/commons-csv-1.5.jar:/Users/kushwmeg/.m2/repository/com/google/code/gson/gson/2.8.4/gson-2.8.4.jar:/Users/kushwmeg/.m2/repository/net/serenity-bdd/serenity-junit/2.3.4/serenity-junit-2.3.4.jar:/Users/kushwmeg/.m2/repository/net/bytebuddy/byte-buddy/1.10.1/byte-buddy-1.10.1.jar:/Users/kushwmeg/.m2/repository/net/bytebuddy/byte-buddy-agent/1.10.1/byte-buddy-agent-1.10.1.jar:/Users/kushwmeg/.m2/repository/com/google/guava/guava/25.0-jre/guava-25.0-jre.jar:/Users/kushwmeg/.m2/repository/com/google/code/findbugs/jsr305/1.3.9/jsr305-1.3.9.jar:/Users/kushwmeg/.m2/repository/org/checkerframework/checker-compat-qual/2.0.0/checker-compat-qual-2.0.0.jar:/Users/kushwmeg/.m2/repository/com/google/errorprone/error_prone_annotations/2.1.3/error_prone_annotations-2.1.3.jar:/Users/kushwmeg/.m2/repository/com/google/j2objc/j2objc-annotations/1.1/j2objc-annotations-1.1.jar:/Users/kushwmeg/.m2/repository/org/codehaus/mojo/animal-sniffer-annotations/1.14/animal-sniffer-annotations-1.14.jar:/Users/kushwmeg/.m2/repository/com/google/inject/guice/4.2.2/guice-4.2.2.jar:/Users/kushwmeg/.m2/repository/javax/inject/javax.inject/1/javax.inject-1.jar:/Users/kushwmeg/.m2/repository/aopalliance/aopalliance/1.0/aopalliance-1.0.jar:/Users/kushwmeg/.m2/repository/org/ow2/asm/asm/7.2/asm-7.2.jar:/Users/kushwmeg/.m2/repository/commons-codec/commons-codec/1.10/commons-codec-1.10.jar:/Users/kushwmeg/.m2/repository/org/objenesis/objenesis/3.0.1/objenesis-3.0.1.jar:/Users/kushwmeg/.m2/repository/org/slf4j/slf4j-api/1.7.26/slf4j-api-1.7.26.jar:/Users/kushwmeg/.m2/repository/xml-apis/xml-apis/1.4.01/xml-apis-1.4.01.jar:/Users/kushwmeg/.m2/repository/io/cucumber/cucumber-core/6.6.0/cucumber-core-6.6.0.jar:/Users/kushwmeg/.m2/repository/io/cucumber/cucumber-gherkin/6.6.0/cucumber-gherkin-6.6.0.jar:/Users/kushwmeg/.m2/repository/io/cucumber/cucumber-gherkin-messages/6.6.0/cucumber-gherkin-messages-6.6.0.jar:/Users/kushwmeg/.m2/repository/io/cucumber/messages/13.0.1/messages-13.0.1.jar:/Users/kushwmeg/.m2/repository/io/cucumber/tag-expressions/3.0.0/tag-expressions-3.0.0.jar:/Users/kushwmeg/.m2/repository/io/cucumber/cucumber-expressions/10.3.0/cucumber-expressions-10.3.0.jar:/Users/kushwmeg/.m2/repository/io/cucumber/cucumber-plugin/6.6.0/cucumber-plugin-6.6.0.jar:/Users/kushwmeg/.m2/repository/io/cucumber/docstring/6.6.0/docstring-6.6.0.jar:/Users/kushwmeg/.m2/repository/io/cucumber/html-formatter/9.0.0/html-formatter-9.0.0.jar:/Users/kushwmeg/.m2/repository/io/cucumber/create-meta/2.0.1/create-meta-2.0.1.jar:/Users/kushwmeg/.m2/repository/io/vavr/vavr/0.9.0/vavr-0.9.0.jar:/Users/kushwmeg/.m2/repository/io/vavr/vavr-match/0.9.0/vavr-match-0.9.0.jar:/Users/kushwmeg/.m2/repository/javax/xml/bind/jaxb-api/2.2.12/jaxb-api-2.2.12.jar:/Users/kushwmeg/.m2/repository/com/sun/xml/bind/jaxb-core/2.3.0.1/jaxb-core-2.3.0.1.jar:/Users/kushwmeg/.m2/repository/com/sun/xml/bind/jaxb-impl/2.3.0.1/jaxb-impl-2.3.0.1.jar:/Users/kushwmeg/.m2/repository/javax/activation/activation/1.1.1/activation-1.1.1.jar:/Users/kushwmeg/.m2/repository/org/mockito/mockito-core/3.1.0/mockito-core-3.1.0.jar:/Users/kushwmeg/.m2/repository/net/serenity-bdd/serenity-model/2.3.4/serenity-model-2.3.4.jar:/Users/kushwmeg/.m2/repository/commons-net/commons-net/3.6/commons-net-3.6.jar:/Users/kushwmeg/.m2/repository/org/apache/commons/commons-text/1.6/commons-text-1.6.jar:/Users/kushwmeg/.m2/repository/es/nitaur/markdown/txtmark/0.16/txtmark-0.16.jar:/Users/kushwmeg/.m2/repository/org/hamcrest/hamcrest-core/1.3/hamcrest-core-1.3.jar:/Users/kushwmeg/.m2/repository/net/serenity-bdd/serenity-core/2.3.4/serenity-core-2.3.4.jar:/Users/kushwmeg/.m2/repository/net/serenity-bdd/serenity-report-resources/2.3.4/serenity-report-resources-2.3.4.jar:/Users/kushwmeg/.m2/repository/net/serenity-bdd/serenity-reports/2.3.4/serenity-reports-2.3.4.jar:/Users/kushwmeg/.m2/repository/net/serenity-bdd/serenity-stats/2.3.4/serenity-stats-2.3.4.jar:/Users/kushwmeg/.m2/repository/org/jetbrains/kotlin/kotlin-stdlib/1.3.31/kotlin-stdlib-1.3.31.jar:/Users/kushwmeg/.m2/repository/org/jetbrains/kotlin/kotlin-stdlib-common/1.3.31/kotlin-stdlib-common-1.3.31.jar:/Users/kushwmeg/.m2/repository/org/jetbrains/annotations/13.0/annotations-13.0.jar:/Users/kushwmeg/.m2/repository/org/seleniumhq/selenium/selenium-server/3.141.59/selenium-server-3.141.59.jar:/Users/kushwmeg/.m2/repository/org/seleniumhq/selenium/selenium-firefox-driver/3.141.59/selenium-firefox-driver-3.141.59.jar:/Users/kushwmeg/.m2/repository/org/seleniumhq/selenium/selenium-ie-driver/3.141.59/selenium-ie-driver-3.141.59.jar:/Users/kushwmeg/.m2/repository/com/beust/jcommander/1.72/jcommander-1.72.jar:/Users/kushwmeg/.m2/repository/org/apache/commons/commons-exec/1.3/commons-exec-1.3.jar:/Users/kushwmeg/.m2/repository/net/jcip/jcip-annotations/1.0/jcip-annotations-1.0.jar:/Users/kushwmeg/.m2/repository/org/seleniumhq/selenium/jetty-repacked/9.4.12.v20180830/jetty-repacked-9.4.12.v20180830.jar:/Users/kushwmeg/.m2/repository/com/squareup/okhttp3/okhttp/3.11.0/okhttp-3.11.0.jar:/Users/kushwmeg/.m2/repository/com/squareup/okio/okio/1.14.0/okio-1.14.0.jar:/Users/kushwmeg/.m2/repository/javax/servlet/javax.servlet-api/3.1.0/javax.servlet-api-3.1.0.jar:/Users/kushwmeg/.m2/repository/org/yaml/snakeyaml/1.19/snakeyaml-1.19.jar:/Users/kushwmeg/.m2/repository/org/seleniumhq/selenium/selenium-java/3.141.59/selenium-java-3.141.59.jar:/Users/kushwmeg/.m2/repository/org/seleniumhq/selenium/selenium-api/3.141.59/selenium-api-3.141.59.jar:/Users/kushwmeg/.m2/repository/org/seleniumhq/selenium/selenium-chrome-driver/3.141.59/selenium-chrome-driver-3.141.59.jar:/Users/kushwmeg/.m2/repository/org/seleniumhq/selenium/selenium-edge-driver/3.141.59/selenium-edge-driver-3.141.59.jar:/Users/kushwmeg/.m2/repository/org/seleniumhq/selenium/selenium-remote-driver/3.141.59/selenium-remote-driver-3.141.59.jar:/Users/kushwmeg/.m2/repository/org/seleniumhq/selenium/selenium-safari-driver/3.141.59/selenium-safari-driver-3.141.59.jar:/Users/kushwmeg/.m2/repository/org/seleniumhq/selenium/selenium-opera-driver/3.141.59/selenium-opera-driver-3.141.59.jar:/Users/kushwmeg/.m2/repository/org/seleniumhq/selenium/selenium-support/3.141.59/selenium-support-3.141.59.jar:/Users/kushwmeg/.m2/repository/com/paulhammant/ngwebdriver/1.1.5/ngwebdriver-1.1.5.jar:/Users/kushwmeg/.m2/repository/com/assertthat/selenium-shutterbug/0.9.3/selenium-shutterbug-0.9.3.jar:/Users/kushwmeg/.m2/repository/com/github/zafarkhaja/java-semver/0.9.0/java-semver-0.9.0.jar:/Users/kushwmeg/.m2/repository/com/codeborne/phantomjsdriver/1.4.4/phantomjsdriver-1.4.4.jar:/Users/kushwmeg/.m2/repository/org/seleniumhq/selenium/htmlunit-driver/2.37.0/htmlunit-driver-2.37.0.jar:/Users/kushwmeg/.m2/repository/io/appium/java-client/7.3.0/java-client-7.3.0.jar:/Users/kushwmeg/.m2/repository/commons-validator/commons-validator/1.6/commons-validator-1.6.jar:/Users/kushwmeg/.m2/repository/commons-beanutils/commons-beanutils/1.9.2/commons-beanutils-1.9.2.jar:/Users/kushwmeg/.m2/repository/commons-digester/commons-digester/1.8.1/commons-digester-1.8.1.jar:/Users/kushwmeg/.m2/repository/org/aspectj/aspectjweaver/1.9.4/aspectjweaver-1.9.4.jar:/Users/kushwmeg/.m2/repository/org/springframework/spring-context-support/5.1.2.RELEASE/spring-context-support-5.1.2.RELEASE.jar:/Users/kushwmeg/.m2/repository/org/springframework/spring-beans/5.1.2.RELEASE/spring-beans-5.1.2.RELEASE.jar:/Users/kushwmeg/.m2/repository/org/springframework/spring-context/5.1.2.RELEASE/spring-context-5.1.2.RELEASE.jar:/Users/kushwmeg/.m2/repository/org/springframework/spring-aop/5.1.2.RELEASE/spring-aop-5.1.2.RELEASE.jar:/Users/kushwmeg/.m2/repository/org/springframework/spring-expression/5.1.2.RELEASE/spring-expression-5.1.2.RELEASE.jar:/Users/kushwmeg/.m2/repository/org/springframework/spring-core/5.1.2.RELEASE/spring-core-5.1.2.RELEASE.jar:/Users/kushwmeg/.m2/repository/org/springframework/spring-jcl/5.1.2.RELEASE/spring-jcl-5.1.2.RELEASE.jar:/Users/kushwmeg/.m2/repository/org/codehaus/groovy/groovy/2.5.5/groovy-2.5.5.jar:/Users/kushwmeg/.m2/repository/net/sf/opencsv/opencsv/2.0/opencsv-2.0.jar:/Users/kushwmeg/.m2/repository/commons-beanutils/commons-beanutils-core/1.8.3/commons-beanutils-core-1.8.3.jar:/Users/kushwmeg/.m2/repository/joda-time/joda-time/2.7/joda-time-2.7.jar:/Users/kushwmeg/.m2/repository/com/thoughtworks/xstream/xstream/1.4.9/xstream-1.4.9.jar:/Users/kushwmeg/.m2/repository/xmlpull/xmlpull/1.1.3.1/xmlpull-1.1.3.1.jar:/Users/kushwmeg/.m2/repository/xpp3/xpp3_min/1.1.4c/xpp3_min-1.1.4c.jar:/Users/kushwmeg/.m2/repository/org/apache/commons/commons-lang3/3.8.1/commons-lang3-3.8.1.jar:/Users/kushwmeg/.m2/repository/commons-collections/commons-collections/3.2.2/commons-collections-3.2.2.jar:/Users/kushwmeg/.m2/repository/org/freemarker/freemarker/2.3.29/freemarker-2.3.29.jar:/Users/kushwmeg/.m2/repository/net/sourceforge/jexcelapi/jxl/2.6.12/jxl-2.6.12.jar:/Users/kushwmeg/.m2/repository/net/sourceforge/htmlunit/htmlunit/2.37.0/htmlunit-2.37.0.jar:/Users/kushwmeg/.m2/repository/net/sourceforge/htmlunit/htmlunit-core-js/2.37.0/htmlunit-core-js-2.37.0.jar:/Users/kushwmeg/.m2/repository/net/sourceforge/htmlunit/neko-htmlunit/2.37.0/neko-htmlunit-2.37.0.jar:/Users/kushwmeg/.m2/repository/xerces/xercesImpl/2.12.0/xercesImpl-2.12.0.jar:/Users/kushwmeg/.m2/repository/net/sourceforge/htmlunit/htmlunit-cssparser/1.5.0/htmlunit-cssparser-1.5.0.jar:/Users/kushwmeg/.m2/repository/org/brotli/dec/0.1.2/dec-0.1.2.jar:/Users/kushwmeg/.m2/repository/org/eclipse/jetty/websocket/websocket-client/9.4.26.v20200117/websocket-client-9.4.26.v20200117.jar:/Users/kushwmeg/.m2/repository/org/eclipse/jetty/jetty-client/9.4.26.v20200117/jetty-client-9.4.26.v20200117.jar:/Users/kushwmeg/.m2/repository/org/eclipse/jetty/jetty-http/9.4.26.v20200117/jetty-http-9.4.26.v20200117.jar:/Users/kushwmeg/.m2/repository/org/eclipse/jetty/jetty-xml/9.4.26.v20200117/jetty-xml-9.4.26.v20200117.jar:/Users/kushwmeg/.m2/repository/org/eclipse/jetty/jetty-util/9.4.26.v20200117/jetty-util-9.4.26.v20200117.jar:/Users/kushwmeg/.m2/repository/org/eclipse/jetty/jetty-io/9.4.26.v20200117/jetty-io-9.4.26.v20200117.jar:/Users/kushwmeg/.m2/repository/org/eclipse/jetty/websocket/websocket-common/9.4.26.v20200117/websocket-common-9.4.26.v20200117.jar:/Users/kushwmeg/.m2/repository/org/eclipse/jetty/websocket/websocket-api/9.4.26.v20200117/websocket-api-9.4.26.v20200117.jar:/Users/kushwmeg/.m2/repository/org/apache/httpcomponents/httpclient/4.5.5/httpclient-4.5.5.jar:/Users/kushwmeg/.m2/repository/org/apache/httpcomponents/httpcore/4.4.9/httpcore-4.4.9.jar:/Users/kushwmeg/.m2/repository/org/apache/httpcomponents/httpmime/4.5.5/httpmime-4.5.5.jar:/Users/kushwmeg/.m2/repository/org/fluentlenium/fluentlenium-core/0.10.2/fluentlenium-core-0.10.2.jar:/Users/kushwmeg/.m2/repository/com/jhlabs/filters/2.0.235/filters-2.0.235.jar:/Users/kushwmeg/.m2/repository/org/asciidoctor/asciidoctorj/1.5.6/asciidoctorj-1.5.6.jar:/Users/kushwmeg/.m2/repository/org/jruby/jruby-complete/1.7.26/jruby-complete-1.7.26.jar:/Users/kushwmeg/.m2/repository/org/imgscalr/imgscalr-lib/4.2/imgscalr-lib-4.2.jar:/Users/kushwmeg/.m2/repository/javax/el/javax.el-api/2.2.4/javax.el-api-2.2.4.jar:/Users/kushwmeg/.m2/repository/org/glassfish/web/javax.el/2.2.4/javax.el-2.2.4.jar:/Users/kushwmeg/.m2/repository/xalan/xalan/2.7.2/xalan-2.7.2.jar:/Users/kushwmeg/.m2/repository/xalan/serializer/2.7.2/serializer-2.7.2.jar:/Users/kushwmeg/.m2/repository/org/awaitility/awaitility/4.0.1/awaitility-4.0.1.jar:/Users/kushwmeg/.m2/repository/com/typesafe/config/1.3.1/config-1.3.1.jar:/Users/kushwmeg/.m2/repository/org/jsoup/jsoup/1.10.3/jsoup-1.10.3.jar:/Users/kushwmeg/.m2/repository/com/google/jimfs/jimfs/1.1/jimfs-1.1.jar:/Users/kushwmeg/.m2/repository/com/vladsch/flexmark/flexmark-all/0.34.30/flexmark-all-0.34.30.jar:/Users/kushwmeg/.m2/repository/com/vladsch/flexmark/flexmark/0.34.30/flexmark-0.34.30.jar:/Users/kushwmeg/.m2/repository/com/vladsch/flexmark/flexmark-ext-abbreviation/0.34.30/flexmark-ext-abbreviation-0.34.30.jar:/Users/kushwmeg/.m2/repository/com/vladsch/flexmark/flexmark-ext-admonition/0.34.30/flexmark-ext-admonition-0.34.30.jar:/Users/kushwmeg/.m2/repository/com/vladsch/flexmark/flexmark-ext-anchorlink/0.34.30/flexmark-ext-anchorlink-0.34.30.jar:/Users/kushwmeg/.m2/repository/com/vladsch/flexmark/flexmark-ext-aside/0.34.30/flexmark-ext-aside-0.34.30.jar:/Users/kushwmeg/.m2/repository/com/vladsch/flexmark/flexmark-ext-attributes/0.34.30/flexmark-ext-attributes-0.34.30.jar:/Users/kushwmeg/.m2/repository/com/vladsch/flexmark/flexmark-ext-autolink/0.34.30/flexmark-ext-autolink-0.34.30.jar:/Users/kushwmeg/.m2/repository/org/nibor/autolink/autolink/0.6.0/autolink-0.6.0.jar:/Users/kushwmeg/.m2/repository/com/vladsch/flexmark/flexmark-ext-definition/0.34.30/flexmark-ext-definition-0.34.30.jar:/Users/kushwmeg/.m2/repository/com/vladsch/flexmark/flexmark-ext-emoji/0.34.30/flexmark-ext-emoji-0.34.30.jar:/Users/kushwmeg/.m2/repository/com/vladsch/flexmark/flexmark-ext-enumerated-reference/0.34.30/flexmark-ext-enumerated-reference-0.34.30.jar:/Users/kushwmeg/.m2/repository/com/vladsch/flexmark/flexmark-ext-escaped-character/0.34.30/flexmark-ext-escaped-character-0.34.30.jar:/Users/kushwmeg/.m2/repository/com/vladsch/flexmark/flexmark-ext-footnotes/0.34.30/flexmark-ext-footnotes-0.34.30.jar:/Users/kushwmeg/.m2/repository/com/vladsch/flexmark/flexmark-ext-gfm-issues/0.34.30/flexmark-ext-gfm-issues-0.34.30.jar:/Users/kushwmeg/.m2/repository/com/vladsch/flexmark/flexmark-ext-gfm-strikethrough/0.34.30/flexmark-ext-gfm-strikethrough-0.34.30.jar:/Users/kushwmeg/.m2/repository/com/vladsch/flexmark/flexmark-ext-gfm-tables/0.34.30/flexmark-ext-gfm-tables-0.34.30.jar:/Users/kushwmeg/.m2/repository/com/vladsch/flexmark/flexmark-ext-gfm-tasklist/0.34.30/flexmark-ext-gfm-tasklist-0.34.30.jar:/Users/kushwmeg/.m2/repository/com/vladsch/flexmark/flexmark-ext-gfm-users/0.34.30/flexmark-ext-gfm-users-0.34.30.jar:/Users/kushwmeg/.m2/repository/com/vladsch/flexmark/flexmark-ext-gitlab/0.34.30/flexmark-ext-gitlab-0.34.30.jar:/Users/kushwmeg/.m2/repository/com/vladsch/flexmark/flexmark-ext-jekyll-front-matter/0.34.30/flexmark-ext-jekyll-front-matter-0.34.30.jar:/Users/kushwmeg/.m2/repository/com/vladsch/flexmark/flexmark-ext-jekyll-tag/0.34.30/flexmark-ext-jekyll-tag-0.34.30.jar:/Users/kushwmeg/.m2/repository/com/vladsch/flexmark/flexmark-ext-media-tags/0.34.30/flexmark-ext-media-tags-0.34.30.jar:/Users/kushwmeg/.m2/repository/com/vladsch/flexmark/flexmark-test-util/0.34.30/flexmark-test-util-0.34.30.jar:/Users/kushwmeg/.m2/repository/com/vladsch/flexmark/flexmark-ext-ins/0.34.30/flexmark-ext-ins-0.34.30.jar:/Users/kushwmeg/.m2/repository/com/vladsch/flexmark/flexmark-ext-xwiki-macros/0.34.30/flexmark-ext-xwiki-macros-0.34.30.jar:/Users/kushwmeg/.m2/repository/com/vladsch/flexmark/flexmark-ext-superscript/0.34.30/flexmark-ext-superscript-0.34.30.jar:/Users/kushwmeg/.m2/repository/com/vladsch/flexmark/flexmark-ext-tables/0.34.30/flexmark-ext-tables-0.34.30.jar:/Users/kushwmeg/.m2/repository/com/vladsch/flexmark/flexmark-ext-toc/0.34.30/flexmark-ext-toc-0.34.30.jar:/Users/kushwmeg/.m2/repository/com/vladsch/flexmark/flexmark-ext-typographic/0.34.30/flexmark-ext-typographic-0.34.30.jar:/Users/kushwmeg/.m2/repository/com/vladsch/flexmark/flexmark-ext-wikilink/0.34.30/flexmark-ext-wikilink-0.34.30.jar:/Users/kushwmeg/.m2/repository/com/vladsch/flexmark/flexmark-ext-yaml-front-matter/0.34.30/flexmark-ext-yaml-front-matter-0.34.30.jar:/Users/kushwmeg/.m2/repository/com/vladsch/flexmark/flexmark-ext-youtube-embedded/0.34.30/flexmark-ext-youtube-embedded-0.34.30.jar:/Users/kushwmeg/.m2/repository/com/vladsch/flexmark/flexmark-formatter/0.34.30/flexmark-formatter-0.34.30.jar:/Users/kushwmeg/.m2/repository/com/vladsch/flexmark/flexmark-html-parser/0.34.30/flexmark-html-parser-0.34.30.jar:/Users/kushwmeg/.m2/repository/com/vladsch/flexmark/flexmark-jira-converter/0.34.30/flexmark-jira-converter-0.34.30.jar:/Users/kushwmeg/.m2/repository/com/vladsch/flexmark/flexmark-pdf-converter/0.34.30/flexmark-pdf-converter-0.34.30.jar:/Users/kushwmeg/.m2/repository/com/openhtmltopdf/openhtmltopdf-core/0.0.1-RC13/openhtmltopdf-core-0.0.1-RC13.jar:/Users/kushwmeg/.m2/repository/com/openhtmltopdf/openhtmltopdf-pdfbox/0.0.1-RC13/openhtmltopdf-pdfbox-0.0.1-RC13.jar:/Users/kushwmeg/.m2/repository/org/apache/pdfbox/pdfbox/2.0.8/pdfbox-2.0.8.jar:/Users/kushwmeg/.m2/repository/org/apache/pdfbox/fontbox/2.0.8/fontbox-2.0.8.jar:/Users/kushwmeg/.m2/repository/org/apache/pdfbox/xmpbox/2.0.8/xmpbox-2.0.8.jar:/Users/kushwmeg/.m2/repository/de/rototor/pdfbox/graphics2d/0.12/graphics2d-0.12.jar:/Users/kushwmeg/.m2/repository/com/openhtmltopdf/openhtmltopdf-rtl-support/0.0.1-RC13/openhtmltopdf-rtl-support-0.0.1-RC13.jar:/Users/kushwmeg/.m2/repository/com/ibm/icu/icu4j/59.1/icu4j-59.1.jar:/Users/kushwmeg/.m2/repository/com/openhtmltopdf/openhtmltopdf-jsoup-dom-converter/0.0.1-RC13/openhtmltopdf-jsoup-dom-converter-0.0.1-RC13.jar:/Users/kushwmeg/.m2/repository/com/vladsch/flexmark/flexmark-profile-pegdown/0.34.30/flexmark-profile-pegdown-0.34.30.jar:/Users/kushwmeg/.m2/repository/com/vladsch/flexmark/flexmark-util/0.34.30/flexmark-util-0.34.30.jar:/Users/kushwmeg/.m2/repository/com/vladsch/flexmark/flexmark-youtrack-converter/0.34.30/flexmark-youtrack-converter-0.34.30.jar:/Users/kushwmeg/.m2/repository/io/github/bonigarcia/webdrivermanager/4.1.0/webdrivermanager-4.1.0.jar:/Users/kushwmeg/.m2/repository/org/apache/httpcomponents/client5/httpclient5/5.0.1/httpclient5-5.0.1.jar:/Users/kushwmeg/.m2/repository/org/apache/httpcomponents/core5/httpcore5/5.0.1/httpcore5-5.0.1.jar:/Users/kushwmeg/.m2/repository/org/apache/httpcomponents/core5/httpcore5-h2/5.0.1/httpcore5-h2-5.0.1.jar:/Users/kushwmeg/.m2/repository/org/rauschig/jarchivelib/1.0.0/jarchivelib-1.0.0.jar:/Users/kushwmeg/.m2/repository/org/apache/commons/commons-compress/1.18/commons-compress-1.18.jar:/Users/kushwmeg/.m2/repository/io/cucumber/cucumber-java/6.9.0/cucumber-java-6.9.0.jar:/Users/kushwmeg/.m2/repository/org/apiguardian/apiguardian-api/1.1.0/apiguardian-api-1.1.0.jar:/Users/kushwmeg/.m2/repository/net/serenity-bdd/serenity-rest-assured/2.1.13/serenity-rest-assured-2.1.13.jar:/Users/kushwmeg/.m2/repository/io/rest-assured/rest-assured/3.3.0/rest-assured-3.3.0.jar:/Users/kushwmeg/.m2/repository/org/ccil/cowan/tagsoup/tagsoup/1.2.1/tagsoup-1.2.1.jar:/Users/kushwmeg/.m2/repository/io/rest-assured/json-path/3.3.0/json-path-3.3.0.jar:/Users/kushwmeg/.m2/repository/io/rest-assured/rest-assured-common/3.3.0/rest-assured-common-3.3.0.jar:/Users/kushwmeg/.m2/repository/io/rest-assured/xml-path/3.3.0/xml-path-3.3.0.jar:/Users/kushwmeg/.m2/repository/com/sun/xml/bind/jaxb-osgi/2.2.10/jaxb-osgi-2.2.10.jar:/Users/kushwmeg/.m2/repository/org/apache/sling/org.apache.sling.javax.activation/0.1.0/org.apache.sling.javax.activation-0.1.0.jar:/Users/kushwmeg/.m2/repository/org/codehaus/groovy/groovy-xml/2.5.5/groovy-xml-2.5.5.jar:/Users/kushwmeg/.m2/repository/org/codehaus/groovy/groovy-json/2.5.5/groovy-json-2.5.5.jar:/Users/kushwmeg/.m2/repository/org/hamcrest/hamcrest-library/2.2/hamcrest-library-2.2.jar:/Users/kushwmeg/.m2/repository/org/projectlombok/lombok/1.18.12/lombok-1.18.12.jar:/Users/kushwmeg/.m2/repository/org/reflections/reflections/0.9.12/reflections-0.9.12.jar:/Users/kushwmeg/.m2/repository/org/javassist/javassist/3.26.0-GA/javassist-3.26.0-GA.jar:/Users/kushwmeg/.m2/repository/org/slf4j/slf4j-simple/1.7.21/slf4j-simple-1.7.21.jar:/Users/kushwmeg/.m2/repository/commons-io/commons-io/2.8.0/commons-io-2.8.0.jar:/Users/kushwmeg/.m2/repository/org/json/json/20201115/json-20201115.jar:/Users/kushwmeg/.m2/repository/junit/junit/4.13.2/junit-4.13.2.jar:"/>
    <property name="java.vm.vendor" value="Oracle Corporation"/>
    <property name="sun.arch.data.model" value="64"/>
    <property name="java.vendor.url" value="http://java.oracle.com/"/>
    <property name="user.timezone" value=""/>
    <property name="java.vm.specification.version" value="1.8"/>
    <property name="os.name" value="Mac OS X"/>
    <property name="user.country" value="IN"/>
    <property name="sun.java.launcher" value="SUN_STANDARD"/>
    <property name="sun.boot.library.path" value="/Library/Java/JavaVirtualMachines/jdk1.8.0_281.jdk/Contents/Home/jre/lib"/>
    <property name="sun.java.command" value="/Users/kushwmeg/IdeaProjects/pet-store-automation/target/surefire/surefirebooter2543165468092540447.jar /Users/kushwmeg/IdeaProjects/pet-store-automation/target/surefire 2021-11-30T16-20-26_300-jvmRun1 surefire5839452590441040567tmp surefire_04403463256136189980tmp"/>
    <property name="surefire.test.class.path" value="/Users/kushwmeg/IdeaProjects/pet-store-automation/target/test-classes:/Users/kushwmeg/IdeaProjects/pet-store-automation/target/classes:/Users/kushwmeg/.m2/repository/net/serenity-bdd/serenity-cucumber6/2.3.4/serenity-cucumber6-2.3.4.jar:/Users/kushwmeg/.m2/repository/net/serenity-bdd/serenity-screenplay/2.3.4/serenity-screenplay-2.3.4.jar:/Users/kushwmeg/.m2/repository/net/serenity-bdd/serenity-screenplay-webdriver/2.3.4/serenity-screenplay-webdriver-2.3.4.jar:/Users/kushwmeg/.m2/repository/io/cucumber/cucumber-junit/6.6.0/cucumber-junit-6.6.0.jar:/Users/kushwmeg/.m2/repository/io/cucumber/datatable-matchers/3.4.0/datatable-matchers-3.4.0.jar:/Users/kushwmeg/.m2/repository/io/cucumber/datatable/3.4.0/datatable-3.4.0.jar:/Users/kushwmeg/.m2/repository/org/hamcrest/hamcrest/2.2/hamcrest-2.2.jar:/Users/kushwmeg/.m2/repository/commons-logging/commons-logging/1.2/commons-logging-1.2.jar:/Users/kushwmeg/.m2/repository/org/apache/commons/commons-csv/1.5/commons-csv-1.5.jar:/Users/kushwmeg/.m2/repository/com/google/code/gson/gson/2.8.4/gson-2.8.4.jar:/Users/kushwmeg/.m2/repository/net/serenity-bdd/serenity-junit/2.3.4/serenity-junit-2.3.4.jar:/Users/kushwmeg/.m2/repository/net/bytebuddy/byte-buddy/1.10.1/byte-buddy-1.10.1.jar:/Users/kushwmeg/.m2/repository/net/bytebuddy/byte-buddy-agent/1.10.1/byte-buddy-agent-1.10.1.jar:/Users/kushwmeg/.m2/repository/com/google/guava/guava/25.0-jre/guava-25.0-jre.jar:/Users/kushwmeg/.m2/repository/com/google/code/findbugs/jsr305/1.3.9/jsr305-1.3.9.jar:/Users/kushwmeg/.m2/repository/org/checkerframework/checker-compat-qual/2.0.0/checker-compat-qual-2.0.0.jar:/Users/kushwmeg/.m2/repository/com/google/errorprone/error_prone_annotations/2.1.3/error_prone_annotations-2.1.3.jar:/Users/kushwmeg/.m2/repository/com/google/j2objc/j2objc-annotations/1.1/j2objc-annotations-1.1.jar:/Users/kushwmeg/.m2/repository/org/codehaus/mojo/animal-sniffer-annotations/1.14/animal-sniffer-annotations-1.14.jar:/Users/kushwmeg/.m2/repository/com/google/inject/guice/4.2.2/guice-4.2.2.jar:/Users/kushwmeg/.m2/repository/javax/inject/javax.inject/1/javax.inject-1.jar:/Users/kushwmeg/.m2/repository/aopalliance/aopalliance/1.0/aopalliance-1.0.jar:/Users/kushwmeg/.m2/repository/org/ow2/asm/asm/7.2/asm-7.2.jar:/Users/kushwmeg/.m2/repository/commons-codec/commons-codec/1.10/commons-codec-1.10.jar:/Users/kushwmeg/.m2/repository/org/objenesis/objenesis/3.0.1/objenesis-3.0.1.jar:/Users/kushwmeg/.m2/repository/org/slf4j/slf4j-api/1.7.26/slf4j-api-1.7.26.jar:/Users/kushwmeg/.m2/repository/xml-apis/xml-apis/1.4.01/xml-apis-1.4.01.jar:/Users/kushwmeg/.m2/repository/io/cucumber/cucumber-core/6.6.0/cucumber-core-6.6.0.jar:/Users/kushwmeg/.m2/repository/io/cucumber/cucumber-gherkin/6.6.0/cucumber-gherkin-6.6.0.jar:/Users/kushwmeg/.m2/repository/io/cucumber/cucumber-gherkin-messages/6.6.0/cucumber-gherkin-messages-6.6.0.jar:/Users/kushwmeg/.m2/repository/io/cucumber/messages/13.0.1/messages-13.0.1.jar:/Users/kushwmeg/.m2/repository/io/cucumber/tag-expressions/3.0.0/tag-expressions-3.0.0.jar:/Users/kushwmeg/.m2/repository/io/cucumber/cucumber-expressions/10.3.0/cucumber-expressions-10.3.0.jar:/Users/kushwmeg/.m2/repository/io/cucumber/cucumber-plugin/6.6.0/cucumber-plugin-6.6.0.jar:/Users/kushwmeg/.m2/repository/io/cucumber/docstring/6.6.0/docstring-6.6.0.jar:/Users/kushwmeg/.m2/repository/io/cucumber/html-formatter/9.0.0/html-formatter-9.0.0.jar:/Users/kushwmeg/.m2/repository/io/cucumber/create-meta/2.0.1/create-meta-2.0.1.jar:/Users/kushwmeg/.m2/repository/io/vavr/vavr/0.9.0/vavr-0.9.0.jar:/Users/kushwmeg/.m2/repository/io/vavr/vavr-match/0.9.0/vavr-match-0.9.0.jar:/Users/kushwmeg/.m2/repository/javax/xml/bind/jaxb-api/2.2.12/jaxb-api-2.2.12.jar:/Users/kushwmeg/.m2/repository/com/sun/xml/bind/jaxb-core/2.3.0.1/jaxb-core-2.3.0.1.jar:/Users/kushwmeg/.m2/repository/com/sun/xml/bind/jaxb-impl/2.3.0.1/jaxb-impl-2.3.0.1.jar:/Users/kushwmeg/.m2/repository/javax/activation/activation/1.1.1/activation-1.1.1.jar:/Users/kushwmeg/.m2/repository/org/mockito/mockito-core/3.1.0/mockito-core-3.1.0.jar:/Users/kushwmeg/.m2/repository/net/serenity-bdd/serenity-model/2.3.4/serenity-model-2.3.4.jar:/Users/kushwmeg/.m2/repository/commons-net/commons-net/3.6/commons-net-3.6.jar:/Users/kushwmeg/.m2/repository/org/apache/commons/commons-text/1.6/commons-text-1.6.jar:/Users/kushwmeg/.m2/repository/es/nitaur/markdown/txtmark/0.16/txtmark-0.16.jar:/Users/kushwmeg/.m2/repository/org/hamcrest/hamcrest-core/1.3/hamcrest-core-1.3.jar:/Users/kushwmeg/.m2/repository/net/serenity-bdd/serenity-core/2.3.4/serenity-core-2.3.4.jar:/Users/kushwmeg/.m2/repository/net/serenity-bdd/serenity-report-resources/2.3.4/serenity-report-resources-2.3.4.jar:/Users/kushwmeg/.m2/repository/net/serenity-bdd/serenity-reports/2.3.4/serenity-reports-2.3.4.jar:/Users/kushwmeg/.m2/repository/net/serenity-bdd/serenity-stats/2.3.4/serenity-stats-2.3.4.jar:/Users/kushwmeg/.m2/repository/org/jetbrains/kotlin/kotlin-stdlib/1.3.31/kotlin-stdlib-1.3.31.jar:/Users/kushwmeg/.m2/repository/org/jetbrains/kotlin/kotlin-stdlib-common/1.3.31/kotlin-stdlib-common-1.3.31.jar:/Users/kushwmeg/.m2/repository/org/jetbrains/annotations/13.0/annotations-13.0.jar:/Users/kushwmeg/.m2/repository/org/seleniumhq/selenium/selenium-server/3.141.59/selenium-server-3.141.59.jar:/Users/kushwmeg/.m2/repository/org/seleniumhq/selenium/selenium-firefox-driver/3.141.59/selenium-firefox-driver-3.141.59.jar:/Users/kushwmeg/.m2/repository/org/seleniumhq/selenium/selenium-ie-driver/3.141.59/selenium-ie-driver-3.141.59.jar:/Users/kushwmeg/.m2/repository/com/beust/jcommander/1.72/jcommander-1.72.jar:/Users/kushwmeg/.m2/repository/org/apache/commons/commons-exec/1.3/commons-exec-1.3.jar:/Users/kushwmeg/.m2/repository/net/jcip/jcip-annotations/1.0/jcip-annotations-1.0.jar:/Users/kushwmeg/.m2/repository/org/seleniumhq/selenium/jetty-repacked/9.4.12.v20180830/jetty-repacked-9.4.12.v20180830.jar:/Users/kushwmeg/.m2/repository/com/squareup/okhttp3/okhttp/3.11.0/okhttp-3.11.0.jar:/Users/kushwmeg/.m2/repository/com/squareup/okio/okio/1.14.0/okio-1.14.0.jar:/Users/kushwmeg/.m2/repository/javax/servlet/javax.servlet-api/3.1.0/javax.servlet-api-3.1.0.jar:/Users/kushwmeg/.m2/repository/org/yaml/snakeyaml/1.19/snakeyaml-1.19.jar:/Users/kushwmeg/.m2/repository/org/seleniumhq/selenium/selenium-java/3.141.59/selenium-java-3.141.59.jar:/Users/kushwmeg/.m2/repository/org/seleniumhq/selenium/selenium-api/3.141.59/selenium-api-3.141.59.jar:/Users/kushwmeg/.m2/repository/org/seleniumhq/selenium/selenium-chrome-driver/3.141.59/selenium-chrome-driver-3.141.59.jar:/Users/kushwmeg/.m2/repository/org/seleniumhq/selenium/selenium-edge-driver/3.141.59/selenium-edge-driver-3.141.59.jar:/Users/kushwmeg/.m2/repository/org/seleniumhq/selenium/selenium-remote-driver/3.141.59/selenium-remote-driver-3.141.59.jar:/Users/kushwmeg/.m2/repository/org/seleniumhq/selenium/selenium-safari-driver/3.141.59/selenium-safari-driver-3.141.59.jar:/Users/kushwmeg/.m2/repository/org/seleniumhq/selenium/selenium-opera-driver/3.141.59/selenium-opera-driver-3.141.59.jar:/Users/kushwmeg/.m2/repository/org/seleniumhq/selenium/selenium-support/3.141.59/selenium-support-3.141.59.jar:/Users/kushwmeg/.m2/repository/com/paulhammant/ngwebdriver/1.1.5/ngwebdriver-1.1.5.jar:/Users/kushwmeg/.m2/repository/com/assertthat/selenium-shutterbug/0.9.3/selenium-shutterbug-0.9.3.jar:/Users/kushwmeg/.m2/repository/com/github/zafarkhaja/java-semver/0.9.0/java-semver-0.9.0.jar:/Users/kushwmeg/.m2/repository/com/codeborne/phantomjsdriver/1.4.4/phantomjsdriver-1.4.4.jar:/Users/kushwmeg/.m2/repository/org/seleniumhq/selenium/htmlunit-driver/2.37.0/htmlunit-driver-2.37.0.jar:/Users/kushwmeg/.m2/repository/io/appium/java-client/7.3.0/java-client-7.3.0.jar:/Users/kushwmeg/.m2/repository/commons-validator/commons-validator/1.6/commons-validator-1.6.jar:/Users/kushwmeg/.m2/repository/commons-beanutils/commons-beanutils/1.9.2/commons-beanutils-1.9.2.jar:/Users/kushwmeg/.m2/repository/commons-digester/commons-digester/1.8.1/commons-digester-1.8.1.jar:/Users/kushwmeg/.m2/repository/org/aspectj/aspectjweaver/1.9.4/aspectjweaver-1.9.4.jar:/Users/kushwmeg/.m2/repository/org/springframework/spring-context-support/5.1.2.RELEASE/spring-context-support-5.1.2.RELEASE.jar:/Users/kushwmeg/.m2/repository/org/springframework/spring-beans/5.1.2.RELEASE/spring-beans-5.1.2.RELEASE.jar:/Users/kushwmeg/.m2/repository/org/springframework/spring-context/5.1.2.RELEASE/spring-context-5.1.2.RELEASE.jar:/Users/kushwmeg/.m2/repository/org/springframework/spring-aop/5.1.2.RELEASE/spring-aop-5.1.2.RELEASE.jar:/Users/kushwmeg/.m2/repository/org/springframework/spring-expression/5.1.2.RELEASE/spring-expression-5.1.2.RELEASE.jar:/Users/kushwmeg/.m2/repository/org/springframework/spring-core/5.1.2.RELEASE/spring-core-5.1.2.RELEASE.jar:/Users/kushwmeg/.m2/repository/org/springframework/spring-jcl/5.1.2.RELEASE/spring-jcl-5.1.2.RELEASE.jar:/Users/kushwmeg/.m2/repository/org/codehaus/groovy/groovy/2.5.5/groovy-2.5.5.jar:/Users/kushwmeg/.m2/repository/net/sf/opencsv/opencsv/2.0/opencsv-2.0.jar:/Users/kushwmeg/.m2/repository/commons-beanutils/commons-beanutils-core/1.8.3/commons-beanutils-core-1.8.3.jar:/Users/kushwmeg/.m2/repository/joda-time/joda-time/2.7/joda-time-2.7.jar:/Users/kushwmeg/.m2/repository/com/thoughtworks/xstream/xstream/1.4.9/xstream-1.4.9.jar:/Users/kushwmeg/.m2/repository/xmlpull/xmlpull/1.1.3.1/xmlpull-1.1.3.1.jar:/Users/kushwmeg/.m2/repository/xpp3/xpp3_min/1.1.4c/xpp3_min-1.1.4c.jar:/Users/kushwmeg/.m2/repository/org/apache/commons/commons-lang3/3.8.1/commons-lang3-3.8.1.jar:/Users/kushwmeg/.m2/repository/commons-collections/commons-collections/3.2.2/commons-collections-3.2.2.jar:/Users/kushwmeg/.m2/repository/org/freemarker/freemarker/2.3.29/freemarker-2.3.29.jar:/Users/kushwmeg/.m2/repository/net/sourceforge/jexcelapi/jxl/2.6.12/jxl-2.6.12.jar:/Users/kushwmeg/.m2/repository/net/sourceforge/htmlunit/htmlunit/2.37.0/htmlunit-2.37.0.jar:/Users/kushwmeg/.m2/repository/net/sourceforge/htmlunit/htmlunit-core-js/2.37.0/htmlunit-core-js-2.37.0.jar:/Users/kushwmeg/.m2/repository/net/sourceforge/htmlunit/neko-htmlunit/2.37.0/neko-htmlunit-2.37.0.jar:/Users/kushwmeg/.m2/repository/xerces/xercesImpl/2.12.0/xercesImpl-2.12.0.jar:/Users/kushwmeg/.m2/repository/net/sourceforge/htmlunit/htmlunit-cssparser/1.5.0/htmlunit-cssparser-1.5.0.jar:/Users/kushwmeg/.m2/repository/org/brotli/dec/0.1.2/dec-0.1.2.jar:/Users/kushwmeg/.m2/repository/org/eclipse/jetty/websocket/websocket-client/9.4.26.v20200117/websocket-client-9.4.26.v20200117.jar:/Users/kushwmeg/.m2/repository/org/eclipse/jetty/jetty-client/9.4.26.v20200117/jetty-client-9.4.26.v20200117.jar:/Users/kushwmeg/.m2/repository/org/eclipse/jetty/jetty-http/9.4.26.v20200117/jetty-http-9.4.26.v20200117.jar:/Users/kushwmeg/.m2/repository/org/eclipse/jetty/jetty-xml/9.4.26.v20200117/jetty-xml-9.4.26.v20200117.jar:/Users/kushwmeg/.m2/repository/org/eclipse/jetty/jetty-util/9.4.26.v20200117/jetty-util-9.4.26.v20200117.jar:/Users/kushwmeg/.m2/repository/org/eclipse/jetty/jetty-io/9.4.26.v20200117/jetty-io-9.4.26.v20200117.jar:/Users/kushwmeg/.m2/repository/org/eclipse/jetty/websocket/websocket-common/9.4.26.v20200117/websocket-common-9.4.26.v20200117.jar:/Users/kushwmeg/.m2/repository/org/eclipse/jetty/websocket/websocket-api/9.4.26.v20200117/websocket-api-9.4.26.v20200117.jar:/Users/kushwmeg/.m2/repository/org/apache/httpcomponents/httpclient/4.5.5/httpclient-4.5.5.jar:/Users/kushwmeg/.m2/repository/org/apache/httpcomponents/httpcore/4.4.9/httpcore-4.4.9.jar:/Users/kushwmeg/.m2/repository/org/apache/httpcomponents/httpmime/4.5.5/httpmime-4.5.5.jar:/Users/kushwmeg/.m2/repository/org/fluentlenium/fluentlenium-core/0.10.2/fluentlenium-core-0.10.2.jar:/Users/kushwmeg/.m2/repository/com/jhlabs/filters/2.0.235/filters-2.0.235.jar:/Users/kushwmeg/.m2/repository/org/asciidoctor/asciidoctorj/1.5.6/asciidoctorj-1.5.6.jar:/Users/kushwmeg/.m2/repository/org/jruby/jruby-complete/1.7.26/jruby-complete-1.7.26.jar:/Users/kushwmeg/.m2/repository/org/imgscalr/imgscalr-lib/4.2/imgscalr-lib-4.2.jar:/Users/kushwmeg/.m2/repository/javax/el/javax.el-api/2.2.4/javax.el-api-2.2.4.jar:/Users/kushwmeg/.m2/repository/org/glassfish/web/javax.el/2.2.4/javax.el-2.2.4.jar:/Users/kushwmeg/.m2/repository/xalan/xalan/2.7.2/xalan-2.7.2.jar:/Users/kushwmeg/.m2/repository/xalan/serializer/2.7.2/serializer-2.7.2.jar:/Users/kushwmeg/.m2/repository/org/awaitility/awaitility/4.0.1/awaitility-4.0.1.jar:/Users/kushwmeg/.m2/repository/com/typesafe/config/1.3.1/config-1.3.1.jar:/Users/kushwmeg/.m2/repository/org/jsoup/jsoup/1.10.3/jsoup-1.10.3.jar:/Users/kushwmeg/.m2/repository/com/google/jimfs/jimfs/1.1/jimfs-1.1.jar:/Users/kushwmeg/.m2/repository/com/vladsch/flexmark/flexmark-all/0.34.30/flexmark-all-0.34.30.jar:/Users/kushwmeg/.m2/repository/com/vladsch/flexmark/flexmark/0.34.30/flexmark-0.34.30.jar:/Users/kushwmeg/.m2/repository/com/vladsch/flexmark/flexmark-ext-abbreviation/0.34.30/flexmark-ext-abbreviation-0.34.30.jar:/Users/kushwmeg/.m2/repository/com/vladsch/flexmark/flexmark-ext-admonition/0.34.30/flexmark-ext-admonition-0.34.30.jar:/Users/kushwmeg/.m2/repository/com/vladsch/flexmark/flexmark-ext-anchorlink/0.34.30/flexmark-ext-anchorlink-0.34.30.jar:/Users/kushwmeg/.m2/repository/com/vladsch/flexmark/flexmark-ext-aside/0.34.30/flexmark-ext-aside-0.34.30.jar:/Users/kushwmeg/.m2/repository/com/vladsch/flexmark/flexmark-ext-attributes/0.34.30/flexmark-ext-attributes-0.34.30.jar:/Users/kushwmeg/.m2/repository/com/vladsch/flexmark/flexmark-ext-autolink/0.34.30/flexmark-ext-autolink-0.34.30.jar:/Users/kushwmeg/.m2/repository/org/nibor/autolink/autolink/0.6.0/autolink-0.6.0.jar:/Users/kushwmeg/.m2/repository/com/vladsch/flexmark/flexmark-ext-definition/0.34.30/flexmark-ext-definition-0.34.30.jar:/Users/kushwmeg/.m2/repository/com/vladsch/flexmark/flexmark-ext-emoji/0.34.30/flexmark-ext-emoji-0.34.30.jar:/Users/kushwmeg/.m2/repository/com/vladsch/flexmark/flexmark-ext-enumerated-reference/0.34.30/flexmark-ext-enumerated-reference-0.34.30.jar:/Users/kushwmeg/.m2/repository/com/vladsch/flexmark/flexmark-ext-escaped-character/0.34.30/flexmark-ext-escaped-character-0.34.30.jar:/Users/kushwmeg/.m2/repository/com/vladsch/flexmark/flexmark-ext-footnotes/0.34.30/flexmark-ext-footnotes-0.34.30.jar:/Users/kushwmeg/.m2/repository/com/vladsch/flexmark/flexmark-ext-gfm-issues/0.34.30/flexmark-ext-gfm-issues-0.34.30.jar:/Users/kushwmeg/.m2/repository/com/vladsch/flexmark/flexmark-ext-gfm-strikethrough/0.34.30/flexmark-ext-gfm-strikethrough-0.34.30.jar:/Users/kushwmeg/.m2/repository/com/vladsch/flexmark/flexmark-ext-gfm-tables/0.34.30/flexmark-ext-gfm-tables-0.34.30.jar:/Users/kushwmeg/.m2/repository/com/vladsch/flexmark/flexmark-ext-gfm-tasklist/0.34.30/flexmark-ext-gfm-tasklist-0.34.30.jar:/Users/kushwmeg/.m2/repository/com/vladsch/flexmark/flexmark-ext-gfm-users/0.34.30/flexmark-ext-gfm-users-0.34.30.jar:/Users/kushwmeg/.m2/repository/com/vladsch/flexmark/flexmark-ext-gitlab/0.34.30/flexmark-ext-gitlab-0.34.30.jar:/Users/kushwmeg/.m2/repository/com/vladsch/flexmark/flexmark-ext-jekyll-front-matter/0.34.30/flexmark-ext-jekyll-front-matter-0.34.30.jar:/Users/kushwmeg/.m2/repository/com/vladsch/flexmark/flexmark-ext-jekyll-tag/0.34.30/flexmark-ext-jekyll-tag-0.34.30.jar:/Users/kushwmeg/.m2/repository/com/vladsch/flexmark/flexmark-ext-media-tags/0.34.30/flexmark-ext-media-tags-0.34.30.jar:/Users/kushwmeg/.m2/repository/com/vladsch/flexmark/flexmark-test-util/0.34.30/flexmark-test-util-0.34.30.jar:/Users/kushwmeg/.m2/repository/com/vladsch/flexmark/flexmark-ext-ins/0.34.30/flexmark-ext-ins-0.34.30.jar:/Users/kushwmeg/.m2/repository/com/vladsch/flexmark/flexmark-ext-xwiki-macros/0.34.30/flexmark-ext-xwiki-macros-0.34.30.jar:/Users/kushwmeg/.m2/repository/com/vladsch/flexmark/flexmark-ext-superscript/0.34.30/flexmark-ext-superscript-0.34.30.jar:/Users/kushwmeg/.m2/repository/com/vladsch/flexmark/flexmark-ext-tables/0.34.30/flexmark-ext-tables-0.34.30.jar:/Users/kushwmeg/.m2/repository/com/vladsch/flexmark/flexmark-ext-toc/0.34.30/flexmark-ext-toc-0.34.30.jar:/Users/kushwmeg/.m2/repository/com/vladsch/flexmark/flexmark-ext-typographic/0.34.30/flexmark-ext-typographic-0.34.30.jar:/Users/kushwmeg/.m2/repository/com/vladsch/flexmark/flexmark-ext-wikilink/0.34.30/flexmark-ext-wikilink-0.34.30.jar:/Users/kushwmeg/.m2/repository/com/vladsch/flexmark/flexmark-ext-yaml-front-matter/0.34.30/flexmark-ext-yaml-front-matter-0.34.30.jar:/Users/kushwmeg/.m2/repository/com/vladsch/flexmark/flexmark-ext-youtube-embedded/0.34.30/flexmark-ext-youtube-embedded-0.34.30.jar:/Users/kushwmeg/.m2/repository/com/vladsch/flexmark/flexmark-formatter/0.34.30/flexmark-formatter-0.34.30.jar:/Users/kushwmeg/.m2/repository/com/vladsch/flexmark/flexmark-html-parser/0.34.30/flexmark-html-parser-0.34.30.jar:/Users/kushwmeg/.m2/repository/com/vladsch/flexmark/flexmark-jira-converter/0.34.30/flexmark-jira-converter-0.34.30.jar:/Users/kushwmeg/.m2/repository/com/vladsch/flexmark/flexmark-pdf-converter/0.34.30/flexmark-pdf-converter-0.34.30.jar:/Users/kushwmeg/.m2/repository/com/openhtmltopdf/openhtmltopdf-core/0.0.1-RC13/openhtmltopdf-core-0.0.1-RC13.jar:/Users/kushwmeg/.m2/repository/com/openhtmltopdf/openhtmltopdf-pdfbox/0.0.1-RC13/openhtmltopdf-pdfbox-0.0.1-RC13.jar:/Users/kushwmeg/.m2/repository/org/apache/pdfbox/pdfbox/2.0.8/pdfbox-2.0.8.jar:/Users/kushwmeg/.m2/repository/org/apache/pdfbox/fontbox/2.0.8/fontbox-2.0.8.jar:/Users/kushwmeg/.m2/repository/org/apache/pdfbox/xmpbox/2.0.8/xmpbox-2.0.8.jar:/Users/kushwmeg/.m2/repository/de/rototor/pdfbox/graphics2d/0.12/graphics2d-0.12.jar:/Users/kushwmeg/.m2/repository/com/openhtmltopdf/openhtmltopdf-rtl-support/0.0.1-RC13/openhtmltopdf-rtl-support-0.0.1-RC13.jar:/Users/kushwmeg/.m2/repository/com/ibm/icu/icu4j/59.1/icu4j-59.1.jar:/Users/kushwmeg/.m2/repository/com/openhtmltopdf/openhtmltopdf-jsoup-dom-converter/0.0.1-RC13/openhtmltopdf-jsoup-dom-converter-0.0.1-RC13.jar:/Users/kushwmeg/.m2/repository/com/vladsch/flexmark/flexmark-profile-pegdown/0.34.30/flexmark-profile-pegdown-0.34.30.jar:/Users/kushwmeg/.m2/repository/com/vladsch/flexmark/flexmark-util/0.34.30/flexmark-util-0.34.30.jar:/Users/kushwmeg/.m2/repository/com/vladsch/flexmark/flexmark-youtrack-converter/0.34.30/flexmark-youtrack-converter-0.34.30.jar:/Users/kushwmeg/.m2/repository/io/github/bonigarcia/webdrivermanager/4.1.0/webdrivermanager-4.1.0.jar:/Users/kushwmeg/.m2/repository/org/apache/httpcomponents/client5/httpclient5/5.0.1/httpclient5-5.0.1.jar:/Users/kushwmeg/.m2/repository/org/apache/httpcomponents/core5/httpcore5/5.0.1/httpcore5-5.0.1.jar:/Users/kushwmeg/.m2/repository/org/apache/httpcomponents/core5/httpcore5-h2/5.0.1/httpcore5-h2-5.0.1.jar:/Users/kushwmeg/.m2/repository/org/rauschig/jarchivelib/1.0.0/jarchivelib-1.0.0.jar:/Users/kushwmeg/.m2/repository/org/apache/commons/commons-compress/1.18/commons-compress-1.18.jar:/Users/kushwmeg/.m2/repository/io/cucumber/cucumber-java/6.9.0/cucumber-java-6.9.0.jar:/Users/kushwmeg/.m2/repository/org/apiguardian/apiguardian-api/1.1.0/apiguardian-api-1.1.0.jar:/Users/kushwmeg/.m2/repository/net/serenity-bdd/serenity-rest-assured/2.1.13/serenity-rest-assured-2.1.13.jar:/Users/kushwmeg/.m2/repository/io/rest-assured/rest-assured/3.3.0/rest-assured-3.3.0.jar:/Users/kushwmeg/.m2/repository/org/ccil/cowan/tagsoup/tagsoup/1.2.1/tagsoup-1.2.1.jar:/Users/kushwmeg/.m2/repository/io/rest-assured/json-path/3.3.0/json-path-3.3.0.jar:/Users/kushwmeg/.m2/repository/io/rest-assured/rest-assured-common/3.3.0/rest-assured-common-3.3.0.jar:/Users/kushwmeg/.m2/repository/io/rest-assured/xml-path/3.3.0/xml-path-3.3.0.jar:/Users/kushwmeg/.m2/repository/com/sun/xml/bind/jaxb-osgi/2.2.10/jaxb-osgi-2.2.10.jar:/Users/kushwmeg/.m2/repository/org/apache/sling/org.apache.sling.javax.activation/0.1.0/org.apache.sling.javax.activation-0.1.0.jar:/Users/kushwmeg/.m2/repository/org/codehaus/groovy/groovy-xml/2.5.5/groovy-xml-2.5.5.jar:/Users/kushwmeg/.m2/repository/org/codehaus/groovy/groovy-json/2.5.5/groovy-json-2.5.5.jar:/Users/kushwmeg/.m2/repository/org/hamcrest/hamcrest-library/2.2/hamcrest-library-2.2.jar:/Users/kushwmeg/.m2/repository/org/projectlombok/lombok/1.18.12/lombok-1.18.12.jar:/Users/kushwmeg/.m2/repository/org/reflections/reflections/0.9.12/reflections-0.9.12.jar:/Users/kushwmeg/.m2/repository/org/javassist/javassist/3.26.0-GA/javassist-3.26.0-GA.jar:/Users/kushwmeg/.m2/repository/org/slf4j/slf4j-simple/1.7.21/slf4j-simple-1.7.21.jar:/Users/kushwmeg/.m2/repository/commons-io/commons-io/2.8.0/commons-io-2.8.0.jar:/Users/kushwmeg/.m2/repository/org/json/json/20201115/json-20201115.jar:/Users/kushwmeg/.m2/repository/junit/junit/4.13.2/junit-4.13.2.jar:"/>
    <property name="sun.cpu.endian" value="little"/>
    <property name="user.home" value="/Users/kushwmeg"/>
    <property name="user.language" value="en"/>
    <property name="java.specification.vendor" value="Oracle Corporation"/>
    <property name="java.home" value="/Library/Java/JavaVirtualMachines/jdk1.8.0_281.jdk/Contents/Home/jre"/>
    <property name="basedir" value="/Users/kushwmeg/IdeaProjects/pet-store-automation"/>
    <property name="file.separator" value="/"/>
    <property name="line.separator" value="&#10;"/>
    <property name="java.vm.specification.vendor" value="Oracle Corporation"/>
    <property name="java.specification.name" value="Java Platform API Specification"/>
    <property name="java.awt.graphicsenv" value="sun.awt.CGraphicsEnvironment"/>
    <property name="surefire.real.class.path" value="/Users/kushwmeg/IdeaProjects/pet-store-automation/target/surefire/surefirebooter2543165468092540447.jar"/>
    <property name="sun.boot.class.path" value="/Library/Java/JavaVirtualMachines/jdk1.8.0_281.jdk/Contents/Home/jre/lib/resources.jar:/Library/Java/JavaVirtualMachines/jdk1.8.0_281.jdk/Contents/Home/jre/lib/rt.jar:/Library/Java/JavaVirtualMachines/jdk1.8.0_281.jdk/Contents/Home/jre/lib/sunrsasign.jar:/Library/Java/JavaVirtualMachines/jdk1.8.0_281.jdk/Contents/Home/jre/lib/jsse.jar:/Library/Java/JavaVirtualMachines/jdk1.8.0_281.jdk/Contents/Home/jre/lib/jce.jar:/Library/Java/JavaVirtualMachines/jdk1.8.0_281.jdk/Contents/Home/jre/lib/charsets.jar:/Library/Java/JavaVirtualMachines/jdk1.8.0_281.jdk/Contents/Home/jre/lib/jfr.jar:/Library/Java/JavaVirtualMachines/jdk1.8.0_281.jdk/Contents/Home/jre/classes"/>
    <property name="sun.management.compiler" value="HotSpot 64-Bit Tiered Compilers"/>
    <property name="java.runtime.version" value="1.8.0_281-b09"/>
    <property name="user.name" value="kushwmeg"/>
    <property name="path.separator" value=":"/>
    <property name="os.version" value="10.15.7"/>
    <property name="java.endorsed.dirs" value="/Library/Java/JavaVirtualMachines/jdk1.8.0_281.jdk/Contents/Home/jre/lib/endorsed"/>
    <property name="java.runtime.name" value="Java(TM) SE Runtime Environment"/>
    <property name="file.encoding" value="UTF-8"/>
    <property name="java.vm.name" value="Java HotSpot(TM) 64-Bit Server VM"/>
    <property name="localRepository" value="/Users/kushwmeg/.m2/repository"/>
    <property name="java.vendor.url.bug" value="http://bugreport.sun.com/bugreport/"/>
    <property name="java.io.tmpdir" value="/var/folders/tt/f_dlrkhd47n3skzv_j87yv6xb9s9pg/T/"/>
    <property name="java.version" value="1.8.0_281"/>
    <property name="user.dir" value="/Users/kushwmeg/IdeaProjects/pet-store-automation"/>
    <property name="os.arch" value="x86_64"/>
    <property name="java.vm.specification.name" value="Java Virtual Machine Specification"/>
    <property name="java.awt.printerjob" value="sun.lwawt.macosx.CPrinterJob"/>
    <property name="sun.os.patch.level" value="unknown"/>
    <property name="java.library.path" value="/Users/kushwmeg/Library/Java/Extensions:/Library/Java/Extensions:/Network/Library/Java/Extensions:/System/Library/Java/Extensions:/usr/lib/java:."/>
    <property name="java.vm.info" value="mixed mode"/>
    <property name="java.vendor" value="Oracle Corporation"/>
    <property name="java.vm.version" value="25.281-b09"/>
    <property name="java.ext.dirs" value="/Users/kushwmeg/Library/Java/Extensions:/Library/Java/JavaVirtualMachines/jdk1.8.0_281.jdk/Contents/Home/jre/lib/ext:/Library/Java/Extensions:/Network/Library/Java/Extensions:/System/Library/Java/Extensions:/usr/lib/java"/>
    <property name="sun.io.unicode.encoding" value="UnicodeBig"/>
    <property name="java.class.version" value="52.0"/>
  </properties>
  <testcase name="Verify if the pets are added successfully in database #1" classname="Validating Add Pet API" time="3.742">
    <system-out><![CDATA[
Scenario Outline: Verify if the pets are added successfully in database                           &amp#27;[90m# src/test/resources/features/api/AddPet.feature:11&amp#27;[0m
  &amp#27;[32mGiven &amp#27;[0m&amp#27;[32mPet Payload &amp#27;[0m&amp#27;[32m&amp#27;[1m"71"&amp#27;[0m&amp#27;[32m, &amp#27;[0m&amp#27;[32m&amp#27;[1m"doggie"&amp#27;[0m&amp#27;[32m, &amp#27;[0m&amp#27;[32m&amp#27;[1m"available"&amp#27;[0m&amp#27;[32m, &amp#27;[0m&amp#27;[32m&amp#27;[1m"1"&amp#27;[0m&amp#27;[32m, &amp#27;[0m&amp#27;[32m&amp#27;[1m"Dogs"&amp#27;[0m&amp#27;[32m, &amp#27;[0m&amp#27;[32m&amp#27;[1m"0"&amp#27;[0m&amp#27;[32m, &amp#27;[0m&amp#27;[32m&amp#27;[1m"string"&amp#27;[0m&amp#27;[32m, &amp#27;[0m&amp#27;[32m&amp#27;[1m"string"&amp#27;[0m&amp#27;[32m, &amp#27;[0m&amp#27;[32m&amp#27;[1m"base.url"&amp#27;[0m &amp#27;[90m# codechallenge.be.cucumber.serenityDefinitions.PetStoreDefinition.addProductPayload(java.lang.String,java.lang.String,java.lang.String,java.lang.String,java.lang.String,java.lang.String,java.lang.String,java.lang.String,java.lang.String)&amp#27;[0m
Request method:	POST
Request URI:	https://petstore3.swagger.io/api/v3/pet
Proxy:			<none>
Request params:	<none>
Query params:	<none>
Form params:	<none>
Path params:	<none>
Headers:		Accept=*/*
				Content-Type=application/json; charset=UTF-8
Cookies:		<none>
Multiparts:		<none>
Body:
{
    "photoUrls": [
        "string"
    ],
    "name": "doggie",
    "id": "71",
    "category": {
        "name": "Dogs",
        "id": "1"
    },
    "tags": [
        {
            "name": "string",
            "id": "0"
        }
    ],
    "status": "available"
}
HTTP/1.1 200 OK
Date: Tue, 30 Nov 2021 10:50:31 GMT
Content-Type: application/json
Content-Length: 137
Connection: keep-alive
Access-Control-Allow-Origin: *
Access-Control-Allow-Methods: GET, POST, DELETE, PUT
Access-Control-Allow-Headers: Content-Type, api_key, Authorization
Access-Control-Expose-Headers: Content-Disposition
Server: Jetty(9.4.9.v20180320)

{
    "id": 71,
    "category": {
        "id": 1,
        "name": "Dogs"
    },
    "name": "doggie",
    "photoUrls": [
        "string"
    ],
    "tags": [
        {
            "id": 0,
            "name": "string"
        }
    ],
    "status": "available"
}
  &amp#27;[32mWhen &amp#27;[0m&amp#27;[32muser calls &amp#27;[0m&amp#27;[32m&amp#27;[1m"AddPetAPI"&amp#27;[0m&amp#27;[32m with &amp#27;[0m&amp#27;[32m&amp#27;[1m"POST"&amp#27;[0m&amp#27;[32m http request&amp#27;[0m                                            &amp#27;[90m# codechallenge.be.cucumber.serenityDefinitions.PetStoreDefinition.serCallsWithPostHttpRequest(java.lang.String,java.lang.String)&amp#27;[0m
  &amp#27;[32mThen &amp#27;[0m&amp#27;[32mthe API call is successful with status code &amp#27;[0m&amp#27;[32m&amp#27;[1m200&amp#27;[0m                                            &amp#27;[90m# codechallenge.be.cucumber.serenityDefinitions.PetStoreDefinition.theAPICallIsSuccessfulWithStatusCode(int)&amp#27;[0m
  &amp#27;[32mAnd &amp#27;[0m&amp#27;[32mchecking if the &amp#27;[0m&amp#27;[32m&amp#27;[1m"status"&amp#27;[0m&amp#27;[32m of the pet created is &amp#27;[0m&amp#27;[32m&amp#27;[1m"available"&amp#27;[0m                                  &amp#27;[90m# codechallenge.be.cucumber.serenityDefinitions.PetStoreDefinition.checkingTheOfTheProductCreated(java.lang.String,java.lang.String)&amp#27;[0m
]]></system-out>
    <system-err><![CDATA[[main] INFO io.cucumber.core.plugin.SerenityReporter - Running feature from file:///Users/kushwmeg/IdeaProjects/pet-store-automation/src/test/resources/features/api/AddPet.feature
[main] INFO  - &amp#27;[96m

-------------------------------------------------------------------------------------
     _______. _______ .______       _______ .__   __.  __  .___________.____    ____ 
    /       ||   ____||   _  \     |   ____||  \ |  | |  | |           |\   \  /   / 
   |   (----`|  |__   |  |_)  |    |  |__   |   \|  | |  | `---|  |----` \   \/   /  
    \   \    |   __|  |      /     |   __|  |  . `  | |  |     |  |       \_    _/   
.----)   |   |  |____ |  |\  \----.|  |____ |  |\   | |  |     |  |         |  |     
|_______/    |_______|| _| `._____||_______||__| \__| |__|     |__|         |__|    
                                                                                     
 News and tutorials at http://www.serenity-bdd.info                                  
 Documentation at https://wakaleo.gitbooks.io/the-serenity-book/content/             
 Join the Serenity Community on Gitter: https://gitter.im/serenity-bdd/serenity-core 
 Serenity BDD Support and Training at http://serenity-bdd.info/#/trainingandsupport  
-------------------------------------------------------------------------------------
&amp#27;[0m
[main] INFO  - Test Suite Started: Validating Add Pet API
[main] INFO io.cucumber.core.plugin.SerenityReporter - Running feature from file:///Users/kushwmeg/IdeaProjects/pet-store-automation/src/test/resources/features/api/DeletePet.feature
[main] INFO  - Test Suite Started: Validating Delete Pet API
[main] INFO io.cucumber.core.plugin.SerenityReporter - Running feature from file:///Users/kushwmeg/IdeaProjects/pet-store-automation/src/test/resources/features/api/GetPet.feature
[main] INFO  - Test Suite Started: Validating Get Pet API
[main] INFO io.cucumber.core.plugin.SerenityReporter - Running feature from file:///Users/kushwmeg/IdeaProjects/pet-store-automation/src/test/resources/features/api/UpdatePet.feature
[main] INFO  - Test Suite Started: Validating Update Pet API
[main] INFO io.cucumber.core.plugin.SerenityReporter - Running feature from file:///Users/kushwmeg/IdeaProjects/pet-store-automation/src/test/resources/features/api/AddPet.feature
[main] INFO  - 
 _____ _____ ____ _____   ____ _____  _    ____ _____ _____ ____  
|_   _| ____/ ___|_   _| / ___|_   _|/ \  |  _ \_   _| ____|  _ \ 
  | | |  _| \___ \ | |   \___ \ | | / _ \ | |_) || | |  _| | | | |
  | | | |___ ___) || |    ___) || |/ ___ \|  _ < | | | |___| |_| |
  |_| |_____|____/ |_|   |____/ |_/_/   \_\_| \_\|_| |_____|____/ 

Verify if the pets are added successfully in database(validating-add-pet-api;verify-if-the-pets-are-added-successfully-in-database)
-------------------------------------------------------------------
[main] INFO  - &amp#27;[92m
        __    _____ _____ ____ _____   ____   _    ____  ____  _____ ____  
  _     \ \  |_   _| ____/ ___|_   _| |  _ \ / \  / ___|/ ___|| ____|  _ \ 
 (_)_____| |   | | |  _| \___ \ | |   | |_) / _ \ \___ \\___ \|  _| | | | |
  _|_____| |   | | | |___ ___) || |   |  __/ ___ \ ___) |___) | |___| |_| |
 (_)     | |   |_| |_____|____/ |_|   |_| /_/   \_\____/|____/|_____|____/ 
        /_/                                                                

Verify if the pets are added successfully in database
----------------------------------------------------------------------------&amp#27;[0m
]]></system-err>
  </testcase>
  <testcase name="Verify if the pets are added successfully in database #2" classname="Validating Add Pet API" time="1.474">
    <system-out><![CDATA[
Scenario Outline: Verify if the pets are added successfully in database                           &amp#27;[90m# src/test/resources/features/api/AddPet.feature:12&amp#27;[0m
  &amp#27;[32mGiven &amp#27;[0m&amp#27;[32mPet Payload &amp#27;[0m&amp#27;[32m&amp#27;[1m"73"&amp#27;[0m&amp#27;[32m, &amp#27;[0m&amp#27;[32m&amp#27;[1m"maggie"&amp#27;[0m&amp#27;[32m, &amp#27;[0m&amp#27;[32m&amp#27;[1m"available"&amp#27;[0m&amp#27;[32m, &amp#27;[0m&amp#27;[32m&amp#27;[1m"1"&amp#27;[0m&amp#27;[32m, &amp#27;[0m&amp#27;[32m&amp#27;[1m"Dogs"&amp#27;[0m&amp#27;[32m, &amp#27;[0m&amp#27;[32m&amp#27;[1m"0"&amp#27;[0m&amp#27;[32m, &amp#27;[0m&amp#27;[32m&amp#27;[1m"string"&amp#27;[0m&amp#27;[32m, &amp#27;[0m&amp#27;[32m&amp#27;[1m"string"&amp#27;[0m&amp#27;[32m, &amp#27;[0m&amp#27;[32m&amp#27;[1m"base.url"&amp#27;[0m &amp#27;[90m# codechallenge.be.cucumber.serenityDefinitions.PetStoreDefinition.addProductPayload(java.lang.String,java.lang.String,java.lang.String,java.lang.String,java.lang.String,java.lang.String,java.lang.String,java.lang.String,java.lang.String)&amp#27;[0m
Request method:	POST
Request URI:	https://petstore3.swagger.io/api/v3/pet
Proxy:			<none>
Request params:	<none>
Query params:	<none>
Form params:	<none>
Path params:	<none>
Headers:		Accept=*/*
				Content-Type=application/json; charset=UTF-8
Cookies:		<none>
Multiparts:		<none>
Body:
{
    "photoUrls": [
        "string"
    ],
    "name": "maggie",
    "id": "73",
    "category": {
        "name": "Dogs",
        "id": "1"
    },
    "tags": [
        {
            "name": "string",
            "id": "0"
        }
    ],
    "status": "available"
}
HTTP/1.1 200 OK
Date: Tue, 30 Nov 2021 10:50:33 GMT
Content-Type: application/json
Content-Length: 137
Connection: keep-alive
Access-Control-Allow-Origin: *
Access-Control-Allow-Methods: GET, POST, DELETE, PUT
Access-Control-Allow-Headers: Content-Type, api_key, Authorization
Access-Control-Expose-Headers: Content-Disposition
Server: Jetty(9.4.9.v20180320)

{
    "id": 73,
    "category": {
        "id": 1,
        "name": "Dogs"
    },
    "name": "maggie",
    "photoUrls": [
        "string"
    ],
    "tags": [
        {
            "id": 0,
            "name": "string"
        }
    ],
    "status": "available"
}
  &amp#27;[32mWhen &amp#27;[0m&amp#27;[32muser calls &amp#27;[0m&amp#27;[32m&amp#27;[1m"AddPetAPI"&amp#27;[0m&amp#27;[32m with &amp#27;[0m&amp#27;[32m&amp#27;[1m"POST"&amp#27;[0m&amp#27;[32m http request&amp#27;[0m                                            &amp#27;[90m# codechallenge.be.cucumber.serenityDefinitions.PetStoreDefinition.serCallsWithPostHttpRequest(java.lang.String,java.lang.String)&amp#27;[0m
  &amp#27;[32mThen &amp#27;[0m&amp#27;[32mthe API call is successful with status code &amp#27;[0m&amp#27;[32m&amp#27;[1m200&amp#27;[0m                                            &amp#27;[90m# codechallenge.be.cucumber.serenityDefinitions.PetStoreDefinition.theAPICallIsSuccessfulWithStatusCode(int)&amp#27;[0m
  &amp#27;[32mAnd &amp#27;[0m&amp#27;[32mchecking if the &amp#27;[0m&amp#27;[32m&amp#27;[1m"status"&amp#27;[0m&amp#27;[32m of the pet created is &amp#27;[0m&amp#27;[32m&amp#27;[1m"available"&amp#27;[0m                                  &amp#27;[90m# codechallenge.be.cucumber.serenityDefinitions.PetStoreDefinition.checkingTheOfTheProductCreated(java.lang.String,java.lang.String)&amp#27;[0m
]]></system-out>
    <system-err><![CDATA[[main] INFO io.cucumber.core.plugin.SerenityReporter - Running feature from file:///Users/kushwmeg/IdeaProjects/pet-store-automation/src/test/resources/features/api/AddPet.feature
[main] INFO  - &amp#27;[92m
        __    _____ _____ ____ _____   ____   _    ____  ____  _____ ____  
  _     \ \  |_   _| ____/ ___|_   _| |  _ \ / \  / ___|/ ___|| ____|  _ \ 
 (_)_____| |   | | |  _| \___ \ | |   | |_) / _ \ \___ \\___ \|  _| | | | |
  _|_____| |   | | | |___ ___) || |   |  __/ ___ \ ___) |___) | |___| |_| |
 (_)     | |   |_| |_____|____/ |_|   |_| /_/   \_\____/|____/|_____|____/ 
        /_/                                                                

Verify if the pets are added successfully in database
----------------------------------------------------------------------------&amp#27;[0m
]]></system-err>
  </testcase>
  <testcase name="Verify if the pets are added successfully in database #3" classname="Validating Add Pet API" time="1.435">
    <system-out><![CDATA[
Scenario Outline: Verify if the pets are added successfully in database                           &amp#27;[90m# src/test/resources/features/api/AddPet.feature:13&amp#27;[0m
  &amp#27;[32mGiven &amp#27;[0m&amp#27;[32mPet Payload &amp#27;[0m&amp#27;[32m&amp#27;[1m"74"&amp#27;[0m&amp#27;[32m, &amp#27;[0m&amp#27;[32m&amp#27;[1m"rockie"&amp#27;[0m&amp#27;[32m, &amp#27;[0m&amp#27;[32m&amp#27;[1m"available"&amp#27;[0m&amp#27;[32m, &amp#27;[0m&amp#27;[32m&amp#27;[1m"1"&amp#27;[0m&amp#27;[32m, &amp#27;[0m&amp#27;[32m&amp#27;[1m"Dogs"&amp#27;[0m&amp#27;[32m, &amp#27;[0m&amp#27;[32m&amp#27;[1m"0"&amp#27;[0m&amp#27;[32m, &amp#27;[0m&amp#27;[32m&amp#27;[1m"string"&amp#27;[0m&amp#27;[32m, &amp#27;[0m&amp#27;[32m&amp#27;[1m"string"&amp#27;[0m&amp#27;[32m, &amp#27;[0m&amp#27;[32m&amp#27;[1m"base.url"&amp#27;[0m &amp#27;[90m# codechallenge.be.cucumber.serenityDefinitions.PetStoreDefinition.addProductPayload(java.lang.String,java.lang.String,java.lang.String,java.lang.String,java.lang.String,java.lang.String,java.lang.String,java.lang.String,java.lang.String)&amp#27;[0m
Request method:	POST
Request URI:	https://petstore3.swagger.io/api/v3/pet
Proxy:			<none>
Request params:	<none>
Query params:	<none>
Form params:	<none>
Path params:	<none>
Headers:		Accept=*/*
				Content-Type=application/json; charset=UTF-8
Cookies:		<none>
Multiparts:		<none>
Body:
{
    "photoUrls": [
        "string"
    ],
    "name": "rockie",
    "id": "74",
    "category": {
        "name": "Dogs",
        "id": "1"
    },
    "tags": [
        {
            "name": "string",
            "id": "0"
        }
    ],
    "status": "available"
}
HTTP/1.1 200 OK
Date: Tue, 30 Nov 2021 10:50:34 GMT
Content-Type: application/json
Content-Length: 137
Connection: keep-alive
Access-Control-Allow-Origin: *
Access-Control-Allow-Methods: GET, POST, DELETE, PUT
Access-Control-Allow-Headers: Content-Type, api_key, Authorization
Access-Control-Expose-Headers: Content-Disposition
Server: Jetty(9.4.9.v20180320)

{
    "id": 74,
    "category": {
        "id": 1,
        "name": "Dogs"
    },
    "name": "rockie",
    "photoUrls": [
        "string"
    ],
    "tags": [
        {
            "id": 0,
            "name": "string"
        }
    ],
    "status": "available"
}
  &amp#27;[32mWhen &amp#27;[0m&amp#27;[32muser calls &amp#27;[0m&amp#27;[32m&amp#27;[1m"AddPetAPI"&amp#27;[0m&amp#27;[32m with &amp#27;[0m&amp#27;[32m&amp#27;[1m"POST"&amp#27;[0m&amp#27;[32m http request&amp#27;[0m                                            &amp#27;[90m# codechallenge.be.cucumber.serenityDefinitions.PetStoreDefinition.serCallsWithPostHttpRequest(java.lang.String,java.lang.String)&amp#27;[0m
  &amp#27;[32mThen &amp#27;[0m&amp#27;[32mthe API call is successful with status code &amp#27;[0m&amp#27;[32m&amp#27;[1m200&amp#27;[0m                                            &amp#27;[90m# codechallenge.be.cucumber.serenityDefinitions.PetStoreDefinition.theAPICallIsSuccessfulWithStatusCode(int)&amp#27;[0m
  &amp#27;[32mAnd &amp#27;[0m&amp#27;[32mchecking if the &amp#27;[0m&amp#27;[32m&amp#27;[1m"status"&amp#27;[0m&amp#27;[32m of the pet created is &amp#27;[0m&amp#27;[32m&amp#27;[1m"available"&amp#27;[0m                                  &amp#27;[90m# codechallenge.be.cucumber.serenityDefinitions.PetStoreDefinition.checkingTheOfTheProductCreated(java.lang.String,java.lang.String)&amp#27;[0m
]]></system-out>
    <system-err><![CDATA[[main] INFO io.cucumber.core.plugin.SerenityReporter - Running feature from file:///Users/kushwmeg/IdeaProjects/pet-store-automation/src/test/resources/features/api/AddPet.feature
]]></system-err>
  </testcase>
  <testcase name="Verify if the pets are added successfully in database #4" classname="Validating Add Pet API" time="1.437">
    <system-out><![CDATA[
Scenario Outline: Verify if the pets are added successfully in database                           &amp#27;[90m# src/test/resources/features/api/AddPet.feature:14&amp#27;[0m
  &amp#27;[32mGiven &amp#27;[0m&amp#27;[32mPet Payload &amp#27;[0m&amp#27;[32m&amp#27;[1m"55"&amp#27;[0m&amp#27;[32m, &amp#27;[0m&amp#27;[32m&amp#27;[1m"sockie"&amp#27;[0m&amp#27;[32m, &amp#27;[0m&amp#27;[32m&amp#27;[1m"available"&amp#27;[0m&amp#27;[32m, &amp#27;[0m&amp#27;[32m&amp#27;[1m"1"&amp#27;[0m&amp#27;[32m, &amp#27;[0m&amp#27;[32m&amp#27;[1m"Dogs"&amp#27;[0m&amp#27;[32m, &amp#27;[0m&amp#27;[32m&amp#27;[1m"0"&amp#27;[0m&amp#27;[32m, &amp#27;[0m&amp#27;[32m&amp#27;[1m"string"&amp#27;[0m&amp#27;[32m, &amp#27;[0m&amp#27;[32m&amp#27;[1m"string"&amp#27;[0m&amp#27;[32m, &amp#27;[0m&amp#27;[32m&amp#27;[1m"base.url"&amp#27;[0m &amp#27;[90m# codechallenge.be.cucumber.serenityDefinitions.PetStoreDefinition.addProductPayload(java.lang.String,java.lang.String,java.lang.String,java.lang.String,java.lang.String,java.lang.String,java.lang.String,java.lang.String,java.lang.String)&amp#27;[0m
Request method:	POST
Request URI:	https://petstore3.swagger.io/api/v3/pet
Proxy:			<none>
Request params:	<none>
Query params:	<none>
Form params:	<none>
Path params:	<none>
Headers:		Accept=*/*
				Content-Type=application/json; charset=UTF-8
Cookies:		<none>
Multiparts:		<none>
Body:
{
    "photoUrls": [
        "string"
    ],
    "name": "sockie",
    "id": "55",
    "category": {
        "name": "Dogs",
        "id": "1"
    },
    "tags": [
        {
            "name": "string",
            "id": "0"
        }
    ],
    "status": "available"
}
HTTP/1.1 200 OK
Date: Tue, 30 Nov 2021 10:50:36 GMT
Content-Type: application/json
Content-Length: 137
Connection: keep-alive
Access-Control-Allow-Origin: *
Access-Control-Allow-Methods: GET, POST, DELETE, PUT
Access-Control-Allow-Headers: Content-Type, api_key, Authorization
Access-Control-Expose-Headers: Content-Disposition
Server: Jetty(9.4.9.v20180320)

{
    "id": 55,
    "category": {
        "id": 1,
        "name": "Dogs"
    },
    "name": "sockie",
    "photoUrls": [
        "string"
    ],
    "tags": [
        {
            "id": 0,
            "name": "string"
        }
    ],
    "status": "available"
}
  &amp#27;[32mWhen &amp#27;[0m&amp#27;[32muser calls &amp#27;[0m&amp#27;[32m&amp#27;[1m"AddPetAPI"&amp#27;[0m&amp#27;[32m with &amp#27;[0m&amp#27;[32m&amp#27;[1m"POST"&amp#27;[0m&amp#27;[32m http request&amp#27;[0m                                            &amp#27;[90m# codechallenge.be.cucumber.serenityDefinitions.PetStoreDefinition.serCallsWithPostHttpRequest(java.lang.String,java.lang.String)&amp#27;[0m
  &amp#27;[32mThen &amp#27;[0m&amp#27;[32mthe API call is successful with status code &amp#27;[0m&amp#27;[32m&amp#27;[1m200&amp#27;[0m                                            &amp#27;[90m# codechallenge.be.cucumber.serenityDefinitions.PetStoreDefinition.theAPICallIsSuccessfulWithStatusCode(int)&amp#27;[0m
  &amp#27;[32mAnd &amp#27;[0m&amp#27;[32mchecking if the &amp#27;[0m&amp#27;[32m&amp#27;[1m"status"&amp#27;[0m&amp#27;[32m of the pet created is &amp#27;[0m&amp#27;[32m&amp#27;[1m"available"&amp#27;[0m                                  &amp#27;[90m# codechallenge.be.cucumber.serenityDefinitions.PetStoreDefinition.checkingTheOfTheProductCreated(java.lang.String,java.lang.String)&amp#27;[0m
]]></system-out>
    <system-err><![CDATA[[main] INFO io.cucumber.core.plugin.SerenityReporter - Running feature from file:///Users/kushwmeg/IdeaProjects/pet-store-automation/src/test/resources/features/api/AddPet.feature
]]></system-err>
  </testcase>
  <testcase name="Verify if the pets are added successfully in database #5" classname="Validating Add Pet API" time="1.429">
    <system-out><![CDATA[
Scenario Outline: Verify if the pets are added successfully in database                            &amp#27;[90m# src/test/resources/features/api/AddPet.feature:15&amp#27;[0m
  &amp#27;[32mGiven &amp#27;[0m&amp#27;[32mPet Payload &amp#27;[0m&amp#27;[32m&amp#27;[1m"88"&amp#27;[0m&amp#27;[32m, &amp#27;[0m&amp#27;[32m&amp#27;[1m"freakie"&amp#27;[0m&amp#27;[32m, &amp#27;[0m&amp#27;[32m&amp#27;[1m"available"&amp#27;[0m&amp#27;[32m, &amp#27;[0m&amp#27;[32m&amp#27;[1m"1"&amp#27;[0m&amp#27;[32m, &amp#27;[0m&amp#27;[32m&amp#27;[1m"Dogs"&amp#27;[0m&amp#27;[32m, &amp#27;[0m&amp#27;[32m&amp#27;[1m"0"&amp#27;[0m&amp#27;[32m, &amp#27;[0m&amp#27;[32m&amp#27;[1m"string"&amp#27;[0m&amp#27;[32m, &amp#27;[0m&amp#27;[32m&amp#27;[1m"string"&amp#27;[0m&amp#27;[32m, &amp#27;[0m&amp#27;[32m&amp#27;[1m"base.url"&amp#27;[0m &amp#27;[90m# codechallenge.be.cucumber.serenityDefinitions.PetStoreDefinition.addProductPayload(java.lang.String,java.lang.String,java.lang.String,java.lang.String,java.lang.String,java.lang.String,java.lang.String,java.lang.String,java.lang.String)&amp#27;[0m
Request method:	POST
Request URI:	https://petstore3.swagger.io/api/v3/pet
Proxy:			<none>
Request params:	<none>
Query params:	<none>
Form params:	<none>
Path params:	<none>
Headers:		Accept=*/*
				Content-Type=application/json; charset=UTF-8
Cookies:		<none>
Multiparts:		<none>
Body:
{
    "photoUrls": [
        "string"
    ],
    "name": "freakie",
    "id": "88",
    "category": {
        "name": "Dogs",
        "id": "1"
    },
    "tags": [
        {
            "name": "string",
            "id": "0"
        }
    ],
    "status": "available"
}
HTTP/1.1 200 OK
Date: Tue, 30 Nov 2021 10:50:37 GMT
Content-Type: application/json
Content-Length: 138
Connection: keep-alive
Access-Control-Allow-Origin: *
Access-Control-Allow-Methods: GET, POST, DELETE, PUT
Access-Control-Allow-Headers: Content-Type, api_key, Authorization
Access-Control-Expose-Headers: Content-Disposition
Server: Jetty(9.4.9.v20180320)

{
    "id": 88,
    "category": {
        "id": 1,
        "name": "Dogs"
    },
    "name": "freakie",
    "photoUrls": [
        "string"
    ],
    "tags": [
        {
            "id": 0,
            "name": "string"
        }
    ],
    "status": "available"
}
  &amp#27;[32mWhen &amp#27;[0m&amp#27;[32muser calls &amp#27;[0m&amp#27;[32m&amp#27;[1m"AddPetAPI"&amp#27;[0m&amp#27;[32m with &amp#27;[0m&amp#27;[32m&amp#27;[1m"POST"&amp#27;[0m&amp#27;[32m http request&amp#27;[0m                                             &amp#27;[90m# codechallenge.be.cucumber.serenityDefinitions.PetStoreDefinition.serCallsWithPostHttpRequest(java.lang.String,java.lang.String)&amp#27;[0m
  &amp#27;[32mThen &amp#27;[0m&amp#27;[32mthe API call is successful with status code &amp#27;[0m&amp#27;[32m&amp#27;[1m200&amp#27;[0m                                             &amp#27;[90m# codechallenge.be.cucumber.serenityDefinitions.PetStoreDefinition.theAPICallIsSuccessfulWithStatusCode(int)&amp#27;[0m
  &amp#27;[32mAnd &amp#27;[0m&amp#27;[32mchecking if the &amp#27;[0m&amp#27;[32m&amp#27;[1m"status"&amp#27;[0m&amp#27;[32m of the pet created is &amp#27;[0m&amp#27;[32m&amp#27;[1m"available"&amp#27;[0m                                   &amp#27;[90m# codechallenge.be.cucumber.serenityDefinitions.PetStoreDefinition.checkingTheOfTheProductCreated(java.lang.String,java.lang.String)&amp#27;[0m
]]></system-out>
    <system-err><![CDATA[[main] INFO io.cucumber.core.plugin.SerenityReporter - Running feature from file:///Users/kushwmeg/IdeaProjects/pet-store-automation/src/test/resources/features/api/AddPet.feature
]]></system-err>
  </testcase>
  <testcase name="Verify if the pets are added successfully in database #6" classname="Validating Add Pet API" time="1.537">
    <system-out><![CDATA[
Scenario Outline: Verify if the pets are added successfully in database                            &amp#27;[90m# src/test/resources/features/api/AddPet.feature:16&amp#27;[0m
  &amp#27;[32mGiven &amp#27;[0m&amp#27;[32mPet Payload &amp#27;[0m&amp#27;[32m&amp#27;[1m"102"&amp#27;[0m&amp#27;[32m, &amp#27;[0m&amp#27;[32m&amp#27;[1m"sulkie"&amp#27;[0m&amp#27;[32m, &amp#27;[0m&amp#27;[32m&amp#27;[1m"available"&amp#27;[0m&amp#27;[32m, &amp#27;[0m&amp#27;[32m&amp#27;[1m"1"&amp#27;[0m&amp#27;[32m, &amp#27;[0m&amp#27;[32m&amp#27;[1m"Dogs"&amp#27;[0m&amp#27;[32m, &amp#27;[0m&amp#27;[32m&amp#27;[1m"0"&amp#27;[0m&amp#27;[32m, &amp#27;[0m&amp#27;[32m&amp#27;[1m"string"&amp#27;[0m&amp#27;[32m, &amp#27;[0m&amp#27;[32m&amp#27;[1m"string"&amp#27;[0m&amp#27;[32m, &amp#27;[0m&amp#27;[32m&amp#27;[1m"base.url"&amp#27;[0m &amp#27;[90m# codechallenge.be.cucumber.serenityDefinitions.PetStoreDefinition.addProductPayload(java.lang.String,java.lang.String,java.lang.String,java.lang.String,java.lang.String,java.lang.String,java.lang.String,java.lang.String,java.lang.String)&amp#27;[0m
Request method:	POST
Request URI:	https://petstore3.swagger.io/api/v3/pet
Proxy:			<none>
Request params:	<none>
Query params:	<none>
Form params:	<none>
Path params:	<none>
Headers:		Accept=*/*
				Content-Type=application/json; charset=UTF-8
Cookies:		<none>
Multiparts:		<none>
Body:
{
    "photoUrls": [
        "string"
    ],
    "name": "sulkie",
    "id": "102",
    "category": {
        "name": "Dogs",
        "id": "1"
    },
    "tags": [
        {
            "name": "string",
            "id": "0"
        }
    ],
    "status": "available"
}
HTTP/1.1 200 OK
Date: Tue, 30 Nov 2021 10:50:39 GMT
Content-Type: application/json
Content-Length: 138
Connection: keep-alive
Access-Control-Allow-Origin: *
Access-Control-Allow-Methods: GET, POST, DELETE, PUT
Access-Control-Allow-Headers: Content-Type, api_key, Authorization
Access-Control-Expose-Headers: Content-Disposition
Server: Jetty(9.4.9.v20180320)

{
    "id": 102,
    "category": {
        "id": 1,
        "name": "Dogs"
    },
    "name": "sulkie",
    "photoUrls": [
        "string"
    ],
    "tags": [
        {
            "id": 0,
            "name": "string"
        }
    ],
    "status": "available"
}
  &amp#27;[32mWhen &amp#27;[0m&amp#27;[32muser calls &amp#27;[0m&amp#27;[32m&amp#27;[1m"AddPetAPI"&amp#27;[0m&amp#27;[32m with &amp#27;[0m&amp#27;[32m&amp#27;[1m"POST"&amp#27;[0m&amp#27;[32m http request&amp#27;[0m                                             &amp#27;[90m# codechallenge.be.cucumber.serenityDefinitions.PetStoreDefinition.serCallsWithPostHttpRequest(java.lang.String,java.lang.String)&amp#27;[0m
  &amp#27;[32mThen &amp#27;[0m&amp#27;[32mthe API call is successful with status code &amp#27;[0m&amp#27;[32m&amp#27;[1m200&amp#27;[0m                                             &amp#27;[90m# codechallenge.be.cucumber.serenityDefinitions.PetStoreDefinition.theAPICallIsSuccessfulWithStatusCode(int)&amp#27;[0m
  &amp#27;[32mAnd &amp#27;[0m&amp#27;[32mchecking if the &amp#27;[0m&amp#27;[32m&amp#27;[1m"status"&amp#27;[0m&amp#27;[32m of the pet created is &amp#27;[0m&amp#27;[32m&amp#27;[1m"available"&amp#27;[0m                                   &amp#27;[90m# codechallenge.be.cucumber.serenityDefinitions.PetStoreDefinition.checkingTheOfTheProductCreated(java.lang.String,java.lang.String)&amp#27;[0m
]]></system-out>
    <system-err><![CDATA[[main] INFO io.cucumber.core.plugin.SerenityReporter - Running feature from file:///Users/kushwmeg/IdeaProjects/pet-store-automation/src/test/resources/features/api/AddPet.feature
]]></system-err>
  </testcase>
  <testcase name="Verify if we are able to delete pet data on the basis of Id #1" classname="Validating Delete Pet API" time="1.717">
    <system-out><![CDATA[
Scenario Outline: Verify if we are able to delete pet data on the basis of Id             &amp#27;[90m# src/test/resources/features/api/DeletePet.feature:10&amp#27;[0m
  &amp#27;[32mGiven &amp#27;[0m&amp#27;[32muser sets Delete API base url &amp#27;[0m&amp#27;[32m&amp#27;[1m"base.url"&amp#27;[0m                                          &amp#27;[90m# codechallenge.be.cucumber.serenityDefinitions.DeletePetDefinition.userSetsBaseUrl(java.lang.String)&amp#27;[0m
Request method:	DELETE
Request URI:	https://petstore3.swagger.io/api/v3/pet/121
Proxy:			<none>
Request params:	<none>
Query params:	<none>
Form params:	<none>
Path params:	<none>
Headers:		accept=application/xml
				Content-Type=application/json; charset=UTF-8
Cookies:		<none>
Multiparts:		<none>
Body:			<none>
HTTP/1.1 200 OK
Date: Tue, 30 Nov 2021 10:50:40 GMT
Content-Type: application/xml
Content-Length: 11
Connection: keep-alive
Access-Control-Allow-Origin: *
Access-Control-Allow-Methods: GET, POST, DELETE, PUT
Access-Control-Allow-Headers: Content-Type, api_key, Authorization
Access-Control-Expose-Headers: Content-Disposition
Server: Jetty(9.4.9.v20180320)

Pet deleted
  &amp#27;[32mWhen &amp#27;[0m&amp#27;[32muser calls DeletePetAPI &amp#27;[0m&amp#27;[32m&amp#27;[1m"DeletePetAPI"&amp#27;[0m&amp#27;[32m with &amp#27;[0m&amp#27;[32m&amp#27;[1m"DELETE"&amp#27;[0m&amp#27;[32m http request for pet id &amp#27;[0m&amp#27;[32m&amp#27;[1m"121"&amp#27;[0m &amp#27;[90m# codechallenge.be.cucumber.serenityDefinitions.DeletePetDefinition.userCallsWithHttpRequest(java.lang.String,java.lang.String,java.lang.String)&amp#27;[0m
  &amp#27;[32mThen &amp#27;[0m&amp#27;[32mDelete Pet API call is successful with status code &amp#27;[0m&amp#27;[32m&amp#27;[1m200&amp#27;[0m                             &amp#27;[90m# codechallenge.be.cucumber.serenityDefinitions.DeletePetDefinition.getPetAPICallIsSuccessfulWithStatusCode(int)&amp#27;[0m
  &amp#27;[32mAnd &amp#27;[0m&amp#27;[32mdelete api response message as &amp#27;[0m&amp#27;[32m&amp#27;[1m"Pet deleted"&amp#27;[0m                                        &amp#27;[90m# codechallenge.be.cucumber.serenityDefinitions.DeletePetDefinition.deleteApiResponseMessageAs(java.lang.String)&amp#27;[0m
]]></system-out>
    <system-err><![CDATA[[main] INFO io.cucumber.core.plugin.SerenityReporter - Running feature from file:///Users/kushwmeg/IdeaProjects/pet-store-automation/src/test/resources/features/api/DeletePet.feature
[main] INFO  - 
 _____ _____ ____ _____   ____ _____  _    ____ _____ _____ ____  
|_   _| ____/ ___|_   _| / ___|_   _|/ \  |  _ \_   _| ____|  _ \ 
  | | |  _| \___ \ | |   \___ \ | | / _ \ | |_) || | |  _| | | | |
  | | | |___ ___) || |    ___) || |/ ___ \|  _ < | | | |___| |_| |
  |_| |_____|____/ |_|   |____/ |_/_/   \_\_| \_\|_| |_____|____/ 

Verify if we are able to delete pet data on the basis of Id(validating-delete-pet-api;verify-if-we-are-able-to-delete-pet-data-on-the-basis-of-id)
-------------------------------------------------------------------
[Fatal Error] :1:1: Content is not allowed in prolog.
[main] INFO  - &amp#27;[92m
        __    _____ _____ ____ _____   ____   _    ____  ____  _____ ____  
  _     \ \  |_   _| ____/ ___|_   _| |  _ \ / \  / ___|/ ___|| ____|  _ \ 
 (_)_____| |   | | |  _| \___ \ | |   | |_) / _ \ \___ \\___ \|  _| | | | |
  _|_____| |   | | | |___ ___) || |   |  __/ ___ \ ___) |___) | |___| |_| |
 (_)     | |   |_| |_____|____/ |_|   |_| /_/   \_\____/|____/|_____|____/ 
        /_/                                                                

Verify if we are able to delete pet data on the basis of Id
----------------------------------------------------------------------------&amp#27;[0m
]]></system-err>
  </testcase>
  <testcase name="Verify if we are able to delete pet data on the basis of Id #2" classname="Validating Delete Pet API" time="1.551">
    <system-out><![CDATA[
Scenario Outline: Verify if we are able to delete pet data on the basis of Id            &amp#27;[90m# src/test/resources/features/api/DeletePet.feature:11&amp#27;[0m
  &amp#27;[32mGiven &amp#27;[0m&amp#27;[32muser sets Delete API base url &amp#27;[0m&amp#27;[32m&amp#27;[1m"base.url"&amp#27;[0m                                         &amp#27;[90m# codechallenge.be.cucumber.serenityDefinitions.DeletePetDefinition.userSetsBaseUrl(java.lang.String)&amp#27;[0m
Request method:	DELETE
Request URI:	https://petstore3.swagger.io/api/v3/pet/11
Proxy:			<none>
Request params:	<none>
Query params:	<none>
Form params:	<none>
Path params:	<none>
Headers:		accept=application/xml
				Content-Type=application/json; charset=UTF-8
Cookies:		<none>
Multiparts:		<none>
Body:			<none>
HTTP/1.1 200 OK
Date: Tue, 30 Nov 2021 10:50:42 GMT
Content-Type: application/xml
Content-Length: 11
Connection: keep-alive
Access-Control-Allow-Origin: *
Access-Control-Allow-Methods: GET, POST, DELETE, PUT
Access-Control-Allow-Headers: Content-Type, api_key, Authorization
Access-Control-Expose-Headers: Content-Disposition
Server: Jetty(9.4.9.v20180320)

Pet deleted
  &amp#27;[32mWhen &amp#27;[0m&amp#27;[32muser calls DeletePetAPI &amp#27;[0m&amp#27;[32m&amp#27;[1m"DeletePetAPI"&amp#27;[0m&amp#27;[32m with &amp#27;[0m&amp#27;[32m&amp#27;[1m"DELETE"&amp#27;[0m&amp#27;[32m http request for pet id &amp#27;[0m&amp#27;[32m&amp#27;[1m"11"&amp#27;[0m &amp#27;[90m# codechallenge.be.cucumber.serenityDefinitions.DeletePetDefinition.userCallsWithHttpRequest(java.lang.String,java.lang.String,java.lang.String)&amp#27;[0m
  &amp#27;[32mThen &amp#27;[0m&amp#27;[32mDelete Pet API call is successful with status code &amp#27;[0m&amp#27;[32m&amp#27;[1m200&amp#27;[0m                            &amp#27;[90m# codechallenge.be.cucumber.serenityDefinitions.DeletePetDefinition.getPetAPICallIsSuccessfulWithStatusCode(int)&amp#27;[0m
  &amp#27;[32mAnd &amp#27;[0m&amp#27;[32mdelete api response message as &amp#27;[0m&amp#27;[32m&amp#27;[1m"Pet deleted"&amp#27;[0m                                       &amp#27;[90m# codechallenge.be.cucumber.serenityDefinitions.DeletePetDefinition.deleteApiResponseMessageAs(java.lang.String)&amp#27;[0m
]]></system-out>
    <system-err><![CDATA[[main] INFO io.cucumber.core.plugin.SerenityReporter - Running feature from file:///Users/kushwmeg/IdeaProjects/pet-store-automation/src/test/resources/features/api/DeletePet.feature
[Fatal Error] :1:1: Content is not allowed in prolog.
[main] INFO  - &amp#27;[92m
        __    _____ _____ ____ _____   ____   _    ____  ____  _____ ____  
  _     \ \  |_   _| ____/ ___|_   _| |  _ \ / \  / ___|/ ___|| ____|  _ \ 
 (_)_____| |   | | |  _| \___ \ | |   | |_) / _ \ \___ \\___ \|  _| | | | |
  _|_____| |   | | | |___ ___) || |   |  __/ ___ \ ___) |___) | |___| |_| |
 (_)     | |   |_| |_____|____/ |_|   |_| /_/   \_\____/|____/|_____|____/ 
        /_/                                                                

Verify if we are able to delete pet data on the basis of Id
----------------------------------------------------------------------------&amp#27;[0m
]]></system-err>
  </testcase>
  <testcase name="Verify if we are able to delete pet data on the basis of Id #3" classname="Validating Delete Pet API" time="1.535">
    <system-out><![CDATA[
Scenario Outline: Verify if we are able to delete pet data on the basis of Id             &amp#27;[90m# src/test/resources/features/api/DeletePet.feature:12&amp#27;[0m
  &amp#27;[32mGiven &amp#27;[0m&amp#27;[32muser sets Delete API base url &amp#27;[0m&amp#27;[32m&amp#27;[1m"base.url"&amp#27;[0m                                          &amp#27;[90m# codechallenge.be.cucumber.serenityDefinitions.DeletePetDefinition.userSetsBaseUrl(java.lang.String)&amp#27;[0m
Request method:	DELETE
Request URI:	https://petstore3.swagger.io/api/v3/pet/132
Proxy:			<none>
Request params:	<none>
Query params:	<none>
Form params:	<none>
Path params:	<none>
Headers:		accept=application/xml
				Content-Type=application/json; charset=UTF-8
Cookies:		<none>
Multiparts:		<none>
Body:			<none>
HTTP/1.1 200 OK
Date: Tue, 30 Nov 2021 10:50:43 GMT
Content-Type: application/xml
Content-Length: 11
Connection: keep-alive
Access-Control-Allow-Origin: *
Access-Control-Allow-Methods: GET, POST, DELETE, PUT
Access-Control-Allow-Headers: Content-Type, api_key, Authorization
Access-Control-Expose-Headers: Content-Disposition
Server: Jetty(9.4.9.v20180320)

Pet deleted
  &amp#27;[32mWhen &amp#27;[0m&amp#27;[32muser calls DeletePetAPI &amp#27;[0m&amp#27;[32m&amp#27;[1m"DeletePetAPI"&amp#27;[0m&amp#27;[32m with &amp#27;[0m&amp#27;[32m&amp#27;[1m"DELETE"&amp#27;[0m&amp#27;[32m http request for pet id &amp#27;[0m&amp#27;[32m&amp#27;[1m"132"&amp#27;[0m &amp#27;[90m# codechallenge.be.cucumber.serenityDefinitions.DeletePetDefinition.userCallsWithHttpRequest(java.lang.String,java.lang.String,java.lang.String)&amp#27;[0m
  &amp#27;[32mThen &amp#27;[0m&amp#27;[32mDelete Pet API call is successful with status code &amp#27;[0m&amp#27;[32m&amp#27;[1m200&amp#27;[0m                             &amp#27;[90m# codechallenge.be.cucumber.serenityDefinitions.DeletePetDefinition.getPetAPICallIsSuccessfulWithStatusCode(int)&amp#27;[0m
  &amp#27;[32mAnd &amp#27;[0m&amp#27;[32mdelete api response message as &amp#27;[0m&amp#27;[32m&amp#27;[1m"Pet deleted"&amp#27;[0m                                        &amp#27;[90m# codechallenge.be.cucumber.serenityDefinitions.DeletePetDefinition.deleteApiResponseMessageAs(java.lang.String)&amp#27;[0m
]]></system-out>
    <system-err><![CDATA[[main] INFO io.cucumber.core.plugin.SerenityReporter - Running feature from file:///Users/kushwmeg/IdeaProjects/pet-store-automation/src/test/resources/features/api/DeletePet.feature
[Fatal Error] :1:1: Content is not allowed in prolog.
]]></system-err>
  </testcase>
  <testcase name="Verify if we are able to delete pet data on the basis of Id #4" classname="Validating Delete Pet API" time="1.352">
    <system-out><![CDATA[
Scenario Outline: Verify if we are able to delete pet data on the basis of Id             &amp#27;[90m# src/test/resources/features/api/DeletePet.feature:13&amp#27;[0m
  &amp#27;[32mGiven &amp#27;[0m&amp#27;[32muser sets Delete API base url &amp#27;[0m&amp#27;[32m&amp#27;[1m"base.url"&amp#27;[0m                                          &amp#27;[90m# codechallenge.be.cucumber.serenityDefinitions.DeletePetDefinition.userSetsBaseUrl(java.lang.String)&amp#27;[0m
Request method:	DELETE
Request URI:	https://petstore3.swagger.io/api/v3/pet/115
Proxy:			<none>
Request params:	<none>
Query params:	<none>
Form params:	<none>
Path params:	<none>
Headers:		accept=application/xml
				Content-Type=application/json; charset=UTF-8
Cookies:		<none>
Multiparts:		<none>
Body:			<none>
HTTP/1.1 200 OK
Date: Tue, 30 Nov 2021 10:50:45 GMT
Content-Type: application/xml
Content-Length: 11
Connection: keep-alive
Access-Control-Allow-Origin: *
Access-Control-Allow-Methods: GET, POST, DELETE, PUT
Access-Control-Allow-Headers: Content-Type, api_key, Authorization
Access-Control-Expose-Headers: Content-Disposition
Server: Jetty(9.4.9.v20180320)

Pet deleted
  &amp#27;[32mWhen &amp#27;[0m&amp#27;[32muser calls DeletePetAPI &amp#27;[0m&amp#27;[32m&amp#27;[1m"DeletePetAPI"&amp#27;[0m&amp#27;[32m with &amp#27;[0m&amp#27;[32m&amp#27;[1m"DELETE"&amp#27;[0m&amp#27;[32m http request for pet id &amp#27;[0m&amp#27;[32m&amp#27;[1m"115"&amp#27;[0m &amp#27;[90m# codechallenge.be.cucumber.serenityDefinitions.DeletePetDefinition.userCallsWithHttpRequest(java.lang.String,java.lang.String,java.lang.String)&amp#27;[0m
  &amp#27;[32mThen &amp#27;[0m&amp#27;[32mDelete Pet API call is successful with status code &amp#27;[0m&amp#27;[32m&amp#27;[1m200&amp#27;[0m                             &amp#27;[90m# codechallenge.be.cucumber.serenityDefinitions.DeletePetDefinition.getPetAPICallIsSuccessfulWithStatusCode(int)&amp#27;[0m
  &amp#27;[32mAnd &amp#27;[0m&amp#27;[32mdelete api response message as &amp#27;[0m&amp#27;[32m&amp#27;[1m"Pet deleted"&amp#27;[0m                                        &amp#27;[90m# codechallenge.be.cucumber.serenityDefinitions.DeletePetDefinition.deleteApiResponseMessageAs(java.lang.String)&amp#27;[0m
]]></system-out>
    <system-err><![CDATA[[main] INFO io.cucumber.core.plugin.SerenityReporter - Running feature from file:///Users/kushwmeg/IdeaProjects/pet-store-automation/src/test/resources/features/api/DeletePet.feature
[Fatal Error] :1:1: Content is not allowed in prolog.
]]></system-err>
  </testcase>
  <testcase name="Verify if we are able to delete pet data on the basis of Id #5" classname="Validating Delete Pet API" time="1.515">
    <system-out><![CDATA[
Scenario Outline: Verify if we are able to delete pet data on the basis of Id             &amp#27;[90m# src/test/resources/features/api/DeletePet.feature:14&amp#27;[0m
  &amp#27;[32mGiven &amp#27;[0m&amp#27;[32muser sets Delete API base url &amp#27;[0m&amp#27;[32m&amp#27;[1m"base.url"&amp#27;[0m                                          &amp#27;[90m# codechallenge.be.cucumber.serenityDefinitions.DeletePetDefinition.userSetsBaseUrl(java.lang.String)&amp#27;[0m
Request method:	DELETE
Request URI:	https://petstore3.swagger.io/api/v3/pet/119
Proxy:			<none>
Request params:	<none>
Query params:	<none>
Form params:	<none>
Path params:	<none>
Headers:		accept=application/xml
				Content-Type=application/json; charset=UTF-8
Cookies:		<none>
Multiparts:		<none>
Body:			<none>
HTTP/1.1 200 OK
Date: Tue, 30 Nov 2021 10:50:46 GMT
Content-Type: application/xml
Content-Length: 11
Connection: keep-alive
Access-Control-Allow-Origin: *
Access-Control-Allow-Methods: GET, POST, DELETE, PUT
Access-Control-Allow-Headers: Content-Type, api_key, Authorization
Access-Control-Expose-Headers: Content-Disposition
Server: Jetty(9.4.9.v20180320)

Pet deleted
  &amp#27;[32mWhen &amp#27;[0m&amp#27;[32muser calls DeletePetAPI &amp#27;[0m&amp#27;[32m&amp#27;[1m"DeletePetAPI"&amp#27;[0m&amp#27;[32m with &amp#27;[0m&amp#27;[32m&amp#27;[1m"DELETE"&amp#27;[0m&amp#27;[32m http request for pet id &amp#27;[0m&amp#27;[32m&amp#27;[1m"119"&amp#27;[0m &amp#27;[90m# codechallenge.be.cucumber.serenityDefinitions.DeletePetDefinition.userCallsWithHttpRequest(java.lang.String,java.lang.String,java.lang.String)&amp#27;[0m
  &amp#27;[32mThen &amp#27;[0m&amp#27;[32mDelete Pet API call is successful with status code &amp#27;[0m&amp#27;[32m&amp#27;[1m200&amp#27;[0m                             &amp#27;[90m# codechallenge.be.cucumber.serenityDefinitions.DeletePetDefinition.getPetAPICallIsSuccessfulWithStatusCode(int)&amp#27;[0m
  &amp#27;[32mAnd &amp#27;[0m&amp#27;[32mdelete api response message as &amp#27;[0m&amp#27;[32m&amp#27;[1m"Pet deleted"&amp#27;[0m                                        &amp#27;[90m# codechallenge.be.cucumber.serenityDefinitions.DeletePetDefinition.deleteApiResponseMessageAs(java.lang.String)&amp#27;[0m
]]></system-out>
    <system-err><![CDATA[[main] INFO io.cucumber.core.plugin.SerenityReporter - Running feature from file:///Users/kushwmeg/IdeaProjects/pet-store-automation/src/test/resources/features/api/DeletePet.feature
[Fatal Error] :1:1: Content is not allowed in prolog.
]]></system-err>
  </testcase>
  <testcase name="Verify if we are able to delete pet data on the basis of Id #6" classname="Validating Delete Pet API" time="1.432">
    <system-out><![CDATA[
Scenario Outline: Verify if we are able to delete pet data on the basis of Id            &amp#27;[90m# src/test/resources/features/api/DeletePet.feature:15&amp#27;[0m
  &amp#27;[32mGiven &amp#27;[0m&amp#27;[32muser sets Delete API base url &amp#27;[0m&amp#27;[32m&amp#27;[1m"base.url"&amp#27;[0m                                         &amp#27;[90m# codechallenge.be.cucumber.serenityDefinitions.DeletePetDefinition.userSetsBaseUrl(java.lang.String)&amp#27;[0m
Request method:	DELETE
Request URI:	https://petstore3.swagger.io/api/v3/pet/44
Proxy:			<none>
Request params:	<none>
Query params:	<none>
Form params:	<none>
Path params:	<none>
Headers:		accept=application/xml
				Content-Type=application/json; charset=UTF-8
Cookies:		<none>
Multiparts:		<none>
Body:			<none>
HTTP/1.1 200 OK
Date: Tue, 30 Nov 2021 10:50:48 GMT
Content-Type: application/xml
Content-Length: 11
Connection: keep-alive
Access-Control-Allow-Origin: *
Access-Control-Allow-Methods: GET, POST, DELETE, PUT
Access-Control-Allow-Headers: Content-Type, api_key, Authorization
Access-Control-Expose-Headers: Content-Disposition
Server: Jetty(9.4.9.v20180320)

Pet deleted
  &amp#27;[32mWhen &amp#27;[0m&amp#27;[32muser calls DeletePetAPI &amp#27;[0m&amp#27;[32m&amp#27;[1m"DeletePetAPI"&amp#27;[0m&amp#27;[32m with &amp#27;[0m&amp#27;[32m&amp#27;[1m"DELETE"&amp#27;[0m&amp#27;[32m http request for pet id &amp#27;[0m&amp#27;[32m&amp#27;[1m"44"&amp#27;[0m &amp#27;[90m# codechallenge.be.cucumber.serenityDefinitions.DeletePetDefinition.userCallsWithHttpRequest(java.lang.String,java.lang.String,java.lang.String)&amp#27;[0m
  &amp#27;[32mThen &amp#27;[0m&amp#27;[32mDelete Pet API call is successful with status code &amp#27;[0m&amp#27;[32m&amp#27;[1m200&amp#27;[0m                            &amp#27;[90m# codechallenge.be.cucumber.serenityDefinitions.DeletePetDefinition.getPetAPICallIsSuccessfulWithStatusCode(int)&amp#27;[0m
  &amp#27;[32mAnd &amp#27;[0m&amp#27;[32mdelete api response message as &amp#27;[0m&amp#27;[32m&amp#27;[1m"Pet deleted"&amp#27;[0m                                       &amp#27;[90m# codechallenge.be.cucumber.serenityDefinitions.DeletePetDefinition.deleteApiResponseMessageAs(java.lang.String)&amp#27;[0m
]]></system-out>
    <system-err><![CDATA[[main] INFO io.cucumber.core.plugin.SerenityReporter - Running feature from file:///Users/kushwmeg/IdeaProjects/pet-store-automation/src/test/resources/features/api/DeletePet.feature
[Fatal Error] :1:1: Content is not allowed in prolog.
]]></system-err>
  </testcase>
  <testcase name="Verify if we are able to delete pet data on the basis of Id #7" classname="Validating Delete Pet API" time="1.535">
    <system-out><![CDATA[
Scenario Outline: Verify if we are able to delete pet data on the basis of Id             &amp#27;[90m# src/test/resources/features/api/DeletePet.feature:16&amp#27;[0m
  &amp#27;[32mGiven &amp#27;[0m&amp#27;[32muser sets Delete API base url &amp#27;[0m&amp#27;[32m&amp#27;[1m"base.url"&amp#27;[0m                                          &amp#27;[90m# codechallenge.be.cucumber.serenityDefinitions.DeletePetDefinition.userSetsBaseUrl(java.lang.String)&amp#27;[0m
Request method:	DELETE
Request URI:	https://petstore3.swagger.io/api/v3/pet/164
Proxy:			<none>
Request params:	<none>
Query params:	<none>
Form params:	<none>
Path params:	<none>
Headers:		accept=application/xml
				Content-Type=application/json; charset=UTF-8
Cookies:		<none>
Multiparts:		<none>
Body:			<none>
HTTP/1.1 200 OK
Date: Tue, 30 Nov 2021 10:50:49 GMT
Content-Type: application/xml
Content-Length: 11
Connection: keep-alive
Access-Control-Allow-Origin: *
Access-Control-Allow-Methods: GET, POST, DELETE, PUT
Access-Control-Allow-Headers: Content-Type, api_key, Authorization
Access-Control-Expose-Headers: Content-Disposition
Server: Jetty(9.4.9.v20180320)

Pet deleted
  &amp#27;[32mWhen &amp#27;[0m&amp#27;[32muser calls DeletePetAPI &amp#27;[0m&amp#27;[32m&amp#27;[1m"DeletePetAPI"&amp#27;[0m&amp#27;[32m with &amp#27;[0m&amp#27;[32m&amp#27;[1m"DELETE"&amp#27;[0m&amp#27;[32m http request for pet id &amp#27;[0m&amp#27;[32m&amp#27;[1m"164"&amp#27;[0m &amp#27;[90m# codechallenge.be.cucumber.serenityDefinitions.DeletePetDefinition.userCallsWithHttpRequest(java.lang.String,java.lang.String,java.lang.String)&amp#27;[0m
  &amp#27;[32mThen &amp#27;[0m&amp#27;[32mDelete Pet API call is successful with status code &amp#27;[0m&amp#27;[32m&amp#27;[1m200&amp#27;[0m                             &amp#27;[90m# codechallenge.be.cucumber.serenityDefinitions.DeletePetDefinition.getPetAPICallIsSuccessfulWithStatusCode(int)&amp#27;[0m
  &amp#27;[32mAnd &amp#27;[0m&amp#27;[32mdelete api response message as &amp#27;[0m&amp#27;[32m&amp#27;[1m"Pet deleted"&amp#27;[0m                                        &amp#27;[90m# codechallenge.be.cucumber.serenityDefinitions.DeletePetDefinition.deleteApiResponseMessageAs(java.lang.String)&amp#27;[0m
]]></system-out>
    <system-err><![CDATA[[main] INFO io.cucumber.core.plugin.SerenityReporter - Running feature from file:///Users/kushwmeg/IdeaProjects/pet-store-automation/src/test/resources/features/api/DeletePet.feature
[Fatal Error] :1:1: Content is not allowed in prolog.
]]></system-err>
  </testcase>
  <testcase name="Verify if the pet data was deleted by doing a get call on the basis of Id #1" classname="Validating Delete Pet API" time="1.536">
    <system-out><![CDATA[
Scenario Outline: Verify if the pet data was deleted by doing a get call on the basis of Id &amp#27;[90m# src/test/resources/features/api/DeletePet.feature:26&amp#27;[0m
  &amp#27;[32mGiven &amp#27;[0m&amp#27;[32muser sets base url &amp#27;[0m&amp#27;[32m&amp#27;[1m"base.url"&amp#27;[0m                                                       &amp#27;[90m# codechallenge.be.cucumber.serenityDefinitions.GetPetDefinition.userSetsBaseUrl(java.lang.String)&amp#27;[0m
Request method:	GET
Request URI:	https://petstore3.swagger.io/api/v3/pet/121
Proxy:			<none>
Request params:	<none>
Query params:	<none>
Form params:	<none>
Path params:	<none>
Headers:		accept=application/xml
				Content-Type=application/json; charset=UTF-8
Cookies:		<none>
Multiparts:		<none>
Body:			<none>
HTTP/1.1 404 Not Found
Date: Tue, 30 Nov 2021 10:50:51 GMT
Content-Type: application/xml
Content-Length: 13
Connection: keep-alive
Access-Control-Allow-Origin: *
Access-Control-Allow-Methods: GET, POST, DELETE, PUT
Access-Control-Allow-Headers: Content-Type, api_key, Authorization
Access-Control-Expose-Headers: Content-Disposition
Server: Jetty(9.4.9.v20180320)

Pet not found
  &amp#27;[32mWhen &amp#27;[0m&amp#27;[32muser calls GetPetAPI &amp#27;[0m&amp#27;[32m&amp#27;[1m"FindPetById"&amp#27;[0m&amp#27;[32m with &amp#27;[0m&amp#27;[32m&amp#27;[1m"GET"&amp#27;[0m&amp#27;[32m http request for pet id &amp#27;[0m&amp#27;[32m&amp#27;[1m"121"&amp#27;[0m          &amp#27;[90m# codechallenge.be.cucumber.serenityDefinitions.GetPetDefinition.userCallsWithHttpRequest(java.lang.String,java.lang.String,java.lang.String)&amp#27;[0m
  &amp#27;[32mThen &amp#27;[0m&amp#27;[32mGet Pet API call is successful with status code &amp#27;[0m&amp#27;[32m&amp#27;[1m404&amp#27;[0m                                  &amp#27;[90m# codechallenge.be.cucumber.serenityDefinitions.GetPetDefinition.getPetAPICallIsSuccessfulWithStatusCode(int)&amp#27;[0m
  &amp#27;[32mAnd &amp#27;[0m&amp#27;[32mresponse message as &amp#27;[0m&amp#27;[32m&amp#27;[1m"Pet not found"&amp#27;[0m                                                   &amp#27;[90m# codechallenge.be.cucumber.serenityDefinitions.GetPetDefinition.responseMessageAs(java.lang.String)&amp#27;[0m
]]></system-out>
    <system-err><![CDATA[[main] INFO io.cucumber.core.plugin.SerenityReporter - Running feature from file:///Users/kushwmeg/IdeaProjects/pet-store-automation/src/test/resources/features/api/DeletePet.feature
[main] INFO  - 
 _____ _____ ____ _____   ____ _____  _    ____ _____ _____ ____  
|_   _| ____/ ___|_   _| / ___|_   _|/ \  |  _ \_   _| ____|  _ \ 
  | | |  _| \___ \ | |   \___ \ | | / _ \ | |_) || | |  _| | | | |
  | | | |___ ___) || |    ___) || |/ ___ \|  _ < | | | |___| |_| |
  |_| |_____|____/ |_|   |____/ |_/_/   \_\_| \_\|_| |_____|____/ 

Verify if the pet data was deleted by doing a get call on the basis of Id(validating-delete-pet-api;verify-if-the-pet-data-was-deleted-by-doing-a-get-call-on-the-basis-of-id)
-------------------------------------------------------------------
[Fatal Error] :1:1: Content is not allowed in prolog.
[main] INFO  - &amp#27;[92m
        __    _____ _____ ____ _____   ____   _    ____  ____  _____ ____  
  _     \ \  |_   _| ____/ ___|_   _| |  _ \ / \  / ___|/ ___|| ____|  _ \ 
 (_)_____| |   | | |  _| \___ \ | |   | |_) / _ \ \___ \\___ \|  _| | | | |
  _|_____| |   | | | |___ ___) || |   |  __/ ___ \ ___) |___) | |___| |_| |
 (_)     | |   |_| |_____|____/ |_|   |_| /_/   \_\____/|____/|_____|____/ 
        /_/                                                                

Verify if the pet data was deleted by doing a get call on the basis of Id
----------------------------------------------------------------------------&amp#27;[0m
]]></system-err>
  </testcase>
  <testcase name="Verify if the pet data was deleted by doing a get call on the basis of Id #2" classname="Validating Delete Pet API" time="1.639">
    <system-out><![CDATA[
Scenario Outline: Verify if the pet data was deleted by doing a get call on the basis of Id &amp#27;[90m# src/test/resources/features/api/DeletePet.feature:27&amp#27;[0m
  &amp#27;[32mGiven &amp#27;[0m&amp#27;[32muser sets base url &amp#27;[0m&amp#27;[32m&amp#27;[1m"base.url"&amp#27;[0m                                                       &amp#27;[90m# codechallenge.be.cucumber.serenityDefinitions.GetPetDefinition.userSetsBaseUrl(java.lang.String)&amp#27;[0m
Request method:	GET
Request URI:	https://petstore3.swagger.io/api/v3/pet/11
Proxy:			<none>
Request params:	<none>
Query params:	<none>
Form params:	<none>
Path params:	<none>
Headers:		accept=application/xml
				Content-Type=application/json; charset=UTF-8
Cookies:		<none>
Multiparts:		<none>
Body:			<none>
HTTP/1.1 404 Not Found
Date: Tue, 30 Nov 2021 10:50:52 GMT
Content-Type: application/xml
Content-Length: 13
Connection: keep-alive
Access-Control-Allow-Origin: *
Access-Control-Allow-Methods: GET, POST, DELETE, PUT
Access-Control-Allow-Headers: Content-Type, api_key, Authorization
Access-Control-Expose-Headers: Content-Disposition
Server: Jetty(9.4.9.v20180320)

Pet not found
  &amp#27;[32mWhen &amp#27;[0m&amp#27;[32muser calls GetPetAPI &amp#27;[0m&amp#27;[32m&amp#27;[1m"FindPetById"&amp#27;[0m&amp#27;[32m with &amp#27;[0m&amp#27;[32m&amp#27;[1m"GET"&amp#27;[0m&amp#27;[32m http request for pet id &amp#27;[0m&amp#27;[32m&amp#27;[1m"11"&amp#27;[0m           &amp#27;[90m# codechallenge.be.cucumber.serenityDefinitions.GetPetDefinition.userCallsWithHttpRequest(java.lang.String,java.lang.String,java.lang.String)&amp#27;[0m
  &amp#27;[32mThen &amp#27;[0m&amp#27;[32mGet Pet API call is successful with status code &amp#27;[0m&amp#27;[32m&amp#27;[1m404&amp#27;[0m                                  &amp#27;[90m# codechallenge.be.cucumber.serenityDefinitions.GetPetDefinition.getPetAPICallIsSuccessfulWithStatusCode(int)&amp#27;[0m
  &amp#27;[32mAnd &amp#27;[0m&amp#27;[32mresponse message as &amp#27;[0m&amp#27;[32m&amp#27;[1m"Pet not found"&amp#27;[0m                                                   &amp#27;[90m# codechallenge.be.cucumber.serenityDefinitions.GetPetDefinition.responseMessageAs(java.lang.String)&amp#27;[0m
]]></system-out>
    <system-err><![CDATA[[main] INFO io.cucumber.core.plugin.SerenityReporter - Running feature from file:///Users/kushwmeg/IdeaProjects/pet-store-automation/src/test/resources/features/api/DeletePet.feature
[Fatal Error] :1:1: Content is not allowed in prolog.
[main] INFO  - &amp#27;[92m
        __    _____ _____ ____ _____   ____   _    ____  ____  _____ ____  
  _     \ \  |_   _| ____/ ___|_   _| |  _ \ / \  / ___|/ ___|| ____|  _ \ 
 (_)_____| |   | | |  _| \___ \ | |   | |_) / _ \ \___ \\___ \|  _| | | | |
  _|_____| |   | | | |___ ___) || |   |  __/ ___ \ ___) |___) | |___| |_| |
 (_)     | |   |_| |_____|____/ |_|   |_| /_/   \_\____/|____/|_____|____/ 
        /_/                                                                

Verify if the pet data was deleted by doing a get call on the basis of Id
----------------------------------------------------------------------------&amp#27;[0m
]]></system-err>
  </testcase>
  <testcase name="Verify if the pet data was deleted by doing a get call on the basis of Id #3" classname="Validating Delete Pet API" time="1.376">
    <system-out><![CDATA[
Scenario Outline: Verify if the pet data was deleted by doing a get call on the basis of Id &amp#27;[90m# src/test/resources/features/api/DeletePet.feature:28&amp#27;[0m
  &amp#27;[32mGiven &amp#27;[0m&amp#27;[32muser sets base url &amp#27;[0m&amp#27;[32m&amp#27;[1m"base.url"&amp#27;[0m                                                       &amp#27;[90m# codechallenge.be.cucumber.serenityDefinitions.GetPetDefinition.userSetsBaseUrl(java.lang.String)&amp#27;[0m
Request method:	GET
Request URI:	https://petstore3.swagger.io/api/v3/pet/132
Proxy:			<none>
Request params:	<none>
Query params:	<none>
Form params:	<none>
Path params:	<none>
Headers:		accept=application/xml
				Content-Type=application/json; charset=UTF-8
Cookies:		<none>
Multiparts:		<none>
Body:			<none>
HTTP/1.1 404 Not Found
Date: Tue, 30 Nov 2021 10:50:54 GMT
Content-Type: application/xml
Content-Length: 13
Connection: keep-alive
Access-Control-Allow-Origin: *
Access-Control-Allow-Methods: GET, POST, DELETE, PUT
Access-Control-Allow-Headers: Content-Type, api_key, Authorization
Access-Control-Expose-Headers: Content-Disposition
Server: Jetty(9.4.9.v20180320)

Pet not found
  &amp#27;[32mWhen &amp#27;[0m&amp#27;[32muser calls GetPetAPI &amp#27;[0m&amp#27;[32m&amp#27;[1m"FindPetById"&amp#27;[0m&amp#27;[32m with &amp#27;[0m&amp#27;[32m&amp#27;[1m"GET"&amp#27;[0m&amp#27;[32m http request for pet id &amp#27;[0m&amp#27;[32m&amp#27;[1m"132"&amp#27;[0m          &amp#27;[90m# codechallenge.be.cucumber.serenityDefinitions.GetPetDefinition.userCallsWithHttpRequest(java.lang.String,java.lang.String,java.lang.String)&amp#27;[0m
  &amp#27;[32mThen &amp#27;[0m&amp#27;[32mGet Pet API call is successful with status code &amp#27;[0m&amp#27;[32m&amp#27;[1m404&amp#27;[0m                                  &amp#27;[90m# codechallenge.be.cucumber.serenityDefinitions.GetPetDefinition.getPetAPICallIsSuccessfulWithStatusCode(int)&amp#27;[0m
  &amp#27;[32mAnd &amp#27;[0m&amp#27;[32mresponse message as &amp#27;[0m&amp#27;[32m&amp#27;[1m"Pet not found"&amp#27;[0m                                                   &amp#27;[90m# codechallenge.be.cucumber.serenityDefinitions.GetPetDefinition.responseMessageAs(java.lang.String)&amp#27;[0m
]]></system-out>
    <system-err><![CDATA[[main] INFO io.cucumber.core.plugin.SerenityReporter - Running feature from file:///Users/kushwmeg/IdeaProjects/pet-store-automation/src/test/resources/features/api/DeletePet.feature
[Fatal Error] :1:1: Content is not allowed in prolog.
]]></system-err>
  </testcase>
  <testcase name="Verify if the pet data was deleted by doing a get call on the basis of Id #4" classname="Validating Delete Pet API" time="1.287">
    <system-out><![CDATA[
Scenario Outline: Verify if the pet data was deleted by doing a get call on the basis of Id &amp#27;[90m# src/test/resources/features/api/DeletePet.feature:29&amp#27;[0m
  &amp#27;[32mGiven &amp#27;[0m&amp#27;[32muser sets base url &amp#27;[0m&amp#27;[32m&amp#27;[1m"base.url"&amp#27;[0m                                                       &amp#27;[90m# codechallenge.be.cucumber.serenityDefinitions.GetPetDefinition.userSetsBaseUrl(java.lang.String)&amp#27;[0m
Request method:	GET
Request URI:	https://petstore3.swagger.io/api/v3/pet/115
Proxy:			<none>
Request params:	<none>
Query params:	<none>
Form params:	<none>
Path params:	<none>
Headers:		accept=application/xml
				Content-Type=application/json; charset=UTF-8
Cookies:		<none>
Multiparts:		<none>
Body:			<none>
HTTP/1.1 404 Not Found
Date: Tue, 30 Nov 2021 10:50:55 GMT
Content-Type: application/xml
Content-Length: 13
Connection: keep-alive
Access-Control-Allow-Origin: *
Access-Control-Allow-Methods: GET, POST, DELETE, PUT
Access-Control-Allow-Headers: Content-Type, api_key, Authorization
Access-Control-Expose-Headers: Content-Disposition
Server: Jetty(9.4.9.v20180320)

Pet not found
  &amp#27;[32mWhen &amp#27;[0m&amp#27;[32muser calls GetPetAPI &amp#27;[0m&amp#27;[32m&amp#27;[1m"FindPetById"&amp#27;[0m&amp#27;[32m with &amp#27;[0m&amp#27;[32m&amp#27;[1m"GET"&amp#27;[0m&amp#27;[32m http request for pet id &amp#27;[0m&amp#27;[32m&amp#27;[1m"115"&amp#27;[0m          &amp#27;[90m# codechallenge.be.cucumber.serenityDefinitions.GetPetDefinition.userCallsWithHttpRequest(java.lang.String,java.lang.String,java.lang.String)&amp#27;[0m
  &amp#27;[32mThen &amp#27;[0m&amp#27;[32mGet Pet API call is successful with status code &amp#27;[0m&amp#27;[32m&amp#27;[1m404&amp#27;[0m                                  &amp#27;[90m# codechallenge.be.cucumber.serenityDefinitions.GetPetDefinition.getPetAPICallIsSuccessfulWithStatusCode(int)&amp#27;[0m
  &amp#27;[32mAnd &amp#27;[0m&amp#27;[32mresponse message as &amp#27;[0m&amp#27;[32m&amp#27;[1m"Pet not found"&amp#27;[0m                                                   &amp#27;[90m# codechallenge.be.cucumber.serenityDefinitions.GetPetDefinition.responseMessageAs(java.lang.String)&amp#27;[0m
]]></system-out>
    <system-err><![CDATA[[main] INFO io.cucumber.core.plugin.SerenityReporter - Running feature from file:///Users/kushwmeg/IdeaProjects/pet-store-automation/src/test/resources/features/api/DeletePet.feature
[Fatal Error] :1:1: Content is not allowed in prolog.
]]></system-err>
  </testcase>
  <testcase name="Verify if the pet data was deleted by doing a get call on the basis of Id #5" classname="Validating Delete Pet API" time="1.349">
    <system-out><![CDATA[
Scenario Outline: Verify if the pet data was deleted by doing a get call on the basis of Id &amp#27;[90m# src/test/resources/features/api/DeletePet.feature:30&amp#27;[0m
  &amp#27;[32mGiven &amp#27;[0m&amp#27;[32muser sets base url &amp#27;[0m&amp#27;[32m&amp#27;[1m"base.url"&amp#27;[0m                                                       &amp#27;[90m# codechallenge.be.cucumber.serenityDefinitions.GetPetDefinition.userSetsBaseUrl(java.lang.String)&amp#27;[0m
Request method:	GET
Request URI:	https://petstore3.swagger.io/api/v3/pet/119
Proxy:			<none>
Request params:	<none>
Query params:	<none>
Form params:	<none>
Path params:	<none>
Headers:		accept=application/xml
				Content-Type=application/json; charset=UTF-8
Cookies:		<none>
Multiparts:		<none>
Body:			<none>
HTTP/1.1 404 Not Found
Date: Tue, 30 Nov 2021 10:50:57 GMT
Content-Type: application/xml
Content-Length: 13
Connection: keep-alive
Access-Control-Allow-Origin: *
Access-Control-Allow-Methods: GET, POST, DELETE, PUT
Access-Control-Allow-Headers: Content-Type, api_key, Authorization
Access-Control-Expose-Headers: Content-Disposition
Server: Jetty(9.4.9.v20180320)

Pet not found
  &amp#27;[32mWhen &amp#27;[0m&amp#27;[32muser calls GetPetAPI &amp#27;[0m&amp#27;[32m&amp#27;[1m"FindPetById"&amp#27;[0m&amp#27;[32m with &amp#27;[0m&amp#27;[32m&amp#27;[1m"GET"&amp#27;[0m&amp#27;[32m http request for pet id &amp#27;[0m&amp#27;[32m&amp#27;[1m"119"&amp#27;[0m          &amp#27;[90m# codechallenge.be.cucumber.serenityDefinitions.GetPetDefinition.userCallsWithHttpRequest(java.lang.String,java.lang.String,java.lang.String)&amp#27;[0m
  &amp#27;[32mThen &amp#27;[0m&amp#27;[32mGet Pet API call is successful with status code &amp#27;[0m&amp#27;[32m&amp#27;[1m404&amp#27;[0m                                  &amp#27;[90m# codechallenge.be.cucumber.serenityDefinitions.GetPetDefinition.getPetAPICallIsSuccessfulWithStatusCode(int)&amp#27;[0m
  &amp#27;[32mAnd &amp#27;[0m&amp#27;[32mresponse message as &amp#27;[0m&amp#27;[32m&amp#27;[1m"Pet not found"&amp#27;[0m                                                   &amp#27;[90m# codechallenge.be.cucumber.serenityDefinitions.GetPetDefinition.responseMessageAs(java.lang.String)&amp#27;[0m
]]></system-out>
    <system-err><![CDATA[[main] INFO io.cucumber.core.plugin.SerenityReporter - Running feature from file:///Users/kushwmeg/IdeaProjects/pet-store-automation/src/test/resources/features/api/DeletePet.feature
[Fatal Error] :1:1: Content is not allowed in prolog.
]]></system-err>
  </testcase>
  <testcase name="Verify if the pet data was deleted by doing a get call on the basis of Id #6" classname="Validating Delete Pet API" time="1.331">
    <system-out><![CDATA[
Scenario Outline: Verify if the pet data was deleted by doing a get call on the basis of Id &amp#27;[90m# src/test/resources/features/api/DeletePet.feature:31&amp#27;[0m
  &amp#27;[32mGiven &amp#27;[0m&amp#27;[32muser sets base url &amp#27;[0m&amp#27;[32m&amp#27;[1m"base.url"&amp#27;[0m                                                       &amp#27;[90m# codechallenge.be.cucumber.serenityDefinitions.GetPetDefinition.userSetsBaseUrl(java.lang.String)&amp#27;[0m
Request method:	GET
Request URI:	https://petstore3.swagger.io/api/v3/pet/44
Proxy:			<none>
Request params:	<none>
Query params:	<none>
Form params:	<none>
Path params:	<none>
Headers:		accept=application/xml
				Content-Type=application/json; charset=UTF-8
Cookies:		<none>
Multiparts:		<none>
Body:			<none>
HTTP/1.1 404 Not Found
Date: Tue, 30 Nov 2021 10:50:58 GMT
Content-Type: application/xml
Content-Length: 13
Connection: keep-alive
Access-Control-Allow-Origin: *
Access-Control-Allow-Methods: GET, POST, DELETE, PUT
Access-Control-Allow-Headers: Content-Type, api_key, Authorization
Access-Control-Expose-Headers: Content-Disposition
Server: Jetty(9.4.9.v20180320)

Pet not found
  &amp#27;[32mWhen &amp#27;[0m&amp#27;[32muser calls GetPetAPI &amp#27;[0m&amp#27;[32m&amp#27;[1m"FindPetById"&amp#27;[0m&amp#27;[32m with &amp#27;[0m&amp#27;[32m&amp#27;[1m"GET"&amp#27;[0m&amp#27;[32m http request for pet id &amp#27;[0m&amp#27;[32m&amp#27;[1m"44"&amp#27;[0m           &amp#27;[90m# codechallenge.be.cucumber.serenityDefinitions.GetPetDefinition.userCallsWithHttpRequest(java.lang.String,java.lang.String,java.lang.String)&amp#27;[0m
  &amp#27;[32mThen &amp#27;[0m&amp#27;[32mGet Pet API call is successful with status code &amp#27;[0m&amp#27;[32m&amp#27;[1m404&amp#27;[0m                                  &amp#27;[90m# codechallenge.be.cucumber.serenityDefinitions.GetPetDefinition.getPetAPICallIsSuccessfulWithStatusCode(int)&amp#27;[0m
  &amp#27;[32mAnd &amp#27;[0m&amp#27;[32mresponse message as &amp#27;[0m&amp#27;[32m&amp#27;[1m"Pet not found"&amp#27;[0m                                                   &amp#27;[90m# codechallenge.be.cucumber.serenityDefinitions.GetPetDefinition.responseMessageAs(java.lang.String)&amp#27;[0m
]]></system-out>
    <system-err><![CDATA[[main] INFO io.cucumber.core.plugin.SerenityReporter - Running feature from file:///Users/kushwmeg/IdeaProjects/pet-store-automation/src/test/resources/features/api/DeletePet.feature
[Fatal Error] :1:1: Content is not allowed in prolog.
]]></system-err>
  </testcase>
  <testcase name="Verify if the pet data was deleted by doing a get call on the basis of Id #7" classname="Validating Delete Pet API" time="1.417">
    <system-out><![CDATA[
Scenario Outline: Verify if the pet data was deleted by doing a get call on the basis of Id &amp#27;[90m# src/test/resources/features/api/DeletePet.feature:32&amp#27;[0m
  &amp#27;[32mGiven &amp#27;[0m&amp#27;[32muser sets base url &amp#27;[0m&amp#27;[32m&amp#27;[1m"base.url"&amp#27;[0m                                                       &amp#27;[90m# codechallenge.be.cucumber.serenityDefinitions.GetPetDefinition.userSetsBaseUrl(java.lang.String)&amp#27;[0m
Request method:	GET
Request URI:	https://petstore3.swagger.io/api/v3/pet/164
Proxy:			<none>
Request params:	<none>
Query params:	<none>
Form params:	<none>
Path params:	<none>
Headers:		accept=application/xml
				Content-Type=application/json; charset=UTF-8
Cookies:		<none>
Multiparts:		<none>
Body:			<none>
HTTP/1.1 404 Not Found
Date: Tue, 30 Nov 2021 10:50:59 GMT
Content-Type: application/xml
Content-Length: 13
Connection: keep-alive
Access-Control-Allow-Origin: *
Access-Control-Allow-Methods: GET, POST, DELETE, PUT
Access-Control-Allow-Headers: Content-Type, api_key, Authorization
Access-Control-Expose-Headers: Content-Disposition
Server: Jetty(9.4.9.v20180320)

Pet not found
  &amp#27;[32mWhen &amp#27;[0m&amp#27;[32muser calls GetPetAPI &amp#27;[0m&amp#27;[32m&amp#27;[1m"FindPetById"&amp#27;[0m&amp#27;[32m with &amp#27;[0m&amp#27;[32m&amp#27;[1m"GET"&amp#27;[0m&amp#27;[32m http request for pet id &amp#27;[0m&amp#27;[32m&amp#27;[1m"164"&amp#27;[0m          &amp#27;[90m# codechallenge.be.cucumber.serenityDefinitions.GetPetDefinition.userCallsWithHttpRequest(java.lang.String,java.lang.String,java.lang.String)&amp#27;[0m
  &amp#27;[32mThen &amp#27;[0m&amp#27;[32mGet Pet API call is successful with status code &amp#27;[0m&amp#27;[32m&amp#27;[1m404&amp#27;[0m                                  &amp#27;[90m# codechallenge.be.cucumber.serenityDefinitions.GetPetDefinition.getPetAPICallIsSuccessfulWithStatusCode(int)&amp#27;[0m
  &amp#27;[32mAnd &amp#27;[0m&amp#27;[32mresponse message as &amp#27;[0m&amp#27;[32m&amp#27;[1m"Pet not found"&amp#27;[0m                                                   &amp#27;[90m# codechallenge.be.cucumber.serenityDefinitions.GetPetDefinition.responseMessageAs(java.lang.String)&amp#27;[0m
]]></system-out>
    <system-err><![CDATA[[main] INFO io.cucumber.core.plugin.SerenityReporter - Running feature from file:///Users/kushwmeg/IdeaProjects/pet-store-automation/src/test/resources/features/api/DeletePet.feature
[Fatal Error] :1:1: Content is not allowed in prolog.
]]></system-err>
  </testcase>
  <testcase name="Verify if we are not able to delete the pet data again on the basis of same Id #1" classname="Validating Delete Pet API" time="1.45">
    <failure message="expected:&lt;404&gt; but was:&lt;200&gt;" type="java.lang.AssertionError"><![CDATA[java.lang.AssertionError: expected:<404> but was:<200>
]]></failure>
    <system-out><![CDATA[
Scenario Outline: Verify if we are not able to delete the pet data again on the basis of same Id &amp#27;[90m# src/test/resources/features/api/DeletePet.feature:41&amp#27;[0m
  &amp#27;[32mGiven &amp#27;[0m&amp#27;[32muser sets Delete API base url &amp#27;[0m&amp#27;[32m&amp#27;[1m"base.url"&amp#27;[0m                                                 &amp#27;[90m# codechallenge.be.cucumber.serenityDefinitions.DeletePetDefinition.userSetsBaseUrl(java.lang.String)&amp#27;[0m
Request method:	DELETE
Request URI:	https://petstore3.swagger.io/api/v3/pet/121
Proxy:			<none>
Request params:	<none>
Query params:	<none>
Form params:	<none>
Path params:	<none>
Headers:		accept=application/xml
				Content-Type=application/json; charset=UTF-8
Cookies:		<none>
Multiparts:		<none>
Body:			<none>
HTTP/1.1 200 OK
Date: Tue, 30 Nov 2021 10:51:01 GMT
Content-Type: application/xml
Content-Length: 11
Connection: keep-alive
Access-Control-Allow-Origin: *
Access-Control-Allow-Methods: GET, POST, DELETE, PUT
Access-Control-Allow-Headers: Content-Type, api_key, Authorization
Access-Control-Expose-Headers: Content-Disposition
Server: Jetty(9.4.9.v20180320)

Pet deleted
  &amp#27;[32mWhen &amp#27;[0m&amp#27;[32muser calls DeletePetAPI &amp#27;[0m&amp#27;[32m&amp#27;[1m"DeletePetAPI"&amp#27;[0m&amp#27;[32m with &amp#27;[0m&amp#27;[32m&amp#27;[1m"DELETE"&amp#27;[0m&amp#27;[32m http request for pet id &amp#27;[0m&amp#27;[32m&amp#27;[1m"121"&amp#27;[0m        &amp#27;[90m# codechallenge.be.cucumber.serenityDefinitions.DeletePetDefinition.userCallsWithHttpRequest(java.lang.String,java.lang.String,java.lang.String)&amp#27;[0m
  &amp#27;[31mThen &amp#27;[0m&amp#27;[31mDelete Pet API call is successful with status code &amp#27;[0m&amp#27;[31m&amp#27;[1m404&amp#27;[0m                                    &amp#27;[90m# codechallenge.be.cucumber.serenityDefinitions.DeletePetDefinition.getPetAPICallIsSuccessfulWithStatusCode(int)&amp#27;[0m
      &amp#27;[31mjava.lang.AssertionError: expected:<404> but was:<200>
	at org.junit.Assert.fail(Assert.java:89)
	at org.junit.Assert.failNotEquals(Assert.java:835)
	at org.junit.Assert.assertEquals(Assert.java:647)
	at org.junit.Assert.assertEquals(Assert.java:633)
	at codechallenge.be.cucumber.serenityDefinitions.DeletePetDefinition.getPetAPICallIsSuccessfulWithStatusCode(DeletePetDefinition.java:47)
	at ✽.Delete Pet API call is successful with status code 404(file:///Users/kushwmeg/IdeaProjects/pet-store-automation/src/test/resources/features/api/DeletePet.feature:37)
&amp#27;[0m
  &amp#27;[36mAnd &amp#27;[0m&amp#27;[36mdelete api response message as &amp#27;[0m&amp#27;[36m&amp#27;[1m"Pet not found"&amp#27;[0m                                             &amp#27;[90m# codechallenge.be.cucumber.serenityDefinitions.DeletePetDefinition.deleteApiResponseMessageAs(java.lang.String)&amp#27;[0m
]]></system-out>
    <system-err><![CDATA[[main] INFO io.cucumber.core.plugin.SerenityReporter - Running feature from file:///Users/kushwmeg/IdeaProjects/pet-store-automation/src/test/resources/features/api/DeletePet.feature
[main] INFO  - 
 _____ _____ ____ _____   ____ _____  _    ____ _____ _____ ____  
|_   _| ____/ ___|_   _| / ___|_   _|/ \  |  _ \_   _| ____|  _ \ 
  | | |  _| \___ \ | |   \___ \ | | / _ \ | |_) || | |  _| | | | |
  | | | |___ ___) || |    ___) || |/ ___ \|  _ < | | | |___| |_| |
  |_| |_____|____/ |_|   |____/ |_/_/   \_\_| \_\|_| |_____|____/ 

Verify if we are not able to delete the pet data again on the basis of same Id(validating-delete-pet-api;verify-if-we-are-not-able-to-delete-the-pet-data-again-on-the-basis-of-same-id)
-------------------------------------------------------------------
[Fatal Error] :1:1: Content is not allowed in prolog.
]]></system-err>
  </testcase>
  <testcase name="Verify if we are not able to delete the pet data again on the basis of same Id #2" classname="Validating Delete Pet API" time="1.483">
    <failure message="expected:&lt;404&gt; but was:&lt;200&gt;" type="java.lang.AssertionError"><![CDATA[java.lang.AssertionError: expected:<404> but was:<200>
]]></failure>
    <system-out><![CDATA[
Scenario Outline: Verify if we are not able to delete the pet data again on the basis of same Id &amp#27;[90m# src/test/resources/features/api/DeletePet.feature:42&amp#27;[0m
  &amp#27;[32mGiven &amp#27;[0m&amp#27;[32muser sets Delete API base url &amp#27;[0m&amp#27;[32m&amp#27;[1m"base.url"&amp#27;[0m                                                 &amp#27;[90m# codechallenge.be.cucumber.serenityDefinitions.DeletePetDefinition.userSetsBaseUrl(java.lang.String)&amp#27;[0m
Request method:	DELETE
Request URI:	https://petstore3.swagger.io/api/v3/pet/11
Proxy:			<none>
Request params:	<none>
Query params:	<none>
Form params:	<none>
Path params:	<none>
Headers:		accept=application/xml
				Content-Type=application/json; charset=UTF-8
Cookies:		<none>
Multiparts:		<none>
Body:			<none>
HTTP/1.1 200 OK
Date: Tue, 30 Nov 2021 10:51:02 GMT
Content-Type: application/xml
Content-Length: 11
Connection: keep-alive
Access-Control-Allow-Origin: *
Access-Control-Allow-Methods: GET, POST, DELETE, PUT
Access-Control-Allow-Headers: Content-Type, api_key, Authorization
Access-Control-Expose-Headers: Content-Disposition
Server: Jetty(9.4.9.v20180320)

Pet deleted
  &amp#27;[32mWhen &amp#27;[0m&amp#27;[32muser calls DeletePetAPI &amp#27;[0m&amp#27;[32m&amp#27;[1m"DeletePetAPI"&amp#27;[0m&amp#27;[32m with &amp#27;[0m&amp#27;[32m&amp#27;[1m"DELETE"&amp#27;[0m&amp#27;[32m http request for pet id &amp#27;[0m&amp#27;[32m&amp#27;[1m"11"&amp#27;[0m         &amp#27;[90m# codechallenge.be.cucumber.serenityDefinitions.DeletePetDefinition.userCallsWithHttpRequest(java.lang.String,java.lang.String,java.lang.String)&amp#27;[0m
  &amp#27;[31mThen &amp#27;[0m&amp#27;[31mDelete Pet API call is successful with status code &amp#27;[0m&amp#27;[31m&amp#27;[1m404&amp#27;[0m                                    &amp#27;[90m# codechallenge.be.cucumber.serenityDefinitions.DeletePetDefinition.getPetAPICallIsSuccessfulWithStatusCode(int)&amp#27;[0m
      &amp#27;[31mjava.lang.AssertionError: expected:<404> but was:<200>
	at org.junit.Assert.fail(Assert.java:89)
	at org.junit.Assert.failNotEquals(Assert.java:835)
	at org.junit.Assert.assertEquals(Assert.java:647)
	at org.junit.Assert.assertEquals(Assert.java:633)
	at codechallenge.be.cucumber.serenityDefinitions.DeletePetDefinition.getPetAPICallIsSuccessfulWithStatusCode(DeletePetDefinition.java:47)
	at ✽.Delete Pet API call is successful with status code 404(file:///Users/kushwmeg/IdeaProjects/pet-store-automation/src/test/resources/features/api/DeletePet.feature:37)
&amp#27;[0m
  &amp#27;[36mAnd &amp#27;[0m&amp#27;[36mdelete api response message as &amp#27;[0m&amp#27;[36m&amp#27;[1m"Pet not found"&amp#27;[0m                                             &amp#27;[90m# codechallenge.be.cucumber.serenityDefinitions.DeletePetDefinition.deleteApiResponseMessageAs(java.lang.String)&amp#27;[0m
]]></system-out>
    <system-err><![CDATA[[main] ERROR  - &amp#27;[91m
           __  _____ _____ ____ _____   _____ _    ___ _     _____ ____  
  _       / / |_   _| ____/ ___|_   _| |  ___/ \  |_ _| |   | ____|  _ \ 
 (_)_____| |    | | |  _| \___ \ | |   | |_ / _ \  | || |   |  _| | | | |
  _|_____| |    | | | |___ ___) || |   |  _/ ___ \ | || |___| |___| |_| |
 (_)     | |    |_| |_____|____/ |_|   |_|/_/   \_\___|_____|_____|____/ 
          \_\                                                            

Verify if we are not able to delete the pet data again on the basis of same Id
--------------------------------------------------------------------------&amp#27;[0m
[main] ERROR  - &amp#27;[91m    Test failed at step: Then Delete Pet API call is successful with status code 404&amp#27;[0m
[main] ERROR  - &amp#27;[91m    expected:<404> but was:<200>&amp#27;[0m
[main] INFO io.cucumber.core.plugin.SerenityReporter - Running feature from file:///Users/kushwmeg/IdeaProjects/pet-store-automation/src/test/resources/features/api/DeletePet.feature
[Fatal Error] :1:1: Content is not allowed in prolog.
]]></system-err>
  </testcase>
  <testcase name="Verify if we are not able to delete the pet data again on the basis of same Id #3" classname="Validating Delete Pet API" time="1.494">
    <failure message="expected:&lt;404&gt; but was:&lt;200&gt;" type="java.lang.AssertionError"><![CDATA[java.lang.AssertionError: expected:<404> but was:<200>
]]></failure>
    <system-out><![CDATA[
Scenario Outline: Verify if we are not able to delete the pet data again on the basis of same Id &amp#27;[90m# src/test/resources/features/api/DeletePet.feature:43&amp#27;[0m
  &amp#27;[32mGiven &amp#27;[0m&amp#27;[32muser sets Delete API base url &amp#27;[0m&amp#27;[32m&amp#27;[1m"base.url"&amp#27;[0m                                                 &amp#27;[90m# codechallenge.be.cucumber.serenityDefinitions.DeletePetDefinition.userSetsBaseUrl(java.lang.String)&amp#27;[0m
Request method:	DELETE
Request URI:	https://petstore3.swagger.io/api/v3/pet/132
Proxy:			<none>
Request params:	<none>
Query params:	<none>
Form params:	<none>
Path params:	<none>
Headers:		accept=application/xml
				Content-Type=application/json; charset=UTF-8
Cookies:		<none>
Multiparts:		<none>
Body:			<none>
HTTP/1.1 200 OK
Date: Tue, 30 Nov 2021 10:51:04 GMT
Content-Type: application/xml
Content-Length: 11
Connection: keep-alive
Access-Control-Allow-Origin: *
Access-Control-Allow-Methods: GET, POST, DELETE, PUT
Access-Control-Allow-Headers: Content-Type, api_key, Authorization
Access-Control-Expose-Headers: Content-Disposition
Server: Jetty(9.4.9.v20180320)

Pet deleted
  &amp#27;[32mWhen &amp#27;[0m&amp#27;[32muser calls DeletePetAPI &amp#27;[0m&amp#27;[32m&amp#27;[1m"DeletePetAPI"&amp#27;[0m&amp#27;[32m with &amp#27;[0m&amp#27;[32m&amp#27;[1m"DELETE"&amp#27;[0m&amp#27;[32m http request for pet id &amp#27;[0m&amp#27;[32m&amp#27;[1m"132"&amp#27;[0m        &amp#27;[90m# codechallenge.be.cucumber.serenityDefinitions.DeletePetDefinition.userCallsWithHttpRequest(java.lang.String,java.lang.String,java.lang.String)&amp#27;[0m
  &amp#27;[31mThen &amp#27;[0m&amp#27;[31mDelete Pet API call is successful with status code &amp#27;[0m&amp#27;[31m&amp#27;[1m404&amp#27;[0m                                    &amp#27;[90m# codechallenge.be.cucumber.serenityDefinitions.DeletePetDefinition.getPetAPICallIsSuccessfulWithStatusCode(int)&amp#27;[0m
      &amp#27;[31mjava.lang.AssertionError: expected:<404> but was:<200>
	at org.junit.Assert.fail(Assert.java:89)
	at org.junit.Assert.failNotEquals(Assert.java:835)
	at org.junit.Assert.assertEquals(Assert.java:647)
	at org.junit.Assert.assertEquals(Assert.java:633)
	at codechallenge.be.cucumber.serenityDefinitions.DeletePetDefinition.getPetAPICallIsSuccessfulWithStatusCode(DeletePetDefinition.java:47)
	at ✽.Delete Pet API call is successful with status code 404(file:///Users/kushwmeg/IdeaProjects/pet-store-automation/src/test/resources/features/api/DeletePet.feature:37)
&amp#27;[0m
  &amp#27;[36mAnd &amp#27;[0m&amp#27;[36mdelete api response message as &amp#27;[0m&amp#27;[36m&amp#27;[1m"Pet not found"&amp#27;[0m                                             &amp#27;[90m# codechallenge.be.cucumber.serenityDefinitions.DeletePetDefinition.deleteApiResponseMessageAs(java.lang.String)&amp#27;[0m
]]></system-out>
    <system-err><![CDATA[[main] ERROR  - &amp#27;[91m
           __  _____ _____ ____ _____   _____ _    ___ _     _____ ____  
  _       / / |_   _| ____/ ___|_   _| |  ___/ \  |_ _| |   | ____|  _ \ 
 (_)_____| |    | | |  _| \___ \ | |   | |_ / _ \  | || |   |  _| | | | |
  _|_____| |    | | | |___ ___) || |   |  _/ ___ \ | || |___| |___| |_| |
 (_)     | |    |_| |_____|____/ |_|   |_|/_/   \_\___|_____|_____|____/ 
          \_\                                                            

Verify if we are not able to delete the pet data again on the basis of same Id
--------------------------------------------------------------------------&amp#27;[0m
[main] ERROR  - &amp#27;[91m    Test failed at step: Then Delete Pet API call is successful with status code 404&amp#27;[0m
[main] ERROR  - &amp#27;[91m    expected:<404> but was:<200>&amp#27;[0m
[main] INFO io.cucumber.core.plugin.SerenityReporter - Running feature from file:///Users/kushwmeg/IdeaProjects/pet-store-automation/src/test/resources/features/api/DeletePet.feature
[Fatal Error] :1:1: Content is not allowed in prolog.
]]></system-err>
  </testcase>
  <testcase name="Verify if we are not able to delete the pet data again on the basis of same Id #4" classname="Validating Delete Pet API" time="1.332">
    <failure message="expected:&lt;404&gt; but was:&lt;200&gt;" type="java.lang.AssertionError"><![CDATA[java.lang.AssertionError: expected:<404> but was:<200>
]]></failure>
    <system-out><![CDATA[
Scenario Outline: Verify if we are not able to delete the pet data again on the basis of same Id &amp#27;[90m# src/test/resources/features/api/DeletePet.feature:44&amp#27;[0m
  &amp#27;[32mGiven &amp#27;[0m&amp#27;[32muser sets Delete API base url &amp#27;[0m&amp#27;[32m&amp#27;[1m"base.url"&amp#27;[0m                                                 &amp#27;[90m# codechallenge.be.cucumber.serenityDefinitions.DeletePetDefinition.userSetsBaseUrl(java.lang.String)&amp#27;[0m
Request method:	DELETE
Request URI:	https://petstore3.swagger.io/api/v3/pet/115
Proxy:			<none>
Request params:	<none>
Query params:	<none>
Form params:	<none>
Path params:	<none>
Headers:		accept=application/xml
				Content-Type=application/json; charset=UTF-8
Cookies:		<none>
Multiparts:		<none>
Body:			<none>
HTTP/1.1 200 OK
Date: Tue, 30 Nov 2021 10:51:05 GMT
Content-Type: application/xml
Content-Length: 11
Connection: keep-alive
Access-Control-Allow-Origin: *
Access-Control-Allow-Methods: GET, POST, DELETE, PUT
Access-Control-Allow-Headers: Content-Type, api_key, Authorization
Access-Control-Expose-Headers: Content-Disposition
Server: Jetty(9.4.9.v20180320)

Pet deleted
  &amp#27;[32mWhen &amp#27;[0m&amp#27;[32muser calls DeletePetAPI &amp#27;[0m&amp#27;[32m&amp#27;[1m"DeletePetAPI"&amp#27;[0m&amp#27;[32m with &amp#27;[0m&amp#27;[32m&amp#27;[1m"DELETE"&amp#27;[0m&amp#27;[32m http request for pet id &amp#27;[0m&amp#27;[32m&amp#27;[1m"115"&amp#27;[0m        &amp#27;[90m# codechallenge.be.cucumber.serenityDefinitions.DeletePetDefinition.userCallsWithHttpRequest(java.lang.String,java.lang.String,java.lang.String)&amp#27;[0m
  &amp#27;[31mThen &amp#27;[0m&amp#27;[31mDelete Pet API call is successful with status code &amp#27;[0m&amp#27;[31m&amp#27;[1m404&amp#27;[0m                                    &amp#27;[90m# codechallenge.be.cucumber.serenityDefinitions.DeletePetDefinition.getPetAPICallIsSuccessfulWithStatusCode(int)&amp#27;[0m
      &amp#27;[31mjava.lang.AssertionError: expected:<404> but was:<200>
	at org.junit.Assert.fail(Assert.java:89)
	at org.junit.Assert.failNotEquals(Assert.java:835)
	at org.junit.Assert.assertEquals(Assert.java:647)
	at org.junit.Assert.assertEquals(Assert.java:633)
	at codechallenge.be.cucumber.serenityDefinitions.DeletePetDefinition.getPetAPICallIsSuccessfulWithStatusCode(DeletePetDefinition.java:47)
	at ✽.Delete Pet API call is successful with status code 404(file:///Users/kushwmeg/IdeaProjects/pet-store-automation/src/test/resources/features/api/DeletePet.feature:37)
&amp#27;[0m
  &amp#27;[36mAnd &amp#27;[0m&amp#27;[36mdelete api response message as &amp#27;[0m&amp#27;[36m&amp#27;[1m"Pet not found"&amp#27;[0m                                             &amp#27;[90m# codechallenge.be.cucumber.serenityDefinitions.DeletePetDefinition.deleteApiResponseMessageAs(java.lang.String)&amp#27;[0m
]]></system-out>
    <system-err><![CDATA[[main] INFO io.cucumber.core.plugin.SerenityReporter - Running feature from file:///Users/kushwmeg/IdeaProjects/pet-store-automation/src/test/resources/features/api/DeletePet.feature
[Fatal Error] :1:1: Content is not allowed in prolog.
]]></system-err>
  </testcase>
  <testcase name="Verify if we are not able to delete the pet data again on the basis of same Id #5" classname="Validating Delete Pet API" time="1.549">
    <failure message="expected:&lt;404&gt; but was:&lt;200&gt;" type="java.lang.AssertionError"><![CDATA[java.lang.AssertionError: expected:<404> but was:<200>
]]></failure>
    <system-out><![CDATA[
Scenario Outline: Verify if we are not able to delete the pet data again on the basis of same Id &amp#27;[90m# src/test/resources/features/api/DeletePet.feature:45&amp#27;[0m
  &amp#27;[32mGiven &amp#27;[0m&amp#27;[32muser sets Delete API base url &amp#27;[0m&amp#27;[32m&amp#27;[1m"base.url"&amp#27;[0m                                                 &amp#27;[90m# codechallenge.be.cucumber.serenityDefinitions.DeletePetDefinition.userSetsBaseUrl(java.lang.String)&amp#27;[0m
Request method:	DELETE
Request URI:	https://petstore3.swagger.io/api/v3/pet/119
Proxy:			<none>
Request params:	<none>
Query params:	<none>
Form params:	<none>
Path params:	<none>
Headers:		accept=application/xml
				Content-Type=application/json; charset=UTF-8
Cookies:		<none>
Multiparts:		<none>
Body:			<none>
HTTP/1.1 200 OK
Date: Tue, 30 Nov 2021 10:51:07 GMT
Content-Type: application/xml
Content-Length: 11
Connection: keep-alive
Access-Control-Allow-Origin: *
Access-Control-Allow-Methods: GET, POST, DELETE, PUT
Access-Control-Allow-Headers: Content-Type, api_key, Authorization
Access-Control-Expose-Headers: Content-Disposition
Server: Jetty(9.4.9.v20180320)

Pet deleted
  &amp#27;[32mWhen &amp#27;[0m&amp#27;[32muser calls DeletePetAPI &amp#27;[0m&amp#27;[32m&amp#27;[1m"DeletePetAPI"&amp#27;[0m&amp#27;[32m with &amp#27;[0m&amp#27;[32m&amp#27;[1m"DELETE"&amp#27;[0m&amp#27;[32m http request for pet id &amp#27;[0m&amp#27;[32m&amp#27;[1m"119"&amp#27;[0m        &amp#27;[90m# codechallenge.be.cucumber.serenityDefinitions.DeletePetDefinition.userCallsWithHttpRequest(java.lang.String,java.lang.String,java.lang.String)&amp#27;[0m
  &amp#27;[31mThen &amp#27;[0m&amp#27;[31mDelete Pet API call is successful with status code &amp#27;[0m&amp#27;[31m&amp#27;[1m404&amp#27;[0m                                    &amp#27;[90m# codechallenge.be.cucumber.serenityDefinitions.DeletePetDefinition.getPetAPICallIsSuccessfulWithStatusCode(int)&amp#27;[0m
      &amp#27;[31mjava.lang.AssertionError: expected:<404> but was:<200>
	at org.junit.Assert.fail(Assert.java:89)
	at org.junit.Assert.failNotEquals(Assert.java:835)
	at org.junit.Assert.assertEquals(Assert.java:647)
	at org.junit.Assert.assertEquals(Assert.java:633)
	at codechallenge.be.cucumber.serenityDefinitions.DeletePetDefinition.getPetAPICallIsSuccessfulWithStatusCode(DeletePetDefinition.java:47)
	at ✽.Delete Pet API call is successful with status code 404(file:///Users/kushwmeg/IdeaProjects/pet-store-automation/src/test/resources/features/api/DeletePet.feature:37)
&amp#27;[0m
  &amp#27;[36mAnd &amp#27;[0m&amp#27;[36mdelete api response message as &amp#27;[0m&amp#27;[36m&amp#27;[1m"Pet not found"&amp#27;[0m                                             &amp#27;[90m# codechallenge.be.cucumber.serenityDefinitions.DeletePetDefinition.deleteApiResponseMessageAs(java.lang.String)&amp#27;[0m
]]></system-out>
    <system-err><![CDATA[[main] INFO io.cucumber.core.plugin.SerenityReporter - Running feature from file:///Users/kushwmeg/IdeaProjects/pet-store-automation/src/test/resources/features/api/DeletePet.feature
[Fatal Error] :1:1: Content is not allowed in prolog.
]]></system-err>
  </testcase>
  <testcase name="Verify if we are not able to delete the pet data again on the basis of same Id #6" classname="Validating Delete Pet API" time="1.521">
    <failure message="expected:&lt;404&gt; but was:&lt;200&gt;" type="java.lang.AssertionError"><![CDATA[java.lang.AssertionError: expected:<404> but was:<200>
]]></failure>
    <system-out><![CDATA[
Scenario Outline: Verify if we are not able to delete the pet data again on the basis of same Id &amp#27;[90m# src/test/resources/features/api/DeletePet.feature:46&amp#27;[0m
  &amp#27;[32mGiven &amp#27;[0m&amp#27;[32muser sets Delete API base url &amp#27;[0m&amp#27;[32m&amp#27;[1m"base.url"&amp#27;[0m                                                 &amp#27;[90m# codechallenge.be.cucumber.serenityDefinitions.DeletePetDefinition.userSetsBaseUrl(java.lang.String)&amp#27;[0m
Request method:	DELETE
Request URI:	https://petstore3.swagger.io/api/v3/pet/44
Proxy:			<none>
Request params:	<none>
Query params:	<none>
Form params:	<none>
Path params:	<none>
Headers:		accept=application/xml
				Content-Type=application/json; charset=UTF-8
Cookies:		<none>
Multiparts:		<none>
Body:			<none>
HTTP/1.1 200 OK
Date: Tue, 30 Nov 2021 10:51:08 GMT
Content-Type: application/xml
Content-Length: 11
Connection: keep-alive
Access-Control-Allow-Origin: *
Access-Control-Allow-Methods: GET, POST, DELETE, PUT
Access-Control-Allow-Headers: Content-Type, api_key, Authorization
Access-Control-Expose-Headers: Content-Disposition
Server: Jetty(9.4.9.v20180320)

Pet deleted
  &amp#27;[32mWhen &amp#27;[0m&amp#27;[32muser calls DeletePetAPI &amp#27;[0m&amp#27;[32m&amp#27;[1m"DeletePetAPI"&amp#27;[0m&amp#27;[32m with &amp#27;[0m&amp#27;[32m&amp#27;[1m"DELETE"&amp#27;[0m&amp#27;[32m http request for pet id &amp#27;[0m&amp#27;[32m&amp#27;[1m"44"&amp#27;[0m         &amp#27;[90m# codechallenge.be.cucumber.serenityDefinitions.DeletePetDefinition.userCallsWithHttpRequest(java.lang.String,java.lang.String,java.lang.String)&amp#27;[0m
  &amp#27;[31mThen &amp#27;[0m&amp#27;[31mDelete Pet API call is successful with status code &amp#27;[0m&amp#27;[31m&amp#27;[1m404&amp#27;[0m                                    &amp#27;[90m# codechallenge.be.cucumber.serenityDefinitions.DeletePetDefinition.getPetAPICallIsSuccessfulWithStatusCode(int)&amp#27;[0m
      &amp#27;[31mjava.lang.AssertionError: expected:<404> but was:<200>
	at org.junit.Assert.fail(Assert.java:89)
	at org.junit.Assert.failNotEquals(Assert.java:835)
	at org.junit.Assert.assertEquals(Assert.java:647)
	at org.junit.Assert.assertEquals(Assert.java:633)
	at codechallenge.be.cucumber.serenityDefinitions.DeletePetDefinition.getPetAPICallIsSuccessfulWithStatusCode(DeletePetDefinition.java:47)
	at ✽.Delete Pet API call is successful with status code 404(file:///Users/kushwmeg/IdeaProjects/pet-store-automation/src/test/resources/features/api/DeletePet.feature:37)
&amp#27;[0m
  &amp#27;[36mAnd &amp#27;[0m&amp#27;[36mdelete api response message as &amp#27;[0m&amp#27;[36m&amp#27;[1m"Pet not found"&amp#27;[0m                                             &amp#27;[90m# codechallenge.be.cucumber.serenityDefinitions.DeletePetDefinition.deleteApiResponseMessageAs(java.lang.String)&amp#27;[0m
]]></system-out>
    <system-err><![CDATA[[main] INFO io.cucumber.core.plugin.SerenityReporter - Running feature from file:///Users/kushwmeg/IdeaProjects/pet-store-automation/src/test/resources/features/api/DeletePet.feature
[Fatal Error] :1:1: Content is not allowed in prolog.
]]></system-err>
  </testcase>
  <testcase name="Verify if we are not able to delete the pet data again on the basis of same Id #7" classname="Validating Delete Pet API" time="1.538">
    <failure message="expected:&lt;404&gt; but was:&lt;200&gt;" type="java.lang.AssertionError"><![CDATA[java.lang.AssertionError: expected:<404> but was:<200>
]]></failure>
    <system-out><![CDATA[
Scenario Outline: Verify if we are not able to delete the pet data again on the basis of same Id &amp#27;[90m# src/test/resources/features/api/DeletePet.feature:47&amp#27;[0m
  &amp#27;[32mGiven &amp#27;[0m&amp#27;[32muser sets Delete API base url &amp#27;[0m&amp#27;[32m&amp#27;[1m"base.url"&amp#27;[0m                                                 &amp#27;[90m# codechallenge.be.cucumber.serenityDefinitions.DeletePetDefinition.userSetsBaseUrl(java.lang.String)&amp#27;[0m
Request method:	DELETE
Request URI:	https://petstore3.swagger.io/api/v3/pet/164
Proxy:			<none>
Request params:	<none>
Query params:	<none>
Form params:	<none>
Path params:	<none>
Headers:		accept=application/xml
				Content-Type=application/json; charset=UTF-8
Cookies:		<none>
Multiparts:		<none>
Body:			<none>
HTTP/1.1 200 OK
Date: Tue, 30 Nov 2021 10:51:10 GMT
Content-Type: application/xml
Content-Length: 11
Connection: keep-alive
Access-Control-Allow-Origin: *
Access-Control-Allow-Methods: GET, POST, DELETE, PUT
Access-Control-Allow-Headers: Content-Type, api_key, Authorization
Access-Control-Expose-Headers: Content-Disposition
Server: Jetty(9.4.9.v20180320)

Pet deleted
  &amp#27;[32mWhen &amp#27;[0m&amp#27;[32muser calls DeletePetAPI &amp#27;[0m&amp#27;[32m&amp#27;[1m"DeletePetAPI"&amp#27;[0m&amp#27;[32m with &amp#27;[0m&amp#27;[32m&amp#27;[1m"DELETE"&amp#27;[0m&amp#27;[32m http request for pet id &amp#27;[0m&amp#27;[32m&amp#27;[1m"164"&amp#27;[0m        &amp#27;[90m# codechallenge.be.cucumber.serenityDefinitions.DeletePetDefinition.userCallsWithHttpRequest(java.lang.String,java.lang.String,java.lang.String)&amp#27;[0m
  &amp#27;[31mThen &amp#27;[0m&amp#27;[31mDelete Pet API call is successful with status code &amp#27;[0m&amp#27;[31m&amp#27;[1m404&amp#27;[0m                                    &amp#27;[90m# codechallenge.be.cucumber.serenityDefinitions.DeletePetDefinition.getPetAPICallIsSuccessfulWithStatusCode(int)&amp#27;[0m
      &amp#27;[31mjava.lang.AssertionError: expected:<404> but was:<200>
	at org.junit.Assert.fail(Assert.java:89)
	at org.junit.Assert.failNotEquals(Assert.java:835)
	at org.junit.Assert.assertEquals(Assert.java:647)
	at org.junit.Assert.assertEquals(Assert.java:633)
	at codechallenge.be.cucumber.serenityDefinitions.DeletePetDefinition.getPetAPICallIsSuccessfulWithStatusCode(DeletePetDefinition.java:47)
	at ✽.Delete Pet API call is successful with status code 404(file:///Users/kushwmeg/IdeaProjects/pet-store-automation/src/test/resources/features/api/DeletePet.feature:37)
&amp#27;[0m
  &amp#27;[36mAnd &amp#27;[0m&amp#27;[36mdelete api response message as &amp#27;[0m&amp#27;[36m&amp#27;[1m"Pet not found"&amp#27;[0m                                             &amp#27;[90m# codechallenge.be.cucumber.serenityDefinitions.DeletePetDefinition.deleteApiResponseMessageAs(java.lang.String)&amp#27;[0m
]]></system-out>
    <system-err><![CDATA[[main] INFO io.cucumber.core.plugin.SerenityReporter - Running feature from file:///Users/kushwmeg/IdeaProjects/pet-store-automation/src/test/resources/features/api/DeletePet.feature
[Fatal Error] :1:1: Content is not allowed in prolog.
]]></system-err>
  </testcase>
  <testcase name="Verify if we are able to retrieve pet data on the basis of Id #1" classname="Validating Get Pet API" time="1.553">
    <system-out><![CDATA[
Scenario Outline: Verify if we are able to retrieve pet data on the basis of Id   &amp#27;[90m# src/test/resources/features/api/GetPet.feature:9&amp#27;[0m
  &amp#27;[32mGiven &amp#27;[0m&amp#27;[32muser sets base url &amp#27;[0m&amp#27;[32m&amp#27;[1m"base.url"&amp#27;[0m                                             &amp#27;[90m# codechallenge.be.cucumber.serenityDefinitions.GetPetDefinition.userSetsBaseUrl(java.lang.String)&amp#27;[0m
Request method:	GET
Request URI:	https://petstore3.swagger.io/api/v3/pet/10
Proxy:			<none>
Request params:	<none>
Query params:	<none>
Form params:	<none>
Path params:	<none>
Headers:		accept=application/xml
				Content-Type=application/json; charset=UTF-8
Cookies:		<none>
Multiparts:		<none>
Body:			<none>
HTTP/1.1 200 OK
Date: Tue, 30 Nov 2021 10:51:11 GMT
Content-Type: application/xml
Content-Length: 266
Connection: keep-alive
Access-Control-Allow-Origin: *
Access-Control-Allow-Methods: GET, POST, DELETE, PUT
Access-Control-Allow-Headers: Content-Type, api_key, Authorization
Access-Control-Expose-Headers: Content-Disposition
Server: Jetty(9.4.9.v20180320)

<Pet>
  <category>
    <id>1</id>
    <name>ZAP</name>
  </category>
  <id>10</id>
  <name>ZAP</name>
  <photoUrls>
    <photoUrl>John Doe</photoUrl>
  </photoUrls>
  <status>status</status>
  <tags>
    <tag>
      <id>10</id>
      <name>ZAP</name>
    </tag>
  </tags>
</Pet>
  &amp#27;[32mWhen &amp#27;[0m&amp#27;[32muser calls GetPetAPI &amp#27;[0m&amp#27;[32m&amp#27;[1m"FindPetById"&amp#27;[0m&amp#27;[32m with &amp#27;[0m&amp#27;[32m&amp#27;[1m"GET"&amp#27;[0m&amp#27;[32m http request for pet id &amp#27;[0m&amp#27;[32m&amp#27;[1m"10"&amp#27;[0m &amp#27;[90m# codechallenge.be.cucumber.serenityDefinitions.GetPetDefinition.userCallsWithHttpRequest(java.lang.String,java.lang.String,java.lang.String)&amp#27;[0m
  &amp#27;[32mThen &amp#27;[0m&amp#27;[32mGet Pet API call is successful with status code &amp#27;[0m&amp#27;[32m&amp#27;[1m200&amp#27;[0m                        &amp#27;[90m# codechallenge.be.cucumber.serenityDefinitions.GetPetDefinition.getPetAPICallIsSuccessfulWithStatusCode(int)&amp#27;[0m
]]></system-out>
    <system-err><![CDATA[[main] INFO io.cucumber.core.plugin.SerenityReporter - Running feature from file:///Users/kushwmeg/IdeaProjects/pet-store-automation/src/test/resources/features/api/GetPet.feature
[main] INFO  - 
 _____ _____ ____ _____   ____ _____  _    ____ _____ _____ ____  
|_   _| ____/ ___|_   _| / ___|_   _|/ \  |  _ \_   _| ____|  _ \ 
  | | |  _| \___ \ | |   \___ \ | | / _ \ | |_) || | |  _| | | | |
  | | | |___ ___) || |    ___) || |/ ___ \|  _ < | | | |___| |_| |
  |_| |_____|____/ |_|   |____/ |_/_/   \_\_| \_\|_| |_____|____/ 

Verify if we are able to retrieve pet data on the basis of Id(validating-get-pet-api;verify-if-we-are-able-to-retrieve-pet-data-on-the-basis-of-id)
-------------------------------------------------------------------
[main] INFO  - &amp#27;[92m
        __    _____ _____ ____ _____   ____   _    ____  ____  _____ ____  
  _     \ \  |_   _| ____/ ___|_   _| |  _ \ / \  / ___|/ ___|| ____|  _ \ 
 (_)_____| |   | | |  _| \___ \ | |   | |_) / _ \ \___ \\___ \|  _| | | | |
  _|_____| |   | | | |___ ___) || |   |  __/ ___ \ ___) |___) | |___| |_| |
 (_)     | |   |_| |_____|____/ |_|   |_| /_/   \_\____/|____/|_____|____/ 
        /_/                                                                

Verify if we are able to retrieve pet data on the basis of Id
----------------------------------------------------------------------------&amp#27;[0m
]]></system-err>
  </testcase>
  <testcase name="Verify if we are able to retrieve pet data on the basis of Id #2" classname="Validating Get Pet API" time="1.441">
    <system-out><![CDATA[
Scenario Outline: Verify if we are able to retrieve pet data on the basis of Id   &amp#27;[90m# src/test/resources/features/api/GetPet.feature:10&amp#27;[0m
  &amp#27;[32mGiven &amp#27;[0m&amp#27;[32muser sets base url &amp#27;[0m&amp#27;[32m&amp#27;[1m"base.url"&amp#27;[0m                                             &amp#27;[90m# codechallenge.be.cucumber.serenityDefinitions.GetPetDefinition.userSetsBaseUrl(java.lang.String)&amp#27;[0m
Request method:	GET
Request URI:	https://petstore3.swagger.io/api/v3/pet/71
Proxy:			<none>
Request params:	<none>
Query params:	<none>
Form params:	<none>
Path params:	<none>
Headers:		accept=application/xml
				Content-Type=application/json; charset=UTF-8
Cookies:		<none>
Multiparts:		<none>
Body:			<none>
HTTP/1.1 200 OK
Date: Tue, 30 Nov 2021 10:51:13 GMT
Content-Type: application/xml
Content-Length: 273
Connection: keep-alive
Access-Control-Allow-Origin: *
Access-Control-Allow-Methods: GET, POST, DELETE, PUT
Access-Control-Allow-Headers: Content-Type, api_key, Authorization
Access-Control-Expose-Headers: Content-Disposition
Server: Jetty(9.4.9.v20180320)

<Pet>
  <category>
    <id>1</id>
    <name>Cats</name>
  </category>
  <id>71</id>
  <name>doggie</name>
  <photoUrls>
    <photoUrl>string</photoUrl>
  </photoUrls>
  <status>available</status>
  <tags>
    <tag>
      <id>0</id>
      <name>string</name>
    </tag>
  </tags>
</Pet>
  &amp#27;[32mWhen &amp#27;[0m&amp#27;[32muser calls GetPetAPI &amp#27;[0m&amp#27;[32m&amp#27;[1m"FindPetById"&amp#27;[0m&amp#27;[32m with &amp#27;[0m&amp#27;[32m&amp#27;[1m"GET"&amp#27;[0m&amp#27;[32m http request for pet id &amp#27;[0m&amp#27;[32m&amp#27;[1m"71"&amp#27;[0m &amp#27;[90m# codechallenge.be.cucumber.serenityDefinitions.GetPetDefinition.userCallsWithHttpRequest(java.lang.String,java.lang.String,java.lang.String)&amp#27;[0m
  &amp#27;[32mThen &amp#27;[0m&amp#27;[32mGet Pet API call is successful with status code &amp#27;[0m&amp#27;[32m&amp#27;[1m200&amp#27;[0m                        &amp#27;[90m# codechallenge.be.cucumber.serenityDefinitions.GetPetDefinition.getPetAPICallIsSuccessfulWithStatusCode(int)&amp#27;[0m
]]></system-out>
    <system-err><![CDATA[[main] INFO io.cucumber.core.plugin.SerenityReporter - Running feature from file:///Users/kushwmeg/IdeaProjects/pet-store-automation/src/test/resources/features/api/GetPet.feature
[main] INFO  - &amp#27;[92m
        __    _____ _____ ____ _____   ____   _    ____  ____  _____ ____  
  _     \ \  |_   _| ____/ ___|_   _| |  _ \ / \  / ___|/ ___|| ____|  _ \ 
 (_)_____| |   | | |  _| \___ \ | |   | |_) / _ \ \___ \\___ \|  _| | | | |
  _|_____| |   | | | |___ ___) || |   |  __/ ___ \ ___) |___) | |___| |_| |
 (_)     | |   |_| |_____|____/ |_|   |_| /_/   \_\____/|____/|_____|____/ 
        /_/                                                                

Verify if we are able to retrieve pet data on the basis of Id
----------------------------------------------------------------------------&amp#27;[0m
]]></system-err>
  </testcase>
  <testcase name="Verify if we are able to retrieve pet data on the basis of Id #3" classname="Validating Get Pet API" time="1.406">
    <failure message="expected:&lt;200&gt; but was:&lt;404&gt;" type="java.lang.AssertionError"><![CDATA[java.lang.AssertionError: expected:<200> but was:<404>
]]></failure>
    <system-out><![CDATA[
Scenario Outline: Verify if we are able to retrieve pet data on the basis of Id   &amp#27;[90m# src/test/resources/features/api/GetPet.feature:11&amp#27;[0m
  &amp#27;[32mGiven &amp#27;[0m&amp#27;[32muser sets base url &amp#27;[0m&amp#27;[32m&amp#27;[1m"base.url"&amp#27;[0m                                             &amp#27;[90m# codechallenge.be.cucumber.serenityDefinitions.GetPetDefinition.userSetsBaseUrl(java.lang.String)&amp#27;[0m
Request method:	GET
Request URI:	https://petstore3.swagger.io/api/v3/pet/20
Proxy:			<none>
Request params:	<none>
Query params:	<none>
Form params:	<none>
Path params:	<none>
Headers:		accept=application/xml
				Content-Type=application/json; charset=UTF-8
Cookies:		<none>
Multiparts:		<none>
Body:			<none>
HTTP/1.1 404 Not Found
Date: Tue, 30 Nov 2021 10:51:14 GMT
Content-Type: application/xml
Content-Length: 13
Connection: keep-alive
Access-Control-Allow-Origin: *
Access-Control-Allow-Methods: GET, POST, DELETE, PUT
Access-Control-Allow-Headers: Content-Type, api_key, Authorization
Access-Control-Expose-Headers: Content-Disposition
Server: Jetty(9.4.9.v20180320)

Pet not found
  &amp#27;[32mWhen &amp#27;[0m&amp#27;[32muser calls GetPetAPI &amp#27;[0m&amp#27;[32m&amp#27;[1m"FindPetById"&amp#27;[0m&amp#27;[32m with &amp#27;[0m&amp#27;[32m&amp#27;[1m"GET"&amp#27;[0m&amp#27;[32m http request for pet id &amp#27;[0m&amp#27;[32m&amp#27;[1m"20"&amp#27;[0m &amp#27;[90m# codechallenge.be.cucumber.serenityDefinitions.GetPetDefinition.userCallsWithHttpRequest(java.lang.String,java.lang.String,java.lang.String)&amp#27;[0m
  &amp#27;[31mThen &amp#27;[0m&amp#27;[31mGet Pet API call is successful with status code &amp#27;[0m&amp#27;[31m&amp#27;[1m200&amp#27;[0m                        &amp#27;[90m# codechallenge.be.cucumber.serenityDefinitions.GetPetDefinition.getPetAPICallIsSuccessfulWithStatusCode(int)&amp#27;[0m
      &amp#27;[31mjava.lang.AssertionError: expected:<200> but was:<404>
	at org.junit.Assert.fail(Assert.java:89)
	at org.junit.Assert.failNotEquals(Assert.java:835)
	at org.junit.Assert.assertEquals(Assert.java:647)
	at org.junit.Assert.assertEquals(Assert.java:633)
	at codechallenge.be.cucumber.serenityDefinitions.GetPetDefinition.getPetAPICallIsSuccessfulWithStatusCode(GetPetDefinition.java:47)
	at ✽.Get Pet API call is successful with status code 200(file:///Users/kushwmeg/IdeaProjects/pet-store-automation/src/test/resources/features/api/GetPet.feature:6)
&amp#27;[0m
]]></system-out>
    <system-err><![CDATA[[main] INFO io.cucumber.core.plugin.SerenityReporter - Running feature from file:///Users/kushwmeg/IdeaProjects/pet-store-automation/src/test/resources/features/api/GetPet.feature
[Fatal Error] :1:1: Content is not allowed in prolog.
]]></system-err>
  </testcase>
  <testcase name="Verify if we are able to retrieve pet data on the basis of Id #4" classname="Validating Get Pet API" time="1.544">
    <system-out><![CDATA[
Scenario Outline: Verify if we are able to retrieve pet data on the basis of Id   &amp#27;[90m# src/test/resources/features/api/GetPet.feature:12&amp#27;[0m
  &amp#27;[32mGiven &amp#27;[0m&amp#27;[32muser sets base url &amp#27;[0m&amp#27;[32m&amp#27;[1m"base.url"&amp#27;[0m                                             &amp#27;[90m# codechallenge.be.cucumber.serenityDefinitions.GetPetDefinition.userSetsBaseUrl(java.lang.String)&amp#27;[0m
Request method:	GET
Request URI:	https://petstore3.swagger.io/api/v3/pet/33
Proxy:			<none>
Request params:	<none>
Query params:	<none>
Form params:	<none>
Path params:	<none>
Headers:		accept=application/xml
				Content-Type=application/json; charset=UTF-8
Cookies:		<none>
Multiparts:		<none>
Body:			<none>
HTTP/1.1 200 OK
Date: Tue, 30 Nov 2021 10:51:16 GMT
Content-Type: application/xml
Content-Length: 277
Connection: keep-alive
Access-Control-Allow-Origin: *
Access-Control-Allow-Methods: GET, POST, DELETE, PUT
Access-Control-Allow-Headers: Content-Type, api_key, Authorization
Access-Control-Expose-Headers: Content-Disposition
Server: Jetty(9.4.9.v20180320)

<Pet>
  <category>
    <id>1</id>
    <name>Dogs</name>
  </category>
  <id>33</id>
  <name>dgq0NzU8uK2U</name>
  <photoUrls>
    <photoUrl>string</photoUrl>
  </photoUrls>
  <status>pending</status>
  <tags>
    <tag>
      <id>0</id>
      <name>string</name>
    </tag>
  </tags>
</Pet>
  &amp#27;[32mWhen &amp#27;[0m&amp#27;[32muser calls GetPetAPI &amp#27;[0m&amp#27;[32m&amp#27;[1m"FindPetById"&amp#27;[0m&amp#27;[32m with &amp#27;[0m&amp#27;[32m&amp#27;[1m"GET"&amp#27;[0m&amp#27;[32m http request for pet id &amp#27;[0m&amp#27;[32m&amp#27;[1m"33"&amp#27;[0m &amp#27;[90m# codechallenge.be.cucumber.serenityDefinitions.GetPetDefinition.userCallsWithHttpRequest(java.lang.String,java.lang.String,java.lang.String)&amp#27;[0m
  &amp#27;[32mThen &amp#27;[0m&amp#27;[32mGet Pet API call is successful with status code &amp#27;[0m&amp#27;[32m&amp#27;[1m200&amp#27;[0m                        &amp#27;[90m# codechallenge.be.cucumber.serenityDefinitions.GetPetDefinition.getPetAPICallIsSuccessfulWithStatusCode(int)&amp#27;[0m
]]></system-out>
    <system-err><![CDATA[[main] INFO io.cucumber.core.plugin.SerenityReporter - Running feature from file:///Users/kushwmeg/IdeaProjects/pet-store-automation/src/test/resources/features/api/GetPet.feature
]]></system-err>
  </testcase>
  <testcase name="Verify if we are able to retrieve pet data on the basis of Id #5" classname="Validating Get Pet API" time="1.45">
    <system-out><![CDATA[
Scenario Outline: Verify if we are able to retrieve pet data on the basis of Id   &amp#27;[90m# src/test/resources/features/api/GetPet.feature:13&amp#27;[0m
  &amp#27;[32mGiven &amp#27;[0m&amp#27;[32muser sets base url &amp#27;[0m&amp#27;[32m&amp#27;[1m"base.url"&amp#27;[0m                                             &amp#27;[90m# codechallenge.be.cucumber.serenityDefinitions.GetPetDefinition.userSetsBaseUrl(java.lang.String)&amp#27;[0m
Request method:	GET
Request URI:	https://petstore3.swagger.io/api/v3/pet/50
Proxy:			<none>
Request params:	<none>
Query params:	<none>
Form params:	<none>
Path params:	<none>
Headers:		accept=application/xml
				Content-Type=application/json; charset=UTF-8
Cookies:		<none>
Multiparts:		<none>
Body:			<none>
HTTP/1.1 200 OK
Date: Tue, 30 Nov 2021 10:51:17 GMT
Content-Type: application/xml
Content-Length: 272
Connection: keep-alive
Access-Control-Allow-Origin: *
Access-Control-Allow-Methods: GET, POST, DELETE, PUT
Access-Control-Allow-Headers: Content-Type, api_key, Authorization
Access-Control-Expose-Headers: Content-Disposition
Server: Jetty(9.4.9.v20180320)

<Pet>
  <category>
    <id>1</id>
    <name>Dogs</name>
  </category>
  <id>50</id>
  <name>kopus</name>
  <photoUrls>
    <photoUrl>string</photoUrl>
  </photoUrls>
  <status>available</status>
  <tags>
    <tag>
      <id>0</id>
      <name>string</name>
    </tag>
  </tags>
</Pet>
  &amp#27;[32mWhen &amp#27;[0m&amp#27;[32muser calls GetPetAPI &amp#27;[0m&amp#27;[32m&amp#27;[1m"FindPetById"&amp#27;[0m&amp#27;[32m with &amp#27;[0m&amp#27;[32m&amp#27;[1m"GET"&amp#27;[0m&amp#27;[32m http request for pet id &amp#27;[0m&amp#27;[32m&amp#27;[1m"50"&amp#27;[0m &amp#27;[90m# codechallenge.be.cucumber.serenityDefinitions.GetPetDefinition.userCallsWithHttpRequest(java.lang.String,java.lang.String,java.lang.String)&amp#27;[0m
  &amp#27;[32mThen &amp#27;[0m&amp#27;[32mGet Pet API call is successful with status code &amp#27;[0m&amp#27;[32m&amp#27;[1m200&amp#27;[0m                        &amp#27;[90m# codechallenge.be.cucumber.serenityDefinitions.GetPetDefinition.getPetAPICallIsSuccessfulWithStatusCode(int)&amp#27;[0m
]]></system-out>
    <system-err><![CDATA[[main] INFO io.cucumber.core.plugin.SerenityReporter - Running feature from file:///Users/kushwmeg/IdeaProjects/pet-store-automation/src/test/resources/features/api/GetPet.feature
]]></system-err>
  </testcase>
  <testcase name="Verify if we are able to retrieve pet data on the basis of Id #6" classname="Validating Get Pet API" time="1.514">
    <failure message="expected:&lt;200&gt; but was:&lt;404&gt;" type="java.lang.AssertionError"><![CDATA[java.lang.AssertionError: expected:<200> but was:<404>
]]></failure>
    <system-out><![CDATA[
Scenario Outline: Verify if we are able to retrieve pet data on the basis of Id    &amp#27;[90m# src/test/resources/features/api/GetPet.feature:14&amp#27;[0m
  &amp#27;[32mGiven &amp#27;[0m&amp#27;[32muser sets base url &amp#27;[0m&amp#27;[32m&amp#27;[1m"base.url"&amp#27;[0m                                              &amp#27;[90m# codechallenge.be.cucumber.serenityDefinitions.GetPetDefinition.userSetsBaseUrl(java.lang.String)&amp#27;[0m
Request method:	GET
Request URI:	https://petstore3.swagger.io/api/v3/pet/121
Proxy:			<none>
Request params:	<none>
Query params:	<none>
Form params:	<none>
Path params:	<none>
Headers:		accept=application/xml
				Content-Type=application/json; charset=UTF-8
Cookies:		<none>
Multiparts:		<none>
Body:			<none>
HTTP/1.1 404 Not Found
Date: Tue, 30 Nov 2021 10:51:19 GMT
Content-Type: application/xml
Content-Length: 13
Connection: keep-alive
Access-Control-Allow-Origin: *
Access-Control-Allow-Methods: GET, POST, DELETE, PUT
Access-Control-Allow-Headers: Content-Type, api_key, Authorization
Access-Control-Expose-Headers: Content-Disposition
Server: Jetty(9.4.9.v20180320)

Pet not found
  &amp#27;[32mWhen &amp#27;[0m&amp#27;[32muser calls GetPetAPI &amp#27;[0m&amp#27;[32m&amp#27;[1m"FindPetById"&amp#27;[0m&amp#27;[32m with &amp#27;[0m&amp#27;[32m&amp#27;[1m"GET"&amp#27;[0m&amp#27;[32m http request for pet id &amp#27;[0m&amp#27;[32m&amp#27;[1m"121"&amp#27;[0m &amp#27;[90m# codechallenge.be.cucumber.serenityDefinitions.GetPetDefinition.userCallsWithHttpRequest(java.lang.String,java.lang.String,java.lang.String)&amp#27;[0m
  &amp#27;[31mThen &amp#27;[0m&amp#27;[31mGet Pet API call is successful with status code &amp#27;[0m&amp#27;[31m&amp#27;[1m200&amp#27;[0m                         &amp#27;[90m# codechallenge.be.cucumber.serenityDefinitions.GetPetDefinition.getPetAPICallIsSuccessfulWithStatusCode(int)&amp#27;[0m
      &amp#27;[31mjava.lang.AssertionError: expected:<200> but was:<404>
	at org.junit.Assert.fail(Assert.java:89)
	at org.junit.Assert.failNotEquals(Assert.java:835)
	at org.junit.Assert.assertEquals(Assert.java:647)
	at org.junit.Assert.assertEquals(Assert.java:633)
	at codechallenge.be.cucumber.serenityDefinitions.GetPetDefinition.getPetAPICallIsSuccessfulWithStatusCode(GetPetDefinition.java:47)
	at ✽.Get Pet API call is successful with status code 200(file:///Users/kushwmeg/IdeaProjects/pet-store-automation/src/test/resources/features/api/GetPet.feature:6)
&amp#27;[0m
]]></system-out>
    <system-err><![CDATA[[main] INFO io.cucumber.core.plugin.SerenityReporter - Running feature from file:///Users/kushwmeg/IdeaProjects/pet-store-automation/src/test/resources/features/api/GetPet.feature
[Fatal Error] :1:1: Content is not allowed in prolog.
]]></system-err>
  </testcase>
  <testcase name="Verify if we are able to retrieve pet data on the basis of Id #7" classname="Validating Get Pet API" time="1.537">
    <failure message="expected:&lt;200&gt; but was:&lt;404&gt;" type="java.lang.AssertionError"><![CDATA[java.lang.AssertionError: expected:<200> but was:<404>
]]></failure>
    <system-out><![CDATA[
Scenario Outline: Verify if we are able to retrieve pet data on the basis of Id   &amp#27;[90m# src/test/resources/features/api/GetPet.feature:15&amp#27;[0m
  &amp#27;[32mGiven &amp#27;[0m&amp#27;[32muser sets base url &amp#27;[0m&amp#27;[32m&amp#27;[1m"base.url"&amp#27;[0m                                             &amp#27;[90m# codechallenge.be.cucumber.serenityDefinitions.GetPetDefinition.userSetsBaseUrl(java.lang.String)&amp#27;[0m
Request method:	GET
Request URI:	https://petstore3.swagger.io/api/v3/pet/11
Proxy:			<none>
Request params:	<none>
Query params:	<none>
Form params:	<none>
Path params:	<none>
Headers:		accept=application/xml
				Content-Type=application/json; charset=UTF-8
Cookies:		<none>
Multiparts:		<none>
Body:			<none>
HTTP/1.1 404 Not Found
Date: Tue, 30 Nov 2021 10:51:20 GMT
Content-Type: application/xml
Content-Length: 13
Connection: keep-alive
Access-Control-Allow-Origin: *
Access-Control-Allow-Methods: GET, POST, DELETE, PUT
Access-Control-Allow-Headers: Content-Type, api_key, Authorization
Access-Control-Expose-Headers: Content-Disposition
Server: Jetty(9.4.9.v20180320)

Pet not found
  &amp#27;[32mWhen &amp#27;[0m&amp#27;[32muser calls GetPetAPI &amp#27;[0m&amp#27;[32m&amp#27;[1m"FindPetById"&amp#27;[0m&amp#27;[32m with &amp#27;[0m&amp#27;[32m&amp#27;[1m"GET"&amp#27;[0m&amp#27;[32m http request for pet id &amp#27;[0m&amp#27;[32m&amp#27;[1m"11"&amp#27;[0m &amp#27;[90m# codechallenge.be.cucumber.serenityDefinitions.GetPetDefinition.userCallsWithHttpRequest(java.lang.String,java.lang.String,java.lang.String)&amp#27;[0m
  &amp#27;[31mThen &amp#27;[0m&amp#27;[31mGet Pet API call is successful with status code &amp#27;[0m&amp#27;[31m&amp#27;[1m200&amp#27;[0m                        &amp#27;[90m# codechallenge.be.cucumber.serenityDefinitions.GetPetDefinition.getPetAPICallIsSuccessfulWithStatusCode(int)&amp#27;[0m
      &amp#27;[31mjava.lang.AssertionError: expected:<200> but was:<404>
	at org.junit.Assert.fail(Assert.java:89)
	at org.junit.Assert.failNotEquals(Assert.java:835)
	at org.junit.Assert.assertEquals(Assert.java:647)
	at org.junit.Assert.assertEquals(Assert.java:633)
	at codechallenge.be.cucumber.serenityDefinitions.GetPetDefinition.getPetAPICallIsSuccessfulWithStatusCode(GetPetDefinition.java:47)
	at ✽.Get Pet API call is successful with status code 200(file:///Users/kushwmeg/IdeaProjects/pet-store-automation/src/test/resources/features/api/GetPet.feature:6)
&amp#27;[0m
]]></system-out>
    <system-err><![CDATA[[main] INFO io.cucumber.core.plugin.SerenityReporter - Running feature from file:///Users/kushwmeg/IdeaProjects/pet-store-automation/src/test/resources/features/api/GetPet.feature
[Fatal Error] :1:1: Content is not allowed in prolog.
]]></system-err>
  </testcase>
  <testcase name="Verify if we are able to retrieve pet data on the basis of Id #8" classname="Validating Get Pet API" time="1.551">
    <failure message="expected:&lt;200&gt; but was:&lt;400&gt;" type="java.lang.AssertionError"><![CDATA[java.lang.AssertionError: expected:<200> but was:<400>
]]></failure>
    <system-out><![CDATA[
Scenario Outline: Verify if we are able to retrieve pet data on the basis of Id    &amp#27;[90m# src/test/resources/features/api/GetPet.feature:16&amp#27;[0m
  &amp#27;[32mGiven &amp#27;[0m&amp#27;[32muser sets base url &amp#27;[0m&amp#27;[32m&amp#27;[1m"base.url"&amp#27;[0m                                              &amp#27;[90m# codechallenge.be.cucumber.serenityDefinitions.GetPetDefinition.userSetsBaseUrl(java.lang.String)&amp#27;[0m
Request method:	GET
Request URI:	https://petstore3.swagger.io/api/v3/pet/abc
Proxy:			<none>
Request params:	<none>
Query params:	<none>
Form params:	<none>
Path params:	<none>
Headers:		accept=application/xml
				Content-Type=application/json; charset=UTF-8
Cookies:		<none>
Multiparts:		<none>
Body:			<none>
HTTP/1.1 400 Bad Request
Date: Tue, 30 Nov 2021 10:51:22 GMT
Content-Type: application/xml
Content-Length: 122
Connection: keep-alive
Access-Control-Allow-Origin: *
Access-Control-Allow-Methods: GET, POST, DELETE, PUT
Access-Control-Allow-Headers: Content-Type, api_key, Authorization
Access-Control-Expose-Headers: Content-Disposition
Server: Jetty(9.4.9.v20180320)

<ApiError>
  <code>400</code>
  <message>Input error: couldn't convert `abc` to type `class java.lang.Long`</message>
</ApiError>
  &amp#27;[32mWhen &amp#27;[0m&amp#27;[32muser calls GetPetAPI &amp#27;[0m&amp#27;[32m&amp#27;[1m"FindPetById"&amp#27;[0m&amp#27;[32m with &amp#27;[0m&amp#27;[32m&amp#27;[1m"GET"&amp#27;[0m&amp#27;[32m http request for pet id &amp#27;[0m&amp#27;[32m&amp#27;[1m"abc"&amp#27;[0m &amp#27;[90m# codechallenge.be.cucumber.serenityDefinitions.GetPetDefinition.userCallsWithHttpRequest(java.lang.String,java.lang.String,java.lang.String)&amp#27;[0m
  &amp#27;[31mThen &amp#27;[0m&amp#27;[31mGet Pet API call is successful with status code &amp#27;[0m&amp#27;[31m&amp#27;[1m200&amp#27;[0m                         &amp#27;[90m# codechallenge.be.cucumber.serenityDefinitions.GetPetDefinition.getPetAPICallIsSuccessfulWithStatusCode(int)&amp#27;[0m
      &amp#27;[31mjava.lang.AssertionError: expected:<200> but was:<400>
	at org.junit.Assert.fail(Assert.java:89)
	at org.junit.Assert.failNotEquals(Assert.java:835)
	at org.junit.Assert.assertEquals(Assert.java:647)
	at org.junit.Assert.assertEquals(Assert.java:633)
	at codechallenge.be.cucumber.serenityDefinitions.GetPetDefinition.getPetAPICallIsSuccessfulWithStatusCode(GetPetDefinition.java:47)
	at ✽.Get Pet API call is successful with status code 200(file:///Users/kushwmeg/IdeaProjects/pet-store-automation/src/test/resources/features/api/GetPet.feature:6)
&amp#27;[0m
]]></system-out>
    <system-err><![CDATA[[main] INFO io.cucumber.core.plugin.SerenityReporter - Running feature from file:///Users/kushwmeg/IdeaProjects/pet-store-automation/src/test/resources/features/api/GetPet.feature
]]></system-err>
  </testcase>
  <testcase name="Verify if we are able to retrieve pet data on the basis of Id #9" classname="Validating Get Pet API" time="1.518">
    <failure message="expected:&lt;200&gt; but was:&lt;400&gt;" type="java.lang.AssertionError"><![CDATA[java.lang.AssertionError: expected:<200> but was:<400>
]]></failure>
    <system-out><![CDATA[
Scenario Outline: Verify if we are able to retrieve pet data on the basis of Id                                                             &amp#27;[90m# src/test/resources/features/api/GetPet.feature:17&amp#27;[0m
  &amp#27;[32mGiven &amp#27;[0m&amp#27;[32muser sets base url &amp#27;[0m&amp#27;[32m&amp#27;[1m"base.url"&amp#27;[0m                                                                                                       &amp#27;[90m# codechallenge.be.cucumber.serenityDefinitions.GetPetDefinition.userSetsBaseUrl(java.lang.String)&amp#27;[0m
Request method:	GET
Request URI:	https://petstore3.swagger.io/api/v3/pet/jdnjdbfkjbsdfjbsdkfbsdjfbsdj18723178623478164716348163478134
Proxy:			<none>
Request params:	<none>
Query params:	<none>
Form params:	<none>
Path params:	<none>
Headers:		accept=application/xml
				Content-Type=application/json; charset=UTF-8
Cookies:		<none>
Multiparts:		<none>
Body:			<none>
HTTP/1.1 400 Bad Request
Date: Tue, 30 Nov 2021 10:51:23 GMT
Content-Type: application/xml
Content-Length: 179
Connection: keep-alive
Access-Control-Allow-Origin: *
Access-Control-Allow-Methods: GET, POST, DELETE, PUT
Access-Control-Allow-Headers: Content-Type, api_key, Authorization
Access-Control-Expose-Headers: Content-Disposition
Server: Jetty(9.4.9.v20180320)

<ApiError>
  <code>400</code>
  <message>Input error: couldn't convert `jdnjdbfkjbsdfjbsdkfbsdjfbsdj18723178623478164716348163478134` to type `class java.lang.Long`</message>
</ApiError>
  &amp#27;[32mWhen &amp#27;[0m&amp#27;[32muser calls GetPetAPI &amp#27;[0m&amp#27;[32m&amp#27;[1m"FindPetById"&amp#27;[0m&amp#27;[32m with &amp#27;[0m&amp#27;[32m&amp#27;[1m"GET"&amp#27;[0m&amp#27;[32m http request for pet id &amp#27;[0m&amp#27;[32m&amp#27;[1m"jdnjdbfkjbsdfjbsdkfbsdjfbsdj18723178623478164716348163478134"&amp#27;[0m &amp#27;[90m# codechallenge.be.cucumber.serenityDefinitions.GetPetDefinition.userCallsWithHttpRequest(java.lang.String,java.lang.String,java.lang.String)&amp#27;[0m
  &amp#27;[31mThen &amp#27;[0m&amp#27;[31mGet Pet API call is successful with status code &amp#27;[0m&amp#27;[31m&amp#27;[1m200&amp#27;[0m                                                                                  &amp#27;[90m# codechallenge.be.cucumber.serenityDefinitions.GetPetDefinition.getPetAPICallIsSuccessfulWithStatusCode(int)&amp#27;[0m
      &amp#27;[31mjava.lang.AssertionError: expected:<200> but was:<400>
	at org.junit.Assert.fail(Assert.java:89)
	at org.junit.Assert.failNotEquals(Assert.java:835)
	at org.junit.Assert.assertEquals(Assert.java:647)
	at org.junit.Assert.assertEquals(Assert.java:633)
	at codechallenge.be.cucumber.serenityDefinitions.GetPetDefinition.getPetAPICallIsSuccessfulWithStatusCode(GetPetDefinition.java:47)
	at ✽.Get Pet API call is successful with status code 200(file:///Users/kushwmeg/IdeaProjects/pet-store-automation/src/test/resources/features/api/GetPet.feature:6)
&amp#27;[0m
]]></system-out>
    <system-err><![CDATA[[main] INFO io.cucumber.core.plugin.SerenityReporter - Running feature from file:///Users/kushwmeg/IdeaProjects/pet-store-automation/src/test/resources/features/api/GetPet.feature
]]></system-err>
  </testcase>
  <testcase name="Verify if get api is not accepting junk data #1" classname="Validating Get Pet API" time="1.457">
    <system-out><![CDATA[
Scenario Outline: Verify if get api is not accepting junk data                     &amp#27;[90m# src/test/resources/features/api/GetPet.feature:25&amp#27;[0m
  &amp#27;[32mGiven &amp#27;[0m&amp#27;[32muser sets base url &amp#27;[0m&amp#27;[32m&amp#27;[1m"base.url"&amp#27;[0m                                              &amp#27;[90m# codechallenge.be.cucumber.serenityDefinitions.GetPetDefinition.userSetsBaseUrl(java.lang.String)&amp#27;[0m
Request method:	GET
Request URI:	https://petstore3.swagger.io/api/v3/pet/abc
Proxy:			<none>
Request params:	<none>
Query params:	<none>
Form params:	<none>
Path params:	<none>
Headers:		accept=application/xml
				Content-Type=application/json; charset=UTF-8
Cookies:		<none>
Multiparts:		<none>
Body:			<none>
HTTP/1.1 400 Bad Request
Date: Tue, 30 Nov 2021 10:51:25 GMT
Content-Type: application/xml
Content-Length: 122
Connection: keep-alive
Access-Control-Allow-Origin: *
Access-Control-Allow-Methods: GET, POST, DELETE, PUT
Access-Control-Allow-Headers: Content-Type, api_key, Authorization
Access-Control-Expose-Headers: Content-Disposition
Server: Jetty(9.4.9.v20180320)

<ApiError>
  <code>400</code>
  <message>Input error: couldn't convert `abc` to type `class java.lang.Long`</message>
</ApiError>
  &amp#27;[32mWhen &amp#27;[0m&amp#27;[32muser calls GetPetAPI &amp#27;[0m&amp#27;[32m&amp#27;[1m"FindPetById"&amp#27;[0m&amp#27;[32m with &amp#27;[0m&amp#27;[32m&amp#27;[1m"GET"&amp#27;[0m&amp#27;[32m http request for pet id &amp#27;[0m&amp#27;[32m&amp#27;[1m"abc"&amp#27;[0m &amp#27;[90m# codechallenge.be.cucumber.serenityDefinitions.GetPetDefinition.userCallsWithHttpRequest(java.lang.String,java.lang.String,java.lang.String)&amp#27;[0m
  &amp#27;[32mThen &amp#27;[0m&amp#27;[32mGet Pet API call is successful with status code &amp#27;[0m&amp#27;[32m&amp#27;[1m400&amp#27;[0m                         &amp#27;[90m# codechallenge.be.cucumber.serenityDefinitions.GetPetDefinition.getPetAPICallIsSuccessfulWithStatusCode(int)&amp#27;[0m
]]></system-out>
    <system-err><![CDATA[[main] INFO io.cucumber.core.plugin.SerenityReporter - Running feature from file:///Users/kushwmeg/IdeaProjects/pet-store-automation/src/test/resources/features/api/GetPet.feature
[main] INFO  - 
 _____ _____ ____ _____   ____ _____  _    ____ _____ _____ ____  
|_   _| ____/ ___|_   _| / ___|_   _|/ \  |  _ \_   _| ____|  _ \ 
  | | |  _| \___ \ | |   \___ \ | | / _ \ | |_) || | |  _| | | | |
  | | | |___ ___) || |    ___) || |/ ___ \|  _ < | | | |___| |_| |
  |_| |_____|____/ |_|   |____/ |_/_/   \_\_| \_\|_| |_____|____/ 

Verify if get api is not accepting junk data(validating-get-pet-api;verify-if-get-api-is-not-accepting-junk-data)
-------------------------------------------------------------------
[main] INFO  - &amp#27;[92m
        __    _____ _____ ____ _____   ____   _    ____  ____  _____ ____  
  _     \ \  |_   _| ____/ ___|_   _| |  _ \ / \  / ___|/ ___|| ____|  _ \ 
 (_)_____| |   | | |  _| \___ \ | |   | |_) / _ \ \___ \\___ \|  _| | | | |
  _|_____| |   | | | |___ ___) || |   |  __/ ___ \ ___) |___) | |___| |_| |
 (_)     | |   |_| |_____|____/ |_|   |_| /_/   \_\____/|____/|_____|____/ 
        /_/                                                                

Verify if get api is not accepting junk data
----------------------------------------------------------------------------&amp#27;[0m
]]></system-err>
  </testcase>
  <testcase name="Verify if get api is not accepting junk data #2" classname="Validating Get Pet API" time="1.409">
    <system-out><![CDATA[
Scenario Outline: Verify if get api is not accepting junk data                                                                              &amp#27;[90m# src/test/resources/features/api/GetPet.feature:26&amp#27;[0m
  &amp#27;[32mGiven &amp#27;[0m&amp#27;[32muser sets base url &amp#27;[0m&amp#27;[32m&amp#27;[1m"base.url"&amp#27;[0m                                                                                                       &amp#27;[90m# codechallenge.be.cucumber.serenityDefinitions.GetPetDefinition.userSetsBaseUrl(java.lang.String)&amp#27;[0m
Request method:	GET
Request URI:	https://petstore3.swagger.io/api/v3/pet/jdnjdbfkjbsdfjbsdkfbsdjfbsdj18723178623478164716348163478134
Proxy:			<none>
Request params:	<none>
Query params:	<none>
Form params:	<none>
Path params:	<none>
Headers:		accept=application/xml
				Content-Type=application/json; charset=UTF-8
Cookies:		<none>
Multiparts:		<none>
Body:			<none>
HTTP/1.1 400 Bad Request
Date: Tue, 30 Nov 2021 10:51:26 GMT
Content-Type: application/xml
Content-Length: 179
Connection: keep-alive
Access-Control-Allow-Origin: *
Access-Control-Allow-Methods: GET, POST, DELETE, PUT
Access-Control-Allow-Headers: Content-Type, api_key, Authorization
Access-Control-Expose-Headers: Content-Disposition
Server: Jetty(9.4.9.v20180320)

<ApiError>
  <code>400</code>
  <message>Input error: couldn't convert `jdnjdbfkjbsdfjbsdkfbsdjfbsdj18723178623478164716348163478134` to type `class java.lang.Long`</message>
</ApiError>
  &amp#27;[32mWhen &amp#27;[0m&amp#27;[32muser calls GetPetAPI &amp#27;[0m&amp#27;[32m&amp#27;[1m"FindPetById"&amp#27;[0m&amp#27;[32m with &amp#27;[0m&amp#27;[32m&amp#27;[1m"GET"&amp#27;[0m&amp#27;[32m http request for pet id &amp#27;[0m&amp#27;[32m&amp#27;[1m"jdnjdbfkjbsdfjbsdkfbsdjfbsdj18723178623478164716348163478134"&amp#27;[0m &amp#27;[90m# codechallenge.be.cucumber.serenityDefinitions.GetPetDefinition.userCallsWithHttpRequest(java.lang.String,java.lang.String,java.lang.String)&amp#27;[0m
  &amp#27;[32mThen &amp#27;[0m&amp#27;[32mGet Pet API call is successful with status code &amp#27;[0m&amp#27;[32m&amp#27;[1m400&amp#27;[0m                                                                                  &amp#27;[90m# codechallenge.be.cucumber.serenityDefinitions.GetPetDefinition.getPetAPICallIsSuccessfulWithStatusCode(int)&amp#27;[0m
]]></system-out>
    <system-err><![CDATA[[main] INFO io.cucumber.core.plugin.SerenityReporter - Running feature from file:///Users/kushwmeg/IdeaProjects/pet-store-automation/src/test/resources/features/api/GetPet.feature
[main] INFO  - &amp#27;[92m
        __    _____ _____ ____ _____   ____   _    ____  ____  _____ ____  
  _     \ \  |_   _| ____/ ___|_   _| |  _ \ / \  / ___|/ ___|| ____|  _ \ 
 (_)_____| |   | | |  _| \___ \ | |   | |_) / _ \ \___ \\___ \|  _| | | | |
  _|_____| |   | | | |___ ___) || |   |  __/ ___ \ ___) |___) | |___| |_| |
 (_)     | |   |_| |_____|____/ |_|   |_| /_/   \_\____/|____/|_____|____/ 
        /_/                                                                

Verify if get api is not accepting junk data
----------------------------------------------------------------------------&amp#27;[0m
]]></system-err>
  </testcase>
  <testcase name="Verify if we are not able to retrieve pet data in case not pet exists for given Id #1" classname="Validating Get Pet API" time="1.368">
    <system-out><![CDATA[
Scenario Outline: Verify if we are not able to retrieve pet data in case not pet exists for given Id &amp#27;[90m# src/test/resources/features/api/GetPet.feature:35&amp#27;[0m
  &amp#27;[32mGiven &amp#27;[0m&amp#27;[32muser sets base url &amp#27;[0m&amp#27;[32m&amp#27;[1m"base.url"&amp#27;[0m                                                                &amp#27;[90m# codechallenge.be.cucumber.serenityDefinitions.GetPetDefinition.userSetsBaseUrl(java.lang.String)&amp#27;[0m
Request method:	GET
Request URI:	https://petstore3.swagger.io/api/v3/pet/10001
Proxy:			<none>
Request params:	<none>
Query params:	<none>
Form params:	<none>
Path params:	<none>
Headers:		accept=application/xml
				Content-Type=application/json; charset=UTF-8
Cookies:		<none>
Multiparts:		<none>
Body:			<none>
HTTP/1.1 404 Not Found
Date: Tue, 30 Nov 2021 10:51:27 GMT
Content-Type: application/xml
Content-Length: 13
Connection: keep-alive
Access-Control-Allow-Origin: *
Access-Control-Allow-Methods: GET, POST, DELETE, PUT
Access-Control-Allow-Headers: Content-Type, api_key, Authorization
Access-Control-Expose-Headers: Content-Disposition
Server: Jetty(9.4.9.v20180320)

Pet not found
  &amp#27;[32mWhen &amp#27;[0m&amp#27;[32muser calls GetPetAPI &amp#27;[0m&amp#27;[32m&amp#27;[1m"FindPetById"&amp#27;[0m&amp#27;[32m with &amp#27;[0m&amp#27;[32m&amp#27;[1m"GET"&amp#27;[0m&amp#27;[32m http request for pet id &amp#27;[0m&amp#27;[32m&amp#27;[1m"10001"&amp#27;[0m                 &amp#27;[90m# codechallenge.be.cucumber.serenityDefinitions.GetPetDefinition.userCallsWithHttpRequest(java.lang.String,java.lang.String,java.lang.String)&amp#27;[0m
  &amp#27;[32mThen &amp#27;[0m&amp#27;[32mGet Pet API call is successful with status code &amp#27;[0m&amp#27;[32m&amp#27;[1m404&amp#27;[0m                                           &amp#27;[90m# codechallenge.be.cucumber.serenityDefinitions.GetPetDefinition.getPetAPICallIsSuccessfulWithStatusCode(int)&amp#27;[0m
  &amp#27;[32mAnd &amp#27;[0m&amp#27;[32mresponse message as &amp#27;[0m&amp#27;[32m&amp#27;[1m"Pet not found"&amp#27;[0m                                                            &amp#27;[90m# codechallenge.be.cucumber.serenityDefinitions.GetPetDefinition.responseMessageAs(java.lang.String)&amp#27;[0m
]]></system-out>
    <system-err><![CDATA[[main] INFO io.cucumber.core.plugin.SerenityReporter - Running feature from file:///Users/kushwmeg/IdeaProjects/pet-store-automation/src/test/resources/features/api/GetPet.feature
[main] INFO  - 
 _____ _____ ____ _____   ____ _____  _    ____ _____ _____ ____  
|_   _| ____/ ___|_   _| / ___|_   _|/ \  |  _ \_   _| ____|  _ \ 
  | | |  _| \___ \ | |   \___ \ | | / _ \ | |_) || | |  _| | | | |
  | | | |___ ___) || |    ___) || |/ ___ \|  _ < | | | |___| |_| |
  |_| |_____|____/ |_|   |____/ |_/_/   \_\_| \_\|_| |_____|____/ 

Verify if we are not able to retrieve pet data in case not pet exists for given Id(validating-get-pet-api;verify-if-we-are-not-able-to-retrieve-pet-data-in-case-not-pet-exists-for-given-id)
-------------------------------------------------------------------
[Fatal Error] :1:1: Content is not allowed in prolog.
[main] INFO  - &amp#27;[92m
        __    _____ _____ ____ _____   ____   _    ____  ____  _____ ____  
  _     \ \  |_   _| ____/ ___|_   _| |  _ \ / \  / ___|/ ___|| ____|  _ \ 
 (_)_____| |   | | |  _| \___ \ | |   | |_) / _ \ \___ \\___ \|  _| | | | |
  _|_____| |   | | | |___ ___) || |   |  __/ ___ \ ___) |___) | |___| |_| |
 (_)     | |   |_| |_____|____/ |_|   |_| /_/   \_\____/|____/|_____|____/ 
        /_/                                                                

Verify if we are not able to retrieve pet data in case not pet exists for given Id
----------------------------------------------------------------------------&amp#27;[0m
]]></system-err>
  </testcase>
  <testcase name="Verify if we are not able to retrieve pet data in case not pet exists for given Id #2" classname="Validating Get Pet API" time="1.195">
    <system-out><![CDATA[
Scenario Outline: Verify if we are not able to retrieve pet data in case not pet exists for given Id &amp#27;[90m# src/test/resources/features/api/GetPet.feature:36&amp#27;[0m
  &amp#27;[32mGiven &amp#27;[0m&amp#27;[32muser sets base url &amp#27;[0m&amp#27;[32m&amp#27;[1m"base.url"&amp#27;[0m                                                                &amp#27;[90m# codechallenge.be.cucumber.serenityDefinitions.GetPetDefinition.userSetsBaseUrl(java.lang.String)&amp#27;[0m
Request method:	GET
Request URI:	https://petstore3.swagger.io/api/v3/pet/10002
Proxy:			<none>
Request params:	<none>
Query params:	<none>
Form params:	<none>
Path params:	<none>
Headers:		accept=application/xml
				Content-Type=application/json; charset=UTF-8
Cookies:		<none>
Multiparts:		<none>
Body:			<none>
HTTP/1.1 404 Not Found
Date: Tue, 30 Nov 2021 10:51:29 GMT
Content-Type: application/xml
Content-Length: 13
Connection: keep-alive
Access-Control-Allow-Origin: *
Access-Control-Allow-Methods: GET, POST, DELETE, PUT
Access-Control-Allow-Headers: Content-Type, api_key, Authorization
Access-Control-Expose-Headers: Content-Disposition
Server: Jetty(9.4.9.v20180320)

Pet not found
  &amp#27;[32mWhen &amp#27;[0m&amp#27;[32muser calls GetPetAPI &amp#27;[0m&amp#27;[32m&amp#27;[1m"FindPetById"&amp#27;[0m&amp#27;[32m with &amp#27;[0m&amp#27;[32m&amp#27;[1m"GET"&amp#27;[0m&amp#27;[32m http request for pet id &amp#27;[0m&amp#27;[32m&amp#27;[1m"10002"&amp#27;[0m                 &amp#27;[90m# codechallenge.be.cucumber.serenityDefinitions.GetPetDefinition.userCallsWithHttpRequest(java.lang.String,java.lang.String,java.lang.String)&amp#27;[0m
  &amp#27;[32mThen &amp#27;[0m&amp#27;[32mGet Pet API call is successful with status code &amp#27;[0m&amp#27;[32m&amp#27;[1m404&amp#27;[0m                                           &amp#27;[90m# codechallenge.be.cucumber.serenityDefinitions.GetPetDefinition.getPetAPICallIsSuccessfulWithStatusCode(int)&amp#27;[0m
  &amp#27;[32mAnd &amp#27;[0m&amp#27;[32mresponse message as &amp#27;[0m&amp#27;[32m&amp#27;[1m"Pet not found"&amp#27;[0m                                                            &amp#27;[90m# codechallenge.be.cucumber.serenityDefinitions.GetPetDefinition.responseMessageAs(java.lang.String)&amp#27;[0m
]]></system-out>
    <system-err><![CDATA[[main] INFO io.cucumber.core.plugin.SerenityReporter - Running feature from file:///Users/kushwmeg/IdeaProjects/pet-store-automation/src/test/resources/features/api/GetPet.feature
[Fatal Error] :1:1: Content is not allowed in prolog.
[main] INFO  - &amp#27;[92m
        __    _____ _____ ____ _____   ____   _    ____  ____  _____ ____  
  _     \ \  |_   _| ____/ ___|_   _| |  _ \ / \  / ___|/ ___|| ____|  _ \ 
 (_)_____| |   | | |  _| \___ \ | |   | |_) / _ \ \___ \\___ \|  _| | | | |
  _|_____| |   | | | |___ ___) || |   |  __/ ___ \ ___) |___) | |___| |_| |
 (_)     | |   |_| |_____|____/ |_|   |_| /_/   \_\____/|____/|_____|____/ 
        /_/                                                                

Verify if we are not able to retrieve pet data in case not pet exists for given Id
----------------------------------------------------------------------------&amp#27;[0m
]]></system-err>
  </testcase>
  <testcase name="Verify if we are able to retrieve pet data when no id is provided" classname="Validating Get Pet API" time="1.533">
    <system-out><![CDATA[
Scenario: Verify if we are able to retrieve pet data when no id is provided &amp#27;[90m# src/test/resources/features/api/GetPet.feature:38&amp#27;[0m
  &amp#27;[32mGiven &amp#27;[0m&amp#27;[32muser sets base url &amp#27;[0m&amp#27;[32m&amp#27;[1m"base.url"&amp#27;[0m                                       &amp#27;[90m# codechallenge.be.cucumber.serenityDefinitions.GetPetDefinition.userSetsBaseUrl(java.lang.String)&amp#27;[0m
Request method:	GET
Request URI:	https://petstore3.swagger.io/api/v3/pet
Proxy:			<none>
Request params:	<none>
Query params:	<none>
Form params:	<none>
Path params:	<none>
Headers:		accept=application/xml
				Content-Type=application/json; charset=UTF-8
Cookies:		<none>
Multiparts:		<none>
Body:			<none>
HTTP/1.1 405 Method Not Allowed
Date: Tue, 30 Nov 2021 10:51:30 GMT
Content-Type: application/xml
Content-Length: 83
Connection: keep-alive
Access-Control-Allow-Origin: *
Access-Control-Allow-Methods: GET, POST, DELETE, PUT
Access-Control-Allow-Headers: Content-Type, api_key, Authorization
Access-Control-Expose-Headers: Content-Disposition
Server: Jetty(9.4.9.v20180320)

<ApiError>
  <code>405</code>
  <message>HTTP 405 Method Not Allowed</message>
</ApiError>
  &amp#27;[32mWhen &amp#27;[0m&amp#27;[32muser calls GetPetAPI &amp#27;[0m&amp#27;[32m&amp#27;[1m"FindPetById"&amp#27;[0m&amp#27;[32m with &amp#27;[0m&amp#27;[32m&amp#27;[1m"GET"&amp#27;[0m&amp#27;[32m http request&amp#27;[0m           &amp#27;[90m# codechallenge.be.cucumber.serenityDefinitions.GetPetDefinition.userCallsGetPetAPIWithHttpRequest(java.lang.String,java.lang.String)&amp#27;[0m
  &amp#27;[32mThen &amp#27;[0m&amp#27;[32mGet Pet API call is successful with status code &amp#27;[0m&amp#27;[32m&amp#27;[1m405&amp#27;[0m                  &amp#27;[90m# codechallenge.be.cucumber.serenityDefinitions.GetPetDefinition.getPetAPICallIsSuccessfulWithStatusCode(int)&amp#27;[0m
]]></system-out>
    <system-err><![CDATA[[main] INFO io.cucumber.core.plugin.SerenityReporter - Running feature from file:///Users/kushwmeg/IdeaProjects/pet-store-automation/src/test/resources/features/api/GetPet.feature
[main] INFO  - 
 _____ _____ ____ _____   ____ _____  _    ____ _____ _____ ____  
|_   _| ____/ ___|_   _| / ___|_   _|/ \  |  _ \_   _| ____|  _ \ 
  | | |  _| \___ \ | |   \___ \ | | / _ \ | |_) || | |  _| | | | |
  | | | |___ ___) || |    ___) || |/ ___ \|  _ < | | | |___| |_| |
  |_| |_____|____/ |_|   |____/ |_/_/   \_\_| \_\|_| |_____|____/ 

Verify if we are able to retrieve pet data when no id is provided(validating-get-pet-api;verify-if-we-are-able-to-retrieve-pet-data-when-no-id-is-provided)
-------------------------------------------------------------------
[main] INFO  - &amp#27;[92m
        __    _____ _____ ____ _____   ____   _    ____  ____  _____ ____  
  _     \ \  |_   _| ____/ ___|_   _| |  _ \ / \  / ___|/ ___|| ____|  _ \ 
 (_)_____| |   | | |  _| \___ \ | |   | |_) / _ \ \___ \\___ \|  _| | | | |
  _|_____| |   | | | |___ ___) || |   |  __/ ___ \ ___) |___) | |___| |_| |
 (_)     | |   |_| |_____|____/ |_|   |_| /_/   \_\____/|____/|_____|____/ 
        /_/                                                                

Verify if we are able to retrieve pet data when no id is provided
----------------------------------------------------------------------------&amp#27;[0m
]]></system-err>
  </testcase>
  <testcase name="Verify if we are not able to retrieve pet data on the basis of tags when no tags are provided" classname="Validating Get Pet API" time="1.537">
    <system-out><![CDATA[
Scenario: Verify if we are not able to retrieve pet data on the basis of tags when no tags are provided &amp#27;[90m# src/test/resources/features/api/GetPet.feature:43&amp#27;[0m
  &amp#27;[32mGiven &amp#27;[0m&amp#27;[32muser sets base url &amp#27;[0m&amp#27;[32m&amp#27;[1m"base.url"&amp#27;[0m                                                                   &amp#27;[90m# codechallenge.be.cucumber.serenityDefinitions.GetPetDefinition.userSetsBaseUrl(java.lang.String)&amp#27;[0m
Request method:	GET
Request URI:	https://petstore3.swagger.io/api/v3/pet/findByTags
Proxy:			<none>
Request params:	<none>
Query params:	<none>
Form params:	<none>
Path params:	<none>
Headers:		accept=application/xml
				Content-Type=application/json; charset=UTF-8
Cookies:		<none>
Multiparts:		<none>
Body:			<none>
HTTP/1.1 400 Bad Request
Date: Tue, 30 Nov 2021 10:51:32 GMT
Content-Type: application/xml
Content-Length: 28
Connection: keep-alive
Access-Control-Allow-Origin: *
Access-Control-Allow-Methods: GET, POST, DELETE, PUT
Access-Control-Allow-Headers: Content-Type, api_key, Authorization
Access-Control-Expose-Headers: Content-Disposition
Server: Jetty(9.4.9.v20180320)

No tags provided. Try again?
  &amp#27;[32mWhen &amp#27;[0m&amp#27;[32muser calls GetPetAPI &amp#27;[0m&amp#27;[32m&amp#27;[1m"FindPetByTagsAPI"&amp#27;[0m&amp#27;[32m with &amp#27;[0m&amp#27;[32m&amp#27;[1m"GET"&amp#27;[0m&amp#27;[32m http request&amp#27;[0m                                  &amp#27;[90m# codechallenge.be.cucumber.serenityDefinitions.GetPetDefinition.userCallsGetPetAPIWithHttpRequest(java.lang.String,java.lang.String)&amp#27;[0m
  &amp#27;[32mThen &amp#27;[0m&amp#27;[32mGet Pet API call is successful with status code &amp#27;[0m&amp#27;[32m&amp#27;[1m400&amp#27;[0m                                              &amp#27;[90m# codechallenge.be.cucumber.serenityDefinitions.GetPetDefinition.getPetAPICallIsSuccessfulWithStatusCode(int)&amp#27;[0m
  &amp#27;[32mAnd &amp#27;[0m&amp#27;[32mresponse message as &amp#27;[0m&amp#27;[32m&amp#27;[1m"No tags provided. Try again?"&amp#27;[0m                                                &amp#27;[90m# codechallenge.be.cucumber.serenityDefinitions.GetPetDefinition.responseMessageAs(java.lang.String)&amp#27;[0m
]]></system-out>
    <system-err><![CDATA[[main] INFO io.cucumber.core.plugin.SerenityReporter - Running feature from file:///Users/kushwmeg/IdeaProjects/pet-store-automation/src/test/resources/features/api/GetPet.feature
[main] INFO  - 
 _____ _____ ____ _____   ____ _____  _    ____ _____ _____ ____  
|_   _| ____/ ___|_   _| / ___|_   _|/ \  |  _ \_   _| ____|  _ \ 
  | | |  _| \___ \ | |   \___ \ | | / _ \ | |_) || | |  _| | | | |
  | | | |___ ___) || |    ___) || |/ ___ \|  _ < | | | |___| |_| |
  |_| |_____|____/ |_|   |____/ |_/_/   \_\_| \_\|_| |_____|____/ 

Verify if we are not able to retrieve pet data on the basis of tags when no tags are provided(validating-get-pet-api;verify-if-we-are-not-able-to-retrieve-pet-data-on-the-basis-of-tags-when-no-tags-are-provided)
-------------------------------------------------------------------
[Fatal Error] :1:1: Content is not allowed in prolog.
[main] INFO  - &amp#27;[92m
        __    _____ _____ ____ _____   ____   _    ____  ____  _____ ____  
  _     \ \  |_   _| ____/ ___|_   _| |  _ \ / \  / ___|/ ___|| ____|  _ \ 
 (_)_____| |   | | |  _| \___ \ | |   | |_) / _ \ \___ \\___ \|  _| | | | |
  _|_____| |   | | | |___ ___) || |   |  __/ ___ \ ___) |___) | |___| |_| |
 (_)     | |   |_| |_____|____/ |_|   |_| /_/   \_\____/|____/|_____|____/ 
        /_/                                                                

Verify if we are not able to retrieve pet data on the basis of tags when no tags are provided
----------------------------------------------------------------------------&amp#27;[0m
]]></system-err>
  </testcase>
  <testcase name="Verify if we are able to retrieve pet data on the basis of tags" classname="Validating Get Pet API" time="1.457">
    <failure message="expected:&lt;200&gt; but was:&lt;400&gt;" type="java.lang.AssertionError"><![CDATA[java.lang.AssertionError: expected:<200> but was:<400>
]]></failure>
    <system-out><![CDATA[
Scenario: Verify if we are able to retrieve pet data on the basis of tags         &amp#27;[90m# src/test/resources/features/api/GetPet.feature:49&amp#27;[0m
  &amp#27;[32mGiven &amp#27;[0m&amp#27;[32muser sets base url &amp#27;[0m&amp#27;[32m&amp#27;[1m"base.url"&amp#27;[0m&amp#27;[32m with query parameters as &amp#27;[0m&amp#27;[32m&amp#27;[1m"tag"&amp#27;[0m&amp#27;[32m and &amp#27;[0m&amp#27;[32m&amp#27;[1m"string"&amp#27;[0m &amp#27;[90m# codechallenge.be.cucumber.serenityDefinitions.GetPetDefinition.userSetsBaseUrlWithQueryParametersAsAnd(java.lang.String,java.lang.String,java.lang.String)&amp#27;[0m
Request method:	GET
Request URI:	https://petstore3.swagger.io/api/v3/pet/findByTags?tag=string
Proxy:			<none>
Request params:	<none>
Query params:	tag=string
Form params:	<none>
Path params:	<none>
Headers:		accept=application/xml
				Content-Type=application/json; charset=UTF-8
Cookies:		<none>
Multiparts:		<none>
Body:			<none>
HTTP/1.1 400 Bad Request
Date: Tue, 30 Nov 2021 10:51:33 GMT
Content-Type: application/xml
Content-Length: 28
Connection: keep-alive
Access-Control-Allow-Origin: *
Access-Control-Allow-Methods: GET, POST, DELETE, PUT
Access-Control-Allow-Headers: Content-Type, api_key, Authorization
Access-Control-Expose-Headers: Content-Disposition
Server: Jetty(9.4.9.v20180320)

No tags provided. Try again?
  &amp#27;[32mWhen &amp#27;[0m&amp#27;[32muser calls GetPetAPI &amp#27;[0m&amp#27;[32m&amp#27;[1m"FindPetByTagsAPI"&amp#27;[0m&amp#27;[32m with &amp#27;[0m&amp#27;[32m&amp#27;[1m"GET"&amp#27;[0m&amp#27;[32m http request&amp#27;[0m            &amp#27;[90m# codechallenge.be.cucumber.serenityDefinitions.GetPetDefinition.userCallsGetPetAPIWithHttpRequest(java.lang.String,java.lang.String)&amp#27;[0m
  &amp#27;[31mThen &amp#27;[0m&amp#27;[31mGet Pet API call is successful with status code &amp#27;[0m&amp#27;[31m&amp#27;[1m200&amp#27;[0m                        &amp#27;[90m# codechallenge.be.cucumber.serenityDefinitions.GetPetDefinition.getPetAPICallIsSuccessfulWithStatusCode(int)&amp#27;[0m
      &amp#27;[31mjava.lang.AssertionError: expected:<200> but was:<400>
	at org.junit.Assert.fail(Assert.java:89)
	at org.junit.Assert.failNotEquals(Assert.java:835)
	at org.junit.Assert.assertEquals(Assert.java:647)
	at org.junit.Assert.assertEquals(Assert.java:633)
	at codechallenge.be.cucumber.serenityDefinitions.GetPetDefinition.getPetAPICallIsSuccessfulWithStatusCode(GetPetDefinition.java:47)
	at ✽.Get Pet API call is successful with status code 200(file:///Users/kushwmeg/IdeaProjects/pet-store-automation/src/test/resources/features/api/GetPet.feature:52)
&amp#27;[0m
]]></system-out>
    <system-err><![CDATA[[main] INFO io.cucumber.core.plugin.SerenityReporter - Running feature from file:///Users/kushwmeg/IdeaProjects/pet-store-automation/src/test/resources/features/api/GetPet.feature
[main] INFO  - 
 _____ _____ ____ _____   ____ _____  _    ____ _____ _____ ____  
|_   _| ____/ ___|_   _| / ___|_   _|/ \  |  _ \_   _| ____|  _ \ 
  | | |  _| \___ \ | |   \___ \ | | / _ \ | |_) || | |  _| | | | |
  | | | |___ ___) || |    ___) || |/ ___ \|  _ < | | | |___| |_| |
  |_| |_____|____/ |_|   |____/ |_/_/   \_\_| \_\|_| |_____|____/ 

Verify if we are able to retrieve pet data on the basis of tags(validating-get-pet-api;verify-if-we-are-able-to-retrieve-pet-data-on-the-basis-of-tags)
-------------------------------------------------------------------
[Fatal Error] :1:1: Content is not allowed in prolog.
]]></system-err>
  </testcase>
  <testcase name="Verify if the pet data is updated successfully in database #1" classname="Validating Update Pet API" time="1.52">
    <system-out><![CDATA[
Scenario Outline: Verify if the pet data is updated successfully in database                      &amp#27;[90m# src/test/resources/features/api/UpdatePet.feature:11&amp#27;[0m
  &amp#27;[32mGiven &amp#27;[0m&amp#27;[32mPet Payload &amp#27;[0m&amp#27;[32m&amp#27;[1m"71"&amp#27;[0m&amp#27;[32m, &amp#27;[0m&amp#27;[32m&amp#27;[1m"doggie"&amp#27;[0m&amp#27;[32m, &amp#27;[0m&amp#27;[32m&amp#27;[1m"available"&amp#27;[0m&amp#27;[32m, &amp#27;[0m&amp#27;[32m&amp#27;[1m"1"&amp#27;[0m&amp#27;[32m, &amp#27;[0m&amp#27;[32m&amp#27;[1m"Cats"&amp#27;[0m&amp#27;[32m, &amp#27;[0m&amp#27;[32m&amp#27;[1m"0"&amp#27;[0m&amp#27;[32m, &amp#27;[0m&amp#27;[32m&amp#27;[1m"string"&amp#27;[0m&amp#27;[32m, &amp#27;[0m&amp#27;[32m&amp#27;[1m"string"&amp#27;[0m&amp#27;[32m, &amp#27;[0m&amp#27;[32m&amp#27;[1m"base.url"&amp#27;[0m &amp#27;[90m# codechallenge.be.cucumber.serenityDefinitions.PetStoreDefinition.addProductPayload(java.lang.String,java.lang.String,java.lang.String,java.lang.String,java.lang.String,java.lang.String,java.lang.String,java.lang.String,java.lang.String)&amp#27;[0m
Request method:	PUT
Request URI:	https://petstore3.swagger.io/api/v3/pet
Proxy:			<none>
Request params:	<none>
Query params:	<none>
Form params:	<none>
Path params:	<none>
Headers:		Accept=*/*
				Content-Type=application/json; charset=UTF-8
Cookies:		<none>
Multiparts:		<none>
Body:
{
    "photoUrls": [
        "string"
    ],
    "name": "doggie",
    "id": "71",
    "category": {
        "name": "Cats",
        "id": "1"
    },
    "tags": [
        {
            "name": "string",
            "id": "0"
        }
    ],
    "status": "available"
}
HTTP/1.1 200 OK
Date: Tue, 30 Nov 2021 10:51:35 GMT
Content-Type: application/json
Content-Length: 137
Connection: keep-alive
Access-Control-Allow-Origin: *
Access-Control-Allow-Methods: GET, POST, DELETE, PUT
Access-Control-Allow-Headers: Content-Type, api_key, Authorization
Access-Control-Expose-Headers: Content-Disposition
Server: Jetty(9.4.9.v20180320)

{
    "id": 71,
    "category": {
        "id": 1,
        "name": "Cats"
    },
    "name": "doggie",
    "photoUrls": [
        "string"
    ],
    "tags": [
        {
            "id": 0,
            "name": "string"
        }
    ],
    "status": "available"
}
  &amp#27;[32mWhen &amp#27;[0m&amp#27;[32muser calls &amp#27;[0m&amp#27;[32m&amp#27;[1m"UpdatePetAPI"&amp#27;[0m&amp#27;[32m with &amp#27;[0m&amp#27;[32m&amp#27;[1m"PUT"&amp#27;[0m&amp#27;[32m http request&amp#27;[0m                                          &amp#27;[90m# codechallenge.be.cucumber.serenityDefinitions.PetStoreDefinition.serCallsWithPostHttpRequest(java.lang.String,java.lang.String)&amp#27;[0m
  &amp#27;[32mThen &amp#27;[0m&amp#27;[32mthe API call is successful with status code &amp#27;[0m&amp#27;[32m&amp#27;[1m200&amp#27;[0m                                            &amp#27;[90m# codechallenge.be.cucumber.serenityDefinitions.PetStoreDefinition.theAPICallIsSuccessfulWithStatusCode(int)&amp#27;[0m
  &amp#27;[32mAnd &amp#27;[0m&amp#27;[32mchecking if the &amp#27;[0m&amp#27;[32m&amp#27;[1m"category.name"&amp#27;[0m&amp#27;[32m of the pet created is &amp#27;[0m&amp#27;[32m&amp#27;[1m"Cats"&amp#27;[0m                                &amp#27;[90m# codechallenge.be.cucumber.serenityDefinitions.PetStoreDefinition.checkingTheOfTheProductCreated(java.lang.String,java.lang.String)&amp#27;[0m
]]></system-out>
    <system-err><![CDATA[[main] ERROR  - &amp#27;[91m
           __  _____ _____ ____ _____   _____ _    ___ _     _____ ____  
  _       / / |_   _| ____/ ___|_   _| |  ___/ \  |_ _| |   | ____|  _ \ 
 (_)_____| |    | | |  _| \___ \ | |   | |_ / _ \  | || |   |  _| | | | |
  _|_____| |    | | | |___ ___) || |   |  _/ ___ \ | || |___| |___| |_| |
 (_)     | |    |_| |_____|____/ |_|   |_|/_/   \_\___|_____|_____|____/ 
          \_\                                                            

Verify if we are able to retrieve pet data on the basis of tags
--------------------------------------------------------------------------&amp#27;[0m
[main] ERROR  - &amp#27;[91m    Test failed at step: Then Get Pet API call is successful with status code 200&amp#27;[0m
[main] ERROR  - &amp#27;[91m    expected:<200> but was:<400>&amp#27;[0m
[main] INFO io.cucumber.core.plugin.SerenityReporter - Running feature from file:///Users/kushwmeg/IdeaProjects/pet-store-automation/src/test/resources/features/api/UpdatePet.feature
[main] INFO  - 
 _____ _____ ____ _____   ____ _____  _    ____ _____ _____ ____  
|_   _| ____/ ___|_   _| / ___|_   _|/ \  |  _ \_   _| ____|  _ \ 
  | | |  _| \___ \ | |   \___ \ | | / _ \ | |_) || | |  _| | | | |
  | | | |___ ___) || |    ___) || |/ ___ \|  _ < | | | |___| |_| |
  |_| |_____|____/ |_|   |____/ |_/_/   \_\_| \_\|_| |_____|____/ 

Verify if the pet data is updated successfully in database(validating-update-pet-api;verify-if-the-pet-data-is-updated-successfully-in-database)
-------------------------------------------------------------------
[main] INFO  - &amp#27;[92m
        __    _____ _____ ____ _____   ____   _    ____  ____  _____ ____  
  _     \ \  |_   _| ____/ ___|_   _| |  _ \ / \  / ___|/ ___|| ____|  _ \ 
 (_)_____| |   | | |  _| \___ \ | |   | |_) / _ \ \___ \\___ \|  _| | | | |
  _|_____| |   | | | |___ ___) || |   |  __/ ___ \ ___) |___) | |___| |_| |
 (_)     | |   |_| |_____|____/ |_|   |_| /_/   \_\____/|____/|_____|____/ 
        /_/                                                                

Verify if the pet data is updated successfully in database
----------------------------------------------------------------------------&amp#27;[0m
]]></system-err>
  </testcase>
  <testcase name="Verify if the pet data is updated successfully in database #2" classname="Validating Update Pet API" time="1.332">
    <system-out><![CDATA[
Scenario Outline: Verify if the pet data is updated successfully in database                      &amp#27;[90m# src/test/resources/features/api/UpdatePet.feature:12&amp#27;[0m
  &amp#27;[32mGiven &amp#27;[0m&amp#27;[32mPet Payload &amp#27;[0m&amp#27;[32m&amp#27;[1m"73"&amp#27;[0m&amp#27;[32m, &amp#27;[0m&amp#27;[32m&amp#27;[1m"maggie"&amp#27;[0m&amp#27;[32m, &amp#27;[0m&amp#27;[32m&amp#27;[1m"available"&amp#27;[0m&amp#27;[32m, &amp#27;[0m&amp#27;[32m&amp#27;[1m"1"&amp#27;[0m&amp#27;[32m, &amp#27;[0m&amp#27;[32m&amp#27;[1m"Cats"&amp#27;[0m&amp#27;[32m, &amp#27;[0m&amp#27;[32m&amp#27;[1m"0"&amp#27;[0m&amp#27;[32m, &amp#27;[0m&amp#27;[32m&amp#27;[1m"string"&amp#27;[0m&amp#27;[32m, &amp#27;[0m&amp#27;[32m&amp#27;[1m"string"&amp#27;[0m&amp#27;[32m, &amp#27;[0m&amp#27;[32m&amp#27;[1m"base.url"&amp#27;[0m &amp#27;[90m# codechallenge.be.cucumber.serenityDefinitions.PetStoreDefinition.addProductPayload(java.lang.String,java.lang.String,java.lang.String,java.lang.String,java.lang.String,java.lang.String,java.lang.String,java.lang.String,java.lang.String)&amp#27;[0m
Request method:	PUT
Request URI:	https://petstore3.swagger.io/api/v3/pet
Proxy:			<none>
Request params:	<none>
Query params:	<none>
Form params:	<none>
Path params:	<none>
Headers:		Accept=*/*
				Content-Type=application/json; charset=UTF-8
Cookies:		<none>
Multiparts:		<none>
Body:
{
    "photoUrls": [
        "string"
    ],
    "name": "maggie",
    "id": "73",
    "category": {
        "name": "Cats",
        "id": "1"
    },
    "tags": [
        {
            "name": "string",
            "id": "0"
        }
    ],
    "status": "available"
}
HTTP/1.1 200 OK
Date: Tue, 30 Nov 2021 10:51:36 GMT
Content-Type: application/json
Content-Length: 137
Connection: keep-alive
Access-Control-Allow-Origin: *
Access-Control-Allow-Methods: GET, POST, DELETE, PUT
Access-Control-Allow-Headers: Content-Type, api_key, Authorization
Access-Control-Expose-Headers: Content-Disposition
Server: Jetty(9.4.9.v20180320)

{
    "id": 73,
    "category": {
        "id": 1,
        "name": "Cats"
    },
    "name": "maggie",
    "photoUrls": [
        "string"
    ],
    "tags": [
        {
            "id": 0,
            "name": "string"
        }
    ],
    "status": "available"
}
  &amp#27;[32mWhen &amp#27;[0m&amp#27;[32muser calls &amp#27;[0m&amp#27;[32m&amp#27;[1m"UpdatePetAPI"&amp#27;[0m&amp#27;[32m with &amp#27;[0m&amp#27;[32m&amp#27;[1m"PUT"&amp#27;[0m&amp#27;[32m http request&amp#27;[0m                                          &amp#27;[90m# codechallenge.be.cucumber.serenityDefinitions.PetStoreDefinition.serCallsWithPostHttpRequest(java.lang.String,java.lang.String)&amp#27;[0m
  &amp#27;[32mThen &amp#27;[0m&amp#27;[32mthe API call is successful with status code &amp#27;[0m&amp#27;[32m&amp#27;[1m200&amp#27;[0m                                            &amp#27;[90m# codechallenge.be.cucumber.serenityDefinitions.PetStoreDefinition.theAPICallIsSuccessfulWithStatusCode(int)&amp#27;[0m
  &amp#27;[32mAnd &amp#27;[0m&amp#27;[32mchecking if the &amp#27;[0m&amp#27;[32m&amp#27;[1m"category.name"&amp#27;[0m&amp#27;[32m of the pet created is &amp#27;[0m&amp#27;[32m&amp#27;[1m"Cats"&amp#27;[0m                                &amp#27;[90m# codechallenge.be.cucumber.serenityDefinitions.PetStoreDefinition.checkingTheOfTheProductCreated(java.lang.String,java.lang.String)&amp#27;[0m
]]></system-out>
    <system-err><![CDATA[[main] INFO io.cucumber.core.plugin.SerenityReporter - Running feature from file:///Users/kushwmeg/IdeaProjects/pet-store-automation/src/test/resources/features/api/UpdatePet.feature
[main] INFO  - &amp#27;[92m
        __    _____ _____ ____ _____   ____   _    ____  ____  _____ ____  
  _     \ \  |_   _| ____/ ___|_   _| |  _ \ / \  / ___|/ ___|| ____|  _ \ 
 (_)_____| |   | | |  _| \___ \ | |   | |_) / _ \ \___ \\___ \|  _| | | | |
  _|_____| |   | | | |___ ___) || |   |  __/ ___ \ ___) |___) | |___| |_| |
 (_)     | |   |_| |_____|____/ |_|   |_| /_/   \_\____/|____/|_____|____/ 
        /_/                                                                

Verify if the pet data is updated successfully in database
----------------------------------------------------------------------------&amp#27;[0m
]]></system-err>
  </testcase>
  <testcase name="Verify if the pet data is updated successfully in database #3" classname="Validating Update Pet API" time="1.372">
    <system-out><![CDATA[
Scenario Outline: Verify if the pet data is updated successfully in database                      &amp#27;[90m# src/test/resources/features/api/UpdatePet.feature:13&amp#27;[0m
  &amp#27;[32mGiven &amp#27;[0m&amp#27;[32mPet Payload &amp#27;[0m&amp#27;[32m&amp#27;[1m"74"&amp#27;[0m&amp#27;[32m, &amp#27;[0m&amp#27;[32m&amp#27;[1m"rockie"&amp#27;[0m&amp#27;[32m, &amp#27;[0m&amp#27;[32m&amp#27;[1m"available"&amp#27;[0m&amp#27;[32m, &amp#27;[0m&amp#27;[32m&amp#27;[1m"1"&amp#27;[0m&amp#27;[32m, &amp#27;[0m&amp#27;[32m&amp#27;[1m"Cats"&amp#27;[0m&amp#27;[32m, &amp#27;[0m&amp#27;[32m&amp#27;[1m"0"&amp#27;[0m&amp#27;[32m, &amp#27;[0m&amp#27;[32m&amp#27;[1m"string"&amp#27;[0m&amp#27;[32m, &amp#27;[0m&amp#27;[32m&amp#27;[1m"string"&amp#27;[0m&amp#27;[32m, &amp#27;[0m&amp#27;[32m&amp#27;[1m"base.url"&amp#27;[0m &amp#27;[90m# codechallenge.be.cucumber.serenityDefinitions.PetStoreDefinition.addProductPayload(java.lang.String,java.lang.String,java.lang.String,java.lang.String,java.lang.String,java.lang.String,java.lang.String,java.lang.String,java.lang.String)&amp#27;[0m
Request method:	PUT
Request URI:	https://petstore3.swagger.io/api/v3/pet
Proxy:			<none>
Request params:	<none>
Query params:	<none>
Form params:	<none>
Path params:	<none>
Headers:		Accept=*/*
				Content-Type=application/json; charset=UTF-8
Cookies:		<none>
Multiparts:		<none>
Body:
{
    "photoUrls": [
        "string"
    ],
    "name": "rockie",
    "id": "74",
    "category": {
        "name": "Cats",
        "id": "1"
    },
    "tags": [
        {
            "name": "string",
            "id": "0"
        }
    ],
    "status": "available"
}
HTTP/1.1 200 OK
Date: Tue, 30 Nov 2021 10:51:37 GMT
Content-Type: application/json
Content-Length: 137
Connection: keep-alive
Access-Control-Allow-Origin: *
Access-Control-Allow-Methods: GET, POST, DELETE, PUT
Access-Control-Allow-Headers: Content-Type, api_key, Authorization
Access-Control-Expose-Headers: Content-Disposition
Server: Jetty(9.4.9.v20180320)

{
    "id": 74,
    "category": {
        "id": 1,
        "name": "Cats"
    },
    "name": "rockie",
    "photoUrls": [
        "string"
    ],
    "tags": [
        {
            "id": 0,
            "name": "string"
        }
    ],
    "status": "available"
}
  &amp#27;[32mWhen &amp#27;[0m&amp#27;[32muser calls &amp#27;[0m&amp#27;[32m&amp#27;[1m"UpdatePetAPI"&amp#27;[0m&amp#27;[32m with &amp#27;[0m&amp#27;[32m&amp#27;[1m"PUT"&amp#27;[0m&amp#27;[32m http request&amp#27;[0m                                          &amp#27;[90m# codechallenge.be.cucumber.serenityDefinitions.PetStoreDefinition.serCallsWithPostHttpRequest(java.lang.String,java.lang.String)&amp#27;[0m
  &amp#27;[32mThen &amp#27;[0m&amp#27;[32mthe API call is successful with status code &amp#27;[0m&amp#27;[32m&amp#27;[1m200&amp#27;[0m                                            &amp#27;[90m# codechallenge.be.cucumber.serenityDefinitions.PetStoreDefinition.theAPICallIsSuccessfulWithStatusCode(int)&amp#27;[0m
  &amp#27;[32mAnd &amp#27;[0m&amp#27;[32mchecking if the &amp#27;[0m&amp#27;[32m&amp#27;[1m"category.name"&amp#27;[0m&amp#27;[32m of the pet created is &amp#27;[0m&amp#27;[32m&amp#27;[1m"Cats"&amp#27;[0m                                &amp#27;[90m# codechallenge.be.cucumber.serenityDefinitions.PetStoreDefinition.checkingTheOfTheProductCreated(java.lang.String,java.lang.String)&amp#27;[0m
]]></system-out>
    <system-err><![CDATA[[main] INFO io.cucumber.core.plugin.SerenityReporter - Running feature from file:///Users/kushwmeg/IdeaProjects/pet-store-automation/src/test/resources/features/api/UpdatePet.feature
]]></system-err>
  </testcase>
  <testcase name="Verify if the pet data is updated successfully in database #4" classname="Validating Update Pet API" time="1.683">
    <system-out><![CDATA[
Scenario Outline: Verify if the pet data is updated successfully in database                      &amp#27;[90m# src/test/resources/features/api/UpdatePet.feature:14&amp#27;[0m
  &amp#27;[32mGiven &amp#27;[0m&amp#27;[32mPet Payload &amp#27;[0m&amp#27;[32m&amp#27;[1m"55"&amp#27;[0m&amp#27;[32m, &amp#27;[0m&amp#27;[32m&amp#27;[1m"sockie"&amp#27;[0m&amp#27;[32m, &amp#27;[0m&amp#27;[32m&amp#27;[1m"available"&amp#27;[0m&amp#27;[32m, &amp#27;[0m&amp#27;[32m&amp#27;[1m"1"&amp#27;[0m&amp#27;[32m, &amp#27;[0m&amp#27;[32m&amp#27;[1m"Cats"&amp#27;[0m&amp#27;[32m, &amp#27;[0m&amp#27;[32m&amp#27;[1m"0"&amp#27;[0m&amp#27;[32m, &amp#27;[0m&amp#27;[32m&amp#27;[1m"string"&amp#27;[0m&amp#27;[32m, &amp#27;[0m&amp#27;[32m&amp#27;[1m"string"&amp#27;[0m&amp#27;[32m, &amp#27;[0m&amp#27;[32m&amp#27;[1m"base.url"&amp#27;[0m &amp#27;[90m# codechallenge.be.cucumber.serenityDefinitions.PetStoreDefinition.addProductPayload(java.lang.String,java.lang.String,java.lang.String,java.lang.String,java.lang.String,java.lang.String,java.lang.String,java.lang.String,java.lang.String)&amp#27;[0m
Request method:	PUT
Request URI:	https://petstore3.swagger.io/api/v3/pet
Proxy:			<none>
Request params:	<none>
Query params:	<none>
Form params:	<none>
Path params:	<none>
Headers:		Accept=*/*
				Content-Type=application/json; charset=UTF-8
Cookies:		<none>
Multiparts:		<none>
Body:
{
    "photoUrls": [
        "string"
    ],
    "name": "sockie",
    "id": "55",
    "category": {
        "name": "Cats",
        "id": "1"
    },
    "tags": [
        {
            "name": "string",
            "id": "0"
        }
    ],
    "status": "available"
}
HTTP/1.1 200 OK
Date: Tue, 30 Nov 2021 10:51:39 GMT
Content-Type: application/json
Content-Length: 137
Connection: keep-alive
Access-Control-Allow-Origin: *
Access-Control-Allow-Methods: GET, POST, DELETE, PUT
Access-Control-Allow-Headers: Content-Type, api_key, Authorization
Access-Control-Expose-Headers: Content-Disposition
Server: Jetty(9.4.9.v20180320)

{
    "id": 55,
    "category": {
        "id": 1,
        "name": "Cats"
    },
    "name": "sockie",
    "photoUrls": [
        "string"
    ],
    "tags": [
        {
            "id": 0,
            "name": "string"
        }
    ],
    "status": "available"
}
  &amp#27;[32mWhen &amp#27;[0m&amp#27;[32muser calls &amp#27;[0m&amp#27;[32m&amp#27;[1m"UpdatePetAPI"&amp#27;[0m&amp#27;[32m with &amp#27;[0m&amp#27;[32m&amp#27;[1m"PUT"&amp#27;[0m&amp#27;[32m http request&amp#27;[0m                                          &amp#27;[90m# codechallenge.be.cucumber.serenityDefinitions.PetStoreDefinition.serCallsWithPostHttpRequest(java.lang.String,java.lang.String)&amp#27;[0m
  &amp#27;[32mThen &amp#27;[0m&amp#27;[32mthe API call is successful with status code &amp#27;[0m&amp#27;[32m&amp#27;[1m200&amp#27;[0m                                            &amp#27;[90m# codechallenge.be.cucumber.serenityDefinitions.PetStoreDefinition.theAPICallIsSuccessfulWithStatusCode(int)&amp#27;[0m
  &amp#27;[32mAnd &amp#27;[0m&amp#27;[32mchecking if the &amp#27;[0m&amp#27;[32m&amp#27;[1m"category.name"&amp#27;[0m&amp#27;[32m of the pet created is &amp#27;[0m&amp#27;[32m&amp#27;[1m"Cats"&amp#27;[0m                                &amp#27;[90m# codechallenge.be.cucumber.serenityDefinitions.PetStoreDefinition.checkingTheOfTheProductCreated(java.lang.String,java.lang.String)&amp#27;[0m
]]></system-out>
    <system-err><![CDATA[[main] INFO io.cucumber.core.plugin.SerenityReporter - Running feature from file:///Users/kushwmeg/IdeaProjects/pet-store-automation/src/test/resources/features/api/UpdatePet.feature
]]></system-err>
  </testcase>
  <testcase name="Verify if the pet data is updated successfully in database #5" classname="Validating Update Pet API" time="3.599">
    <system-out><![CDATA[
Scenario Outline: Verify if the pet data is updated successfully in database                       &amp#27;[90m# src/test/resources/features/api/UpdatePet.feature:15&amp#27;[0m
  &amp#27;[32mGiven &amp#27;[0m&amp#27;[32mPet Payload &amp#27;[0m&amp#27;[32m&amp#27;[1m"88"&amp#27;[0m&amp#27;[32m, &amp#27;[0m&amp#27;[32m&amp#27;[1m"freakie"&amp#27;[0m&amp#27;[32m, &amp#27;[0m&amp#27;[32m&amp#27;[1m"available"&amp#27;[0m&amp#27;[32m, &amp#27;[0m&amp#27;[32m&amp#27;[1m"1"&amp#27;[0m&amp#27;[32m, &amp#27;[0m&amp#27;[32m&amp#27;[1m"Cats"&amp#27;[0m&amp#27;[32m, &amp#27;[0m&amp#27;[32m&amp#27;[1m"0"&amp#27;[0m&amp#27;[32m, &amp#27;[0m&amp#27;[32m&amp#27;[1m"string"&amp#27;[0m&amp#27;[32m, &amp#27;[0m&amp#27;[32m&amp#27;[1m"string"&amp#27;[0m&amp#27;[32m, &amp#27;[0m&amp#27;[32m&amp#27;[1m"base.url"&amp#27;[0m &amp#27;[90m# codechallenge.be.cucumber.serenityDefinitions.PetStoreDefinition.addProductPayload(java.lang.String,java.lang.String,java.lang.String,java.lang.String,java.lang.String,java.lang.String,java.lang.String,java.lang.String,java.lang.String)&amp#27;[0m
Request method:	PUT
Request URI:	https://petstore3.swagger.io/api/v3/pet
Proxy:			<none>
Request params:	<none>
Query params:	<none>
Form params:	<none>
Path params:	<none>
Headers:		Accept=*/*
				Content-Type=application/json; charset=UTF-8
Cookies:		<none>
Multiparts:		<none>
Body:
{
    "photoUrls": [
        "string"
    ],
    "name": "freakie",
    "id": "88",
    "category": {
        "name": "Cats",
        "id": "1"
    },
    "tags": [
        {
            "name": "string",
            "id": "0"
        }
    ],
    "status": "available"
}
HTTP/1.1 200 OK
Date: Tue, 30 Nov 2021 10:51:43 GMT
Content-Type: application/json
Content-Length: 138
Connection: keep-alive
Access-Control-Allow-Origin: *
Access-Control-Allow-Methods: GET, POST, DELETE, PUT
Access-Control-Allow-Headers: Content-Type, api_key, Authorization
Access-Control-Expose-Headers: Content-Disposition
Server: Jetty(9.4.9.v20180320)

{
    "id": 88,
    "category": {
        "id": 1,
        "name": "Cats"
    },
    "name": "freakie",
    "photoUrls": [
        "string"
    ],
    "tags": [
        {
            "id": 0,
            "name": "string"
        }
    ],
    "status": "available"
}
  &amp#27;[32mWhen &amp#27;[0m&amp#27;[32muser calls &amp#27;[0m&amp#27;[32m&amp#27;[1m"UpdatePetAPI"&amp#27;[0m&amp#27;[32m with &amp#27;[0m&amp#27;[32m&amp#27;[1m"PUT"&amp#27;[0m&amp#27;[32m http request&amp#27;[0m                                           &amp#27;[90m# codechallenge.be.cucumber.serenityDefinitions.PetStoreDefinition.serCallsWithPostHttpRequest(java.lang.String,java.lang.String)&amp#27;[0m
  &amp#27;[32mThen &amp#27;[0m&amp#27;[32mthe API call is successful with status code &amp#27;[0m&amp#27;[32m&amp#27;[1m200&amp#27;[0m                                             &amp#27;[90m# codechallenge.be.cucumber.serenityDefinitions.PetStoreDefinition.theAPICallIsSuccessfulWithStatusCode(int)&amp#27;[0m
  &amp#27;[32mAnd &amp#27;[0m&amp#27;[32mchecking if the &amp#27;[0m&amp#27;[32m&amp#27;[1m"category.name"&amp#27;[0m&amp#27;[32m of the pet created is &amp#27;[0m&amp#27;[32m&amp#27;[1m"Cats"&amp#27;[0m                                 &amp#27;[90m# codechallenge.be.cucumber.serenityDefinitions.PetStoreDefinition.checkingTheOfTheProductCreated(java.lang.String,java.lang.String)&amp#27;[0m
]]></system-out>
    <system-err><![CDATA[[main] INFO io.cucumber.core.plugin.SerenityReporter - Running feature from file:///Users/kushwmeg/IdeaProjects/pet-store-automation/src/test/resources/features/api/UpdatePet.feature
]]></system-err>
  </testcase>
  <testcase name="Verify if the pet data is updated successfully in database #6" classname="Validating Update Pet API" time="1.536">
    <system-out><![CDATA[
Scenario Outline: Verify if the pet data is updated successfully in database                       &amp#27;[90m# src/test/resources/features/api/UpdatePet.feature:16&amp#27;[0m
  &amp#27;[32mGiven &amp#27;[0m&amp#27;[32mPet Payload &amp#27;[0m&amp#27;[32m&amp#27;[1m"102"&amp#27;[0m&amp#27;[32m, &amp#27;[0m&amp#27;[32m&amp#27;[1m"sulkie"&amp#27;[0m&amp#27;[32m, &amp#27;[0m&amp#27;[32m&amp#27;[1m"available"&amp#27;[0m&amp#27;[32m, &amp#27;[0m&amp#27;[32m&amp#27;[1m"1"&amp#27;[0m&amp#27;[32m, &amp#27;[0m&amp#27;[32m&amp#27;[1m"Cats"&amp#27;[0m&amp#27;[32m, &amp#27;[0m&amp#27;[32m&amp#27;[1m"0"&amp#27;[0m&amp#27;[32m, &amp#27;[0m&amp#27;[32m&amp#27;[1m"string"&amp#27;[0m&amp#27;[32m, &amp#27;[0m&amp#27;[32m&amp#27;[1m"string"&amp#27;[0m&amp#27;[32m, &amp#27;[0m&amp#27;[32m&amp#27;[1m"base.url"&amp#27;[0m &amp#27;[90m# codechallenge.be.cucumber.serenityDefinitions.PetStoreDefinition.addProductPayload(java.lang.String,java.lang.String,java.lang.String,java.lang.String,java.lang.String,java.lang.String,java.lang.String,java.lang.String,java.lang.String)&amp#27;[0m
Request method:	PUT
Request URI:	https://petstore3.swagger.io/api/v3/pet
Proxy:			<none>
Request params:	<none>
Query params:	<none>
Form params:	<none>
Path params:	<none>
Headers:		Accept=*/*
				Content-Type=application/json; charset=UTF-8
Cookies:		<none>
Multiparts:		<none>
Body:
{
    "photoUrls": [
        "string"
    ],
    "name": "sulkie",
    "id": "102",
    "category": {
        "name": "Cats",
        "id": "1"
    },
    "tags": [
        {
            "name": "string",
            "id": "0"
        }
    ],
    "status": "available"
}
HTTP/1.1 200 OK
Date: Tue, 30 Nov 2021 10:51:44 GMT
Content-Type: application/json
Content-Length: 138
Connection: keep-alive
Access-Control-Allow-Origin: *
Access-Control-Allow-Methods: GET, POST, DELETE, PUT
Access-Control-Allow-Headers: Content-Type, api_key, Authorization
Access-Control-Expose-Headers: Content-Disposition
Server: Jetty(9.4.9.v20180320)

{
    "id": 102,
    "category": {
        "id": 1,
        "name": "Cats"
    },
    "name": "sulkie",
    "photoUrls": [
        "string"
    ],
    "tags": [
        {
            "id": 0,
            "name": "string"
        }
    ],
    "status": "available"
}
  &amp#27;[32mWhen &amp#27;[0m&amp#27;[32muser calls &amp#27;[0m&amp#27;[32m&amp#27;[1m"UpdatePetAPI"&amp#27;[0m&amp#27;[32m with &amp#27;[0m&amp#27;[32m&amp#27;[1m"PUT"&amp#27;[0m&amp#27;[32m http request&amp#27;[0m                                           &amp#27;[90m# codechallenge.be.cucumber.serenityDefinitions.PetStoreDefinition.serCallsWithPostHttpRequest(java.lang.String,java.lang.String)&amp#27;[0m
  &amp#27;[32mThen &amp#27;[0m&amp#27;[32mthe API call is successful with status code &amp#27;[0m&amp#27;[32m&amp#27;[1m200&amp#27;[0m                                             &amp#27;[90m# codechallenge.be.cucumber.serenityDefinitions.PetStoreDefinition.theAPICallIsSuccessfulWithStatusCode(int)&amp#27;[0m
  &amp#27;[32mAnd &amp#27;[0m&amp#27;[32mchecking if the &amp#27;[0m&amp#27;[32m&amp#27;[1m"category.name"&amp#27;[0m&amp#27;[32m of the pet created is &amp#27;[0m&amp#27;[32m&amp#27;[1m"Cats"&amp#27;[0m                                 &amp#27;[90m# codechallenge.be.cucumber.serenityDefinitions.PetStoreDefinition.checkingTheOfTheProductCreated(java.lang.String,java.lang.String)&amp#27;[0m
]]></system-out>
    <system-err><![CDATA[[main] INFO io.cucumber.core.plugin.SerenityReporter - Running feature from file:///Users/kushwmeg/IdeaProjects/pet-store-automation/src/test/resources/features/api/UpdatePet.feature
]]></system-err>
  </testcase>
</testsuite>